[1.113s] Invoking command in '/home/ryousuke/ros2_ws/src/mypkg': PYTHONPATH=/home/ryousuke/ros2_ws/build/mypkg/prefix_override:/home/ryousuke/ros2_ws/install/mypkg/lib/python3.8/site-packages:${PYTHONPATH} /usr/bin/python3 setup.py egg_info --egg-base ../../build/mypkg build --build-base /home/ryousuke/ros2_ws/build/mypkg/build install --record /home/ryousuke/ros2_ws/build/mypkg/install.log --install-scripts $base/lib/mypkg --single-version-externally-managed
[1.358s] running egg_info
[1.359s] creating ../../build/mypkg/mypkg.egg-info
[1.359s] writing ../../build/mypkg/mypkg.egg-info/PKG-INFO
[1.360s] writing dependency_links to ../../build/mypkg/mypkg.egg-info/dependency_links.txt
[1.361s] writing entry points to ../../build/mypkg/mypkg.egg-info/entry_points.txt
[1.361s] writing requirements to ../../build/mypkg/mypkg.egg-info/requires.txt
[1.361s] writing top-level names to ../../build/mypkg/mypkg.egg-info/top_level.txt
[1.384s] writing manifest file '../../build/mypkg/mypkg.egg-info/SOURCES.txt'
[1.419s] reading manifest file '../../build/mypkg/mypkg.egg-info/SOURCES.txt'
[1.419s] writing manifest file '../../build/mypkg/mypkg.egg-info/SOURCES.txt'
[1.420s] running build
[1.420s] running build_py
[1.420s] creating /home/ryousuke/ros2_ws/build/mypkg/build
[1.420s] creating /home/ryousuke/ros2_ws/build/mypkg/build/lib
[1.420s] creating /home/ryousuke/ros2_ws/build/mypkg/build/lib/mypkg
[1.421s] copying mypkg/__init__.py -> /home/ryousuke/ros2_ws/build/mypkg/build/lib/mypkg
[1.421s] running install
[1.422s] running install_lib
[1.423s] creating /home/ryousuke/ros2_ws/install/mypkg/lib/python3.8/site-packages/mypkg
[1.423s] copying /home/ryousuke/ros2_ws/build/mypkg/build/lib/mypkg/__init__.py -> /home/ryousuke/ros2_ws/install/mypkg/lib/python3.8/site-packages/mypkg
[1.424s] byte-compiling /home/ryousuke/ros2_ws/install/mypkg/lib/python3.8/site-packages/mypkg/__init__.py to __init__.cpython-38.pyc
[1.425s] running install_data
[1.426s] creating /home/ryousuke/ros2_ws/install/mypkg/share/ament_index
[1.426s] creating /home/ryousuke/ros2_ws/install/mypkg/share/ament_index/resource_index
[1.426s] creating /home/ryousuke/ros2_ws/install/mypkg/share/ament_index/resource_index/packages
[1.426s] copying resource/mypkg -> /home/ryousuke/ros2_ws/install/mypkg/share/ament_index/resource_index/packages
[1.426s] copying package.xml -> /home/ryousuke/ros2_ws/install/mypkg/share/mypkg
[1.427s] running install_egg_info
[1.428s] Copying ../../build/mypkg/mypkg.egg-info to /home/ryousuke/ros2_ws/install/mypkg/lib/python3.8/site-packages/mypkg-0.0.0-py3.8.egg-info
[1.429s] running install_scripts
[1.448s] writing list of installed files to '/home/ryousuke/ros2_ws/build/mypkg/install.log'
[1.475s] Invoked command in '/home/ryousuke/ros2_ws/src/mypkg' returned '0': PYTHONPATH=/home/ryousuke/ros2_ws/build/mypkg/prefix_override:/home/ryousuke/ros2_ws/install/mypkg/lib/python3.8/site-packages:${PYTHONPATH} /usr/bin/python3 setup.py egg_info --egg-base ../../build/mypkg build --build-base /home/ryousuke/ros2_ws/build/mypkg/build install --record /home/ryousuke/ros2_ws/build/mypkg/install.log --install-scripts $base/lib/mypkg --single-version-externally-managed
