[0.568s] Invoking command in '/home/ryousuke/ros2_ws/src/mypkg': PYTHONPATH=/home/ryousuke/ros2_ws/build/mypkg/prefix_override:/home/ryousuke/ros2_ws/install/mypkg/lib/python3.8/site-packages:${PYTHONPATH} /usr/bin/python3 setup.py egg_info --egg-base ../../build/mypkg build --build-base /home/ryousuke/ros2_ws/build/mypkg/build install --record /home/ryousuke/ros2_ws/build/mypkg/install.log --install-scripts $base/lib/mypkg --single-version-externally-managed
[0.691s] running egg_info
[0.691s] writing ../../build/mypkg/mypkg.egg-info/PKG-INFO
[0.691s] writing dependency_links to ../../build/mypkg/mypkg.egg-info/dependency_links.txt
[0.691s] writing entry points to ../../build/mypkg/mypkg.egg-info/entry_points.txt
[0.691s] writing requirements to ../../build/mypkg/mypkg.egg-info/requires.txt
[0.691s] writing top-level names to ../../build/mypkg/mypkg.egg-info/top_level.txt
[0.715s] reading manifest file '../../build/mypkg/mypkg.egg-info/SOURCES.txt'
[0.715s] writing manifest file '../../build/mypkg/mypkg.egg-info/SOURCES.txt'
[0.716s] running build
[0.716s] running build_py
[0.716s] copying mypkg/talker.py -> /home/ryousuke/ros2_ws/build/mypkg/build/lib/mypkg
[0.716s] running install
[0.716s] running install_lib
[0.717s] copying /home/ryousuke/ros2_ws/build/mypkg/build/lib/mypkg/talker.py -> /home/ryousuke/ros2_ws/install/mypkg/lib/python3.8/site-packages/mypkg
[0.717s] byte-compiling /home/ryousuke/ros2_ws/install/mypkg/lib/python3.8/site-packages/mypkg/talker.py to talker.cpython-38.pyc
[0.718s] running install_data
[0.718s]   File "/home/ryousuke/ros2_ws/install/mypkg/lib/python3.8/site-packages/mypkg/talker.py", line 1
[0.718s]     1 import rclpy                     #ROS 2のクライアントのためのライブラリ
[0.718s]       ^
[0.718s] SyntaxError: invalid syntax
[0.719s] 
[0.719s] running install_egg_info
[0.719s] removing '/home/ryousuke/ros2_ws/install/mypkg/lib/python3.8/site-packages/mypkg-0.0.0-py3.8.egg-info' (and everything under it)
[0.719s] Copying ../../build/mypkg/mypkg.egg-info to /home/ryousuke/ros2_ws/install/mypkg/lib/python3.8/site-packages/mypkg-0.0.0-py3.8.egg-info
[0.720s] running install_scripts
[0.732s] Installing talker script to /home/ryousuke/ros2_ws/install/mypkg/lib/mypkg
[0.732s] writing list of installed files to '/home/ryousuke/ros2_ws/build/mypkg/install.log'
[0.748s] Invoked command in '/home/ryousuke/ros2_ws/src/mypkg' returned '0': PYTHONPATH=/home/ryousuke/ros2_ws/build/mypkg/prefix_override:/home/ryousuke/ros2_ws/install/mypkg/lib/python3.8/site-packages:${PYTHONPATH} /usr/bin/python3 setup.py egg_info --egg-base ../../build/mypkg build --build-base /home/ryousuke/ros2_ws/build/mypkg/build install --record /home/ryousuke/ros2_ws/build/mypkg/install.log --install-scripts $base/lib/mypkg --single-version-externally-managed
