[1.195s] Invoking command in '/home/ryousuke/ros2_ws/src/mypkg': PYTHONPATH=/home/ryousuke/ros2_ws/build/mypkg/prefix_override:/home/ryousuke/ros2_ws/install/mypkg/lib/python3.8/site-packages:${PYTHONPATH} /usr/bin/python3 setup.py egg_info --egg-base ../../build/mypkg build --build-base /home/ryousuke/ros2_ws/build/mypkg/build install --record /home/ryousuke/ros2_ws/build/mypkg/install.log --install-scripts $base/lib/mypkg --single-version-externally-managed
[1.467s] running egg_info
[1.468s] writing ../../build/mypkg/mypkg.egg-info/PKG-INFO
[1.469s] writing dependency_links to ../../build/mypkg/mypkg.egg-info/dependency_links.txt
[1.469s] writing entry points to ../../build/mypkg/mypkg.egg-info/entry_points.txt
[1.470s] writing requirements to ../../build/mypkg/mypkg.egg-info/requires.txt
[1.470s] writing top-level names to ../../build/mypkg/mypkg.egg-info/top_level.txt
[1.511s] reading manifest file '../../build/mypkg/mypkg.egg-info/SOURCES.txt'
[1.512s] writing manifest file '../../build/mypkg/mypkg.egg-info/SOURCES.txt'
[1.513s] running build
[1.513s] running build_py
[1.513s] running install
[1.514s] running install_lib
[1.516s] running install_data
[1.517s] running install_egg_info
[1.519s] removing '/home/ryousuke/ros2_ws/install/mypkg/lib/python3.8/site-packages/mypkg-0.0.0-py3.8.egg-info' (and everything under it)
[1.520s] Copying ../../build/mypkg/mypkg.egg-info to /home/ryousuke/ros2_ws/install/mypkg/lib/python3.8/site-packages/mypkg-0.0.0-py3.8.egg-info
[1.521s] running install_scripts
[1.542s] Installing listener script to /home/ryousuke/ros2_ws/install/mypkg/lib/mypkg
[1.542s] Installing talker script to /home/ryousuke/ros2_ws/install/mypkg/lib/mypkg
[1.543s] writing list of installed files to '/home/ryousuke/ros2_ws/build/mypkg/install.log'
[1.568s] Invoked command in '/home/ryousuke/ros2_ws/src/mypkg' returned '0': PYTHONPATH=/home/ryousuke/ros2_ws/build/mypkg/prefix_override:/home/ryousuke/ros2_ws/install/mypkg/lib/python3.8/site-packages:${PYTHONPATH} /usr/bin/python3 setup.py egg_info --egg-base ../../build/mypkg build --build-base /home/ryousuke/ros2_ws/build/mypkg/build install --record /home/ryousuke/ros2_ws/build/mypkg/install.log --install-scripts $base/lib/mypkg --single-version-externally-managed
