[1.248s] Invoking command in '/home/ryousuke/ros2_ws/src/mypkg': PYTHONPATH=/home/ryousuke/ros2_ws/build/mypkg/prefix_override:/home/ryousuke/ros2_ws/install/mypkg/lib/python3.8/site-packages:${PYTHONPATH} /usr/bin/python3 setup.py egg_info --egg-base ../../build/mypkg build --build-base /home/ryousuke/ros2_ws/build/mypkg/build install --record /home/ryousuke/ros2_ws/build/mypkg/install.log --install-scripts $base/lib/mypkg --single-version-externally-managed
[1.516s] running egg_info
[1.517s] writing ../../build/mypkg/mypkg.egg-info/PKG-INFO
[1.517s] writing dependency_links to ../../build/mypkg/mypkg.egg-info/dependency_links.txt
[1.518s] writing entry points to ../../build/mypkg/mypkg.egg-info/entry_points.txt
[1.518s] writing requirements to ../../build/mypkg/mypkg.egg-info/requires.txt
[1.518s] writing top-level names to ../../build/mypkg/mypkg.egg-info/top_level.txt
[1.562s] reading manifest file '../../build/mypkg/mypkg.egg-info/SOURCES.txt'
[1.562s] writing manifest file '../../build/mypkg/mypkg.egg-info/SOURCES.txt'
[1.562s] running build
[1.563s] running build_py
[1.564s] copying mypkg/listener.py -> /home/ryousuke/ros2_ws/build/mypkg/build/lib/mypkg
[1.564s] running install
[1.564s] running install_lib
[1.564s] copying /home/ryousuke/ros2_ws/build/mypkg/build/lib/mypkg/listener.py -> /home/ryousuke/ros2_ws/install/mypkg/lib/python3.8/site-packages/mypkg
[1.566s] byte-compiling /home/ryousuke/ros2_ws/install/mypkg/lib/python3.8/site-packages/mypkg/listener.py to listener.cpython-38.pyc
[1.566s] running install_data
[1.568s] Sorry: IndentationError: unindent does not match any outer indentation level (listener.py, line 18)
[1.568s] running install_egg_info
[1.568s] removing '/home/ryousuke/ros2_ws/install/mypkg/lib/python3.8/site-packages/mypkg-0.0.0-py3.8.egg-info' (and everything under it)
[1.569s] Copying ../../build/mypkg/mypkg.egg-info to /home/ryousuke/ros2_ws/install/mypkg/lib/python3.8/site-packages/mypkg-0.0.0-py3.8.egg-info
[1.569s] running install_scripts
[1.596s] Installing listener script to /home/ryousuke/ros2_ws/install/mypkg/lib/mypkg
[1.596s] Installing talker script to /home/ryousuke/ros2_ws/install/mypkg/lib/mypkg
[1.596s] writing list of installed files to '/home/ryousuke/ros2_ws/build/mypkg/install.log'
[1.623s] Invoked command in '/home/ryousuke/ros2_ws/src/mypkg' returned '0': PYTHONPATH=/home/ryousuke/ros2_ws/build/mypkg/prefix_override:/home/ryousuke/ros2_ws/install/mypkg/lib/python3.8/site-packages:${PYTHONPATH} /usr/bin/python3 setup.py egg_info --egg-base ../../build/mypkg build --build-base /home/ryousuke/ros2_ws/build/mypkg/build install --record /home/ryousuke/ros2_ws/build/mypkg/install.log --install-scripts $base/lib/mypkg --single-version-externally-managed
