[0.985s] Invoking command in '/home/ryousuke/ros2_ws/src/mypkg': PYTHONPATH=/home/ryousuke/ros2_ws/build/mypkg/prefix_override:/home/ryousuke/ros2_ws/install/mypkg/lib/python3.8/site-packages:${PYTHONPATH} /usr/bin/python3 setup.py egg_info --egg-base ../../build/mypkg build --build-base /home/ryousuke/ros2_ws/build/mypkg/build install --record /home/ryousuke/ros2_ws/build/mypkg/install.log --install-scripts $base/lib/mypkg --single-version-externally-managed
[1.204s] running egg_info
[1.206s] writing ../../build/mypkg/mypkg.egg-info/PKG-INFO
[1.206s] writing dependency_links to ../../build/mypkg/mypkg.egg-info/dependency_links.txt
[1.206s] writing entry points to ../../build/mypkg/mypkg.egg-info/entry_points.txt
[1.207s] writing requirements to ../../build/mypkg/mypkg.egg-info/requires.txt
[1.208s] writing top-level names to ../../build/mypkg/mypkg.egg-info/top_level.txt
[1.252s] reading manifest file '../../build/mypkg/mypkg.egg-info/SOURCES.txt'
[1.255s] writing manifest file '../../build/mypkg/mypkg.egg-info/SOURCES.txt'
[1.256s] running build
[1.256s] running build_py
[1.256s] copying mypkg/listener.py -> /home/ryousuke/ros2_ws/build/mypkg/build/lib/mypkg
[1.256s] running install
[1.256s] running install_lib
[1.257s] copying /home/ryousuke/ros2_ws/build/mypkg/build/lib/mypkg/listener.py -> /home/ryousuke/ros2_ws/install/mypkg/lib/python3.8/site-packages/mypkg
[1.258s] byte-compiling /home/ryousuke/ros2_ws/install/mypkg/lib/python3.8/site-packages/mypkg/listener.py to listener.cpython-38.pyc
[1.260s] running install_data
[1.260s] running install_egg_info
[1.262s] removing '/home/ryousuke/ros2_ws/install/mypkg/lib/python3.8/site-packages/mypkg-0.0.0-py3.8.egg-info' (and everything under it)
[1.263s] Copying ../../build/mypkg/mypkg.egg-info to /home/ryousuke/ros2_ws/install/mypkg/lib/python3.8/site-packages/mypkg-0.0.0-py3.8.egg-info
[1.265s] running install_scripts
[1.283s] Installing listener script to /home/ryousuke/ros2_ws/install/mypkg/lib/mypkg
[1.285s] Installing talker script to /home/ryousuke/ros2_ws/install/mypkg/lib/mypkg
[1.286s] writing list of installed files to '/home/ryousuke/ros2_ws/build/mypkg/install.log'
[1.304s] Invoked command in '/home/ryousuke/ros2_ws/src/mypkg' returned '0': PYTHONPATH=/home/ryousuke/ros2_ws/build/mypkg/prefix_override:/home/ryousuke/ros2_ws/install/mypkg/lib/python3.8/site-packages:${PYTHONPATH} /usr/bin/python3 setup.py egg_info --egg-base ../../build/mypkg build --build-base /home/ryousuke/ros2_ws/build/mypkg/build install --record /home/ryousuke/ros2_ws/build/mypkg/install.log --install-scripts $base/lib/mypkg --single-version-externally-managed
