[1.793s] DEBUG:colcon:Command line arguments: ['/usr/bin/colcon', 'build']
[1.793s] DEBUG:colcon:Parsed command line arguments: Namespace(allow_overriding=[], ament_cmake_args=None, base_paths=['.'], build_base='build', catkin_cmake_args=None, catkin_skip_building_tests=False, cmake_args=None, cmake_clean_cache=False, cmake_clean_first=False, cmake_force_configure=False, cmake_target=None, cmake_target_skip_unavailable=False, continue_on_error=False, event_handlers=None, executor='parallel', ignore_user_meta=False, install_base='install', log_base=None, log_level=None, main=<bound method BuildVerb.main of <colcon_core.verb.build.BuildVerb object at 0x7f11fe8aa7c0>>, merge_install=False, metas=['./colcon.meta'], packages_above=None, packages_above_and_dependencies=None, packages_above_depth=None, packages_end=None, packages_ignore=None, packages_ignore_regex=None, packages_select=None, packages_select_build_failed=False, packages_select_by_dep=None, packages_select_regex=None, packages_select_test_failures=False, packages_skip=None, packages_skip_build_finished=False, packages_skip_by_dep=None, packages_skip_regex=None, packages_skip_test_passed=False, packages_skip_up_to=None, packages_start=None, packages_up_to=None, packages_up_to_regex=None, parallel_workers=8, paths=None, symlink_install=False, test_result_base=None, verb_extension=<colcon_core.verb.build.BuildVerb object at 0x7f11fe8aa7c0>, verb_name='build', verb_parser=<colcon_defaults.argument_parser.defaults.DefaultArgumentsDecorator object at 0x7f11fe4a4bb0>)
[1.869s] Level 1:colcon.colcon_core.package_discovery:discover_packages(colcon_meta) check parameters
[1.869s] Level 1:colcon.colcon_core.package_discovery:discover_packages(recursive) check parameters
[1.869s] Level 1:colcon.colcon_core.package_discovery:discover_packages(ignore) check parameters
[1.869s] Level 1:colcon.colcon_core.package_discovery:discover_packages(path) check parameters
[1.869s] Level 1:colcon.colcon_core.package_discovery:discover_packages(colcon_meta) discover
[1.869s] Level 1:colcon.colcon_core.package_discovery:discover_packages(recursive) discover
[1.869s] INFO:colcon.colcon_core.package_discovery:Crawling recursively for packages in '/home/ryousuke/ros2_ws'
[1.869s] Level 1:colcon.colcon_core.package_identification:_identify(.) by extensions ['ignore', 'ignore_ament_install']
[1.869s] Level 1:colcon.colcon_core.package_identification:_identify(.) by extension 'ignore'
[1.869s] Level 1:colcon.colcon_core.package_identification:_identify(.) by extension 'ignore_ament_install'
[1.869s] Level 1:colcon.colcon_core.package_identification:_identify(.) by extensions ['colcon_pkg']
[1.870s] Level 1:colcon.colcon_core.package_identification:_identify(.) by extension 'colcon_pkg'
[1.870s] Level 1:colcon.colcon_core.package_identification:_identify(.) by extensions ['colcon_meta']
[1.870s] Level 1:colcon.colcon_core.package_identification:_identify(.) by extension 'colcon_meta'
[1.870s] Level 1:colcon.colcon_core.package_identification:_identify(.) by extensions ['ros']
[1.870s] Level 1:colcon.colcon_core.package_identification:_identify(.) by extension 'ros'
[1.882s] Level 1:colcon.colcon_core.package_identification:_identify(.) by extensions ['cmake', 'python']
[1.882s] Level 1:colcon.colcon_core.package_identification:_identify(.) by extension 'cmake'
[1.882s] Level 1:colcon.colcon_core.package_identification:_identify(.) by extension 'python'
[1.882s] Level 1:colcon.colcon_core.package_identification:_identify(.) by extensions ['python_setup_py']
[1.882s] Level 1:colcon.colcon_core.package_identification:_identify(.) by extension 'python_setup_py'
[1.882s] Level 1:colcon.colcon_core.package_identification:_identify(build) by extensions ['ignore', 'ignore_ament_install']
[1.882s] Level 1:colcon.colcon_core.package_identification:_identify(build) by extension 'ignore'
[1.882s] Level 1:colcon.colcon_core.package_identification:_identify(build) ignored
[1.883s] Level 1:colcon.colcon_core.package_identification:_identify(install) by extensions ['ignore', 'ignore_ament_install']
[1.883s] Level 1:colcon.colcon_core.package_identification:_identify(install) by extension 'ignore'
[1.883s] Level 1:colcon.colcon_core.package_identification:_identify(install) ignored
[1.883s] Level 1:colcon.colcon_core.package_identification:_identify(log) by extensions ['ignore', 'ignore_ament_install']
[1.883s] Level 1:colcon.colcon_core.package_identification:_identify(log) by extension 'ignore'
[1.883s] Level 1:colcon.colcon_core.package_identification:_identify(log) ignored
[1.883s] Level 1:colcon.colcon_core.package_identification:_identify(src) by extensions ['ignore', 'ignore_ament_install']
[1.883s] Level 1:colcon.colcon_core.package_identification:_identify(src) by extension 'ignore'
[1.883s] Level 1:colcon.colcon_core.package_identification:_identify(src) by extension 'ignore_ament_install'
[1.883s] Level 1:colcon.colcon_core.package_identification:_identify(src) by extensions ['colcon_pkg']
[1.883s] Level 1:colcon.colcon_core.package_identification:_identify(src) by extension 'colcon_pkg'
[1.883s] Level 1:colcon.colcon_core.package_identification:_identify(src) by extensions ['colcon_meta']
[1.883s] Level 1:colcon.colcon_core.package_identification:_identify(src) by extension 'colcon_meta'
[1.883s] Level 1:colcon.colcon_core.package_identification:_identify(src) by extensions ['ros']
[1.883s] Level 1:colcon.colcon_core.package_identification:_identify(src) by extension 'ros'
[1.883s] Level 1:colcon.colcon_core.package_identification:_identify(src) by extensions ['cmake', 'python']
[1.883s] Level 1:colcon.colcon_core.package_identification:_identify(src) by extension 'cmake'
[1.883s] Level 1:colcon.colcon_core.package_identification:_identify(src) by extension 'python'
[1.883s] Level 1:colcon.colcon_core.package_identification:_identify(src) by extensions ['python_setup_py']
[1.883s] Level 1:colcon.colcon_core.package_identification:_identify(src) by extension 'python_setup_py'
[1.884s] Level 1:colcon.colcon_core.package_identification:_identify(src/mypkg) by extensions ['ignore', 'ignore_ament_install']
[1.884s] Level 1:colcon.colcon_core.package_identification:_identify(src/mypkg) by extension 'ignore'
[1.884s] Level 1:colcon.colcon_core.package_identification:_identify(src/mypkg) by extension 'ignore_ament_install'
[1.884s] Level 1:colcon.colcon_core.package_identification:_identify(src/mypkg) by extensions ['colcon_pkg']
[1.884s] Level 1:colcon.colcon_core.package_identification:_identify(src/mypkg) by extension 'colcon_pkg'
[1.884s] Level 1:colcon.colcon_core.package_identification:_identify(src/mypkg) by extensions ['colcon_meta']
[1.884s] Level 1:colcon.colcon_core.package_identification:_identify(src/mypkg) by extension 'colcon_meta'
[1.884s] Level 1:colcon.colcon_core.package_identification:_identify(src/mypkg) by extensions ['ros']
[1.884s] Level 1:colcon.colcon_core.package_identification:_identify(src/mypkg) by extension 'ros'
[1.885s] DEBUG:colcon.colcon_core.package_identification:Failed to parse potential ROS package manifest in'src/mypkg': Error(s) in package 'src/mypkg/package.xml':
The manifest contains invalid XML:
not well-formed (invalid token): line 10, column 47
[1.885s] Level 1:colcon.colcon_core.package_identification:_identify(src/mypkg) by extensions ['cmake', 'python']
[1.885s] Level 1:colcon.colcon_core.package_identification:_identify(src/mypkg) by extension 'cmake'
[1.885s] Level 1:colcon.colcon_core.package_identification:_identify(src/mypkg) by extension 'python'
[1.885s] DEBUG:colcon.colcon_core.package_identification:Python package in 'src/mypkg' passes arguments to the setup() function which requires a different identification extension than 'python'
[1.885s] Level 1:colcon.colcon_core.package_identification:_identify(src/mypkg) by extensions ['python_setup_py']
[1.885s] Level 1:colcon.colcon_core.package_identification:_identify(src/mypkg) by extension 'python_setup_py'
[2.078s] DEBUG:colcon.colcon_core.package_identification:Package 'src/mypkg' with type 'python' and name 'mypkg'
[2.078s] Level 1:colcon.colcon_core.package_identification:_identify(src/person_msgs) by extensions ['ignore', 'ignore_ament_install']
[2.078s] Level 1:colcon.colcon_core.package_identification:_identify(src/person_msgs) by extension 'ignore'
[2.078s] Level 1:colcon.colcon_core.package_identification:_identify(src/person_msgs) by extension 'ignore_ament_install'
[2.078s] Level 1:colcon.colcon_core.package_identification:_identify(src/person_msgs) by extensions ['colcon_pkg']
[2.078s] Level 1:colcon.colcon_core.package_identification:_identify(src/person_msgs) by extension 'colcon_pkg'
[2.078s] Level 1:colcon.colcon_core.package_identification:_identify(src/person_msgs) by extensions ['colcon_meta']
[2.078s] Level 1:colcon.colcon_core.package_identification:_identify(src/person_msgs) by extension 'colcon_meta'
[2.078s] Level 1:colcon.colcon_core.package_identification:_identify(src/person_msgs) by extensions ['ros']
[2.078s] Level 1:colcon.colcon_core.package_identification:_identify(src/person_msgs) by extension 'ros'
[2.081s] DEBUG:colcon.colcon_core.package_identification:Package 'src/person_msgs' with type 'ros.ament_cmake' and name 'person_msgs'
[2.081s] Level 1:colcon.colcon_core.package_discovery:discover_packages(recursive) using defaults
[2.081s] Level 1:colcon.colcon_core.package_discovery:discover_packages(ignore) discover
[2.081s] Level 1:colcon.colcon_core.package_discovery:discover_packages(ignore) using defaults
[2.081s] Level 1:colcon.colcon_core.package_discovery:discover_packages(path) discover
[2.081s] Level 1:colcon.colcon_core.package_discovery:discover_packages(path) using defaults
[2.250s] Level 1:colcon.colcon_core.package_discovery:discover_packages(prefix_path) check parameters
[2.251s] Level 1:colcon.colcon_core.package_discovery:discover_packages(prefix_path) discover
[2.307s] DEBUG:colcon.colcon_installed_package_information.package_discovery:Found 2 installed packages in /home/ryousuke/ros2_ws/install
[2.338s] DEBUG:colcon.colcon_installed_package_information.package_discovery:Found 256 installed packages in /opt/ros/foxy
[2.339s] Level 1:colcon.colcon_core.package_discovery:discover_packages(prefix_path) using defaults
[2.486s] Level 5:colcon.colcon_core.verb:set package 'mypkg' build argument 'cmake_args' from command line to 'None'
[2.486s] Level 5:colcon.colcon_core.verb:set package 'mypkg' build argument 'cmake_target' from command line to 'None'
[2.486s] Level 5:colcon.colcon_core.verb:set package 'mypkg' build argument 'cmake_target_skip_unavailable' from command line to 'False'
[2.486s] Level 5:colcon.colcon_core.verb:set package 'mypkg' build argument 'cmake_clean_cache' from command line to 'False'
[2.486s] Level 5:colcon.colcon_core.verb:set package 'mypkg' build argument 'cmake_clean_first' from command line to 'False'
[2.486s] Level 5:colcon.colcon_core.verb:set package 'mypkg' build argument 'cmake_force_configure' from command line to 'False'
[2.486s] Level 5:colcon.colcon_core.verb:set package 'mypkg' build argument 'ament_cmake_args' from command line to 'None'
[2.486s] Level 5:colcon.colcon_core.verb:set package 'mypkg' build argument 'catkin_cmake_args' from command line to 'None'
[2.486s] Level 5:colcon.colcon_core.verb:set package 'mypkg' build argument 'catkin_skip_building_tests' from command line to 'False'
[2.486s] DEBUG:colcon.colcon_core.verb:Building package 'mypkg' with the following arguments: {'ament_cmake_args': None, 'build_base': '/home/ryousuke/ros2_ws/build/mypkg', 'catkin_cmake_args': None, 'catkin_skip_building_tests': False, 'cmake_args': None, 'cmake_clean_cache': False, 'cmake_clean_first': False, 'cmake_force_configure': False, 'cmake_target': None, 'cmake_target_skip_unavailable': False, 'install_base': '/home/ryousuke/ros2_ws/install/mypkg', 'merge_install': False, 'path': '/home/ryousuke/ros2_ws/src/mypkg', 'symlink_install': False, 'test_result_base': None}
[2.531s] Level 5:colcon.colcon_core.verb:set package 'person_msgs' build argument 'cmake_args' from command line to 'None'
[2.532s] Level 5:colcon.colcon_core.verb:set package 'person_msgs' build argument 'cmake_target' from command line to 'None'
[2.532s] Level 5:colcon.colcon_core.verb:set package 'person_msgs' build argument 'cmake_target_skip_unavailable' from command line to 'False'
[2.532s] Level 5:colcon.colcon_core.verb:set package 'person_msgs' build argument 'cmake_clean_cache' from command line to 'False'
[2.532s] Level 5:colcon.colcon_core.verb:set package 'person_msgs' build argument 'cmake_clean_first' from command line to 'False'
[2.532s] Level 5:colcon.colcon_core.verb:set package 'person_msgs' build argument 'cmake_force_configure' from command line to 'False'
[2.532s] Level 5:colcon.colcon_core.verb:set package 'person_msgs' build argument 'ament_cmake_args' from command line to 'None'
[2.532s] Level 5:colcon.colcon_core.verb:set package 'person_msgs' build argument 'catkin_cmake_args' from command line to 'None'
[2.532s] Level 5:colcon.colcon_core.verb:set package 'person_msgs' build argument 'catkin_skip_building_tests' from command line to 'False'
[2.533s] DEBUG:colcon.colcon_core.verb:Building package 'person_msgs' with the following arguments: {'ament_cmake_args': None, 'build_base': '/home/ryousuke/ros2_ws/build/person_msgs', 'catkin_cmake_args': None, 'catkin_skip_building_tests': False, 'cmake_args': None, 'cmake_clean_cache': False, 'cmake_clean_first': False, 'cmake_force_configure': False, 'cmake_target': None, 'cmake_target_skip_unavailable': False, 'install_base': '/home/ryousuke/ros2_ws/install/person_msgs', 'merge_install': False, 'path': '/home/ryousuke/ros2_ws/src/person_msgs', 'symlink_install': False, 'test_result_base': None}
[2.571s] INFO:colcon.colcon_core.executor:Executing jobs using 'parallel' executor
[2.617s] DEBUG:colcon.colcon_parallel_executor.executor.parallel:run_until_complete
[2.617s] INFO:colcon.colcon_core.task.python.build:Building Python package in '/home/ryousuke/ros2_ws/src/mypkg'
[2.660s] INFO:colcon.colcon_core.plugin_system:Skipping extension 'colcon_core.shell.bat': Not used on non-Windows systems
[2.660s] INFO:colcon.colcon_core.shell:Skip shell extension 'powershell' for command environment: Not usable outside of PowerShell
[2.660s] DEBUG:colcon.colcon_core.shell:Skip shell extension 'dsv' for command environment
[2.783s] INFO:colcon.colcon_ros.task.ament_cmake.build:Building ROS package in '/home/ryousuke/ros2_ws/src/person_msgs' with build type 'ament_cmake'
[2.783s] INFO:colcon.colcon_cmake.task.cmake.build:Building CMake package in '/home/ryousuke/ros2_ws/src/person_msgs'
[2.816s] INFO:colcon.colcon_core.shell:Skip shell extension 'powershell' for command environment: Not usable outside of PowerShell
[2.816s] DEBUG:colcon.colcon_core.shell:Skip shell extension 'dsv' for command environment
[3.137s] DEBUG:colcon.colcon_core.event_handler.log_command:Invoking command in '/home/ryousuke/ros2_ws/build/person_msgs': CMAKE_PREFIX_PATH=${CMAKE_PREFIX_PATH}:/home/ryousuke/ros2_ws/install/mypkg:/opt/ros/foxy /usr/bin/cmake --build /home/ryousuke/ros2_ws/build/person_msgs -- -j8 -l8
[3.632s] DEBUG:colcon.colcon_core.event_handler.log_command:Invoking command in '/home/ryousuke/ros2_ws/src/mypkg': PYTHONPATH=/home/ryousuke/ros2_ws/build/mypkg/prefix_override:/home/ryousuke/ros2_ws/install/mypkg/lib/python3.8/site-packages:${PYTHONPATH} /usr/bin/python3 setup.py egg_info --egg-base ../../build/mypkg build --build-base /home/ryousuke/ros2_ws/build/mypkg/build install --record /home/ryousuke/ros2_ws/build/mypkg/install.log --install-scripts $base/lib/mypkg --single-version-externally-managed
[4.010s] DEBUG:colcon.colcon_core.event_handler.log_command:Invoked command in '/home/ryousuke/ros2_ws/src/mypkg' returned '0': PYTHONPATH=/home/ryousuke/ros2_ws/build/mypkg/prefix_override:/home/ryousuke/ros2_ws/install/mypkg/lib/python3.8/site-packages:${PYTHONPATH} /usr/bin/python3 setup.py egg_info --egg-base ../../build/mypkg build --build-base /home/ryousuke/ros2_ws/build/mypkg/build install --record /home/ryousuke/ros2_ws/build/mypkg/install.log --install-scripts $base/lib/mypkg --single-version-externally-managed
[4.096s] Level 1:colcon.colcon_core.environment:checking '/home/ryousuke/ros2_ws/install/mypkg' for CMake module files
[4.097s] Level 1:colcon.colcon_core.environment:checking '/home/ryousuke/ros2_ws/install/mypkg' for CMake config files
[4.099s] Level 1:colcon.colcon_core.environment:checking '/home/ryousuke/ros2_ws/install/mypkg/lib'
[4.099s] Level 1:colcon.colcon_core.environment:checking '/home/ryousuke/ros2_ws/install/mypkg/bin'
[4.099s] Level 1:colcon.colcon_core.environment:checking '/home/ryousuke/ros2_ws/install/mypkg/lib/pkgconfig/mypkg.pc'
[4.100s] Level 1:colcon.colcon_core.environment:checking '/home/ryousuke/ros2_ws/install/mypkg/lib/python3.8/site-packages'
[4.100s] Level 1:colcon.colcon_core.shell:create_environment_hook('mypkg', 'pythonpath')
[4.143s] INFO:colcon.colcon_core.shell:Creating environment hook '/home/ryousuke/ros2_ws/install/mypkg/share/mypkg/hook/pythonpath.ps1'
[4.145s] INFO:colcon.colcon_core.shell:Creating environment descriptor '/home/ryousuke/ros2_ws/install/mypkg/share/mypkg/hook/pythonpath.dsv'
[4.146s] INFO:colcon.colcon_core.shell:Creating environment hook '/home/ryousuke/ros2_ws/install/mypkg/share/mypkg/hook/pythonpath.sh'
[4.147s] Level 1:colcon.colcon_core.environment:checking '/home/ryousuke/ros2_ws/install/mypkg/bin'
[4.147s] Level 1:colcon.colcon_core.environment:create_environment_scripts_only(mypkg)
[4.207s] INFO:colcon.colcon_core.shell:Creating package script '/home/ryousuke/ros2_ws/install/mypkg/share/mypkg/package.ps1'
[4.208s] INFO:colcon.colcon_core.shell:Creating package descriptor '/home/ryousuke/ros2_ws/install/mypkg/share/mypkg/package.dsv'
[4.208s] INFO:colcon.colcon_core.shell:Creating package script '/home/ryousuke/ros2_ws/install/mypkg/share/mypkg/package.sh'
[4.209s] INFO:colcon.colcon_core.shell:Creating package script '/home/ryousuke/ros2_ws/install/mypkg/share/mypkg/package.bash'
[4.210s] INFO:colcon.colcon_core.shell:Creating package script '/home/ryousuke/ros2_ws/install/mypkg/share/mypkg/package.zsh'
[4.211s] Level 1:colcon.colcon_core.environment:create_file_with_runtime_dependencies(/home/ryousuke/ros2_ws/install/mypkg/share/colcon-core/packages/mypkg)
[16.460s] DEBUG:colcon.colcon_core.event_handler.log_command:Invoked command in '/home/ryousuke/ros2_ws/build/person_msgs' returned '0': CMAKE_PREFIX_PATH=${CMAKE_PREFIX_PATH}:/home/ryousuke/ros2_ws/install/mypkg:/opt/ros/foxy /usr/bin/cmake --build /home/ryousuke/ros2_ws/build/person_msgs -- -j8 -l8
[16.530s] DEBUG:colcon.colcon_core.event_handler.log_command:Invoking command in '/home/ryousuke/ros2_ws/build/person_msgs': CMAKE_PREFIX_PATH=${CMAKE_PREFIX_PATH}:/home/ryousuke/ros2_ws/install/mypkg:/opt/ros/foxy /usr/bin/cmake --install /home/ryousuke/ros2_ws/build/person_msgs
[16.595s] Level 1:colcon.colcon_core.environment:create_environment_scripts_only(person_msgs)
[16.596s] DEBUG:colcon.colcon_core.event_handler.log_command:Invoked command in '/home/ryousuke/ros2_ws/build/person_msgs' returned '0': CMAKE_PREFIX_PATH=${CMAKE_PREFIX_PATH}:/home/ryousuke/ros2_ws/install/mypkg:/opt/ros/foxy /usr/bin/cmake --install /home/ryousuke/ros2_ws/build/person_msgs
[16.635s] Level 1:colcon.colcon_core.environment:checking '/home/ryousuke/ros2_ws/install/person_msgs' for CMake module files
[16.636s] Level 1:colcon.colcon_core.environment:checking '/home/ryousuke/ros2_ws/install/person_msgs' for CMake config files
[16.637s] Level 1:colcon.colcon_core.shell:create_environment_hook('person_msgs', 'cmake_prefix_path')
[16.667s] INFO:colcon.colcon_core.shell:Creating environment hook '/home/ryousuke/ros2_ws/install/person_msgs/share/person_msgs/hook/cmake_prefix_path.ps1'
[16.668s] INFO:colcon.colcon_core.shell:Creating environment descriptor '/home/ryousuke/ros2_ws/install/person_msgs/share/person_msgs/hook/cmake_prefix_path.dsv'
[16.668s] INFO:colcon.colcon_core.shell:Creating environment hook '/home/ryousuke/ros2_ws/install/person_msgs/share/person_msgs/hook/cmake_prefix_path.sh'
[16.669s] Level 1:colcon.colcon_core.environment:checking '/home/ryousuke/ros2_ws/install/person_msgs/lib'
[16.669s] Level 1:colcon.colcon_core.shell:create_environment_hook('person_msgs', 'ld_library_path_lib')
[16.697s] INFO:colcon.colcon_core.shell:Creating environment hook '/home/ryousuke/ros2_ws/install/person_msgs/share/person_msgs/hook/ld_library_path_lib.ps1'
[16.698s] INFO:colcon.colcon_core.shell:Creating environment descriptor '/home/ryousuke/ros2_ws/install/person_msgs/share/person_msgs/hook/ld_library_path_lib.dsv'
[16.698s] INFO:colcon.colcon_core.shell:Creating environment hook '/home/ryousuke/ros2_ws/install/person_msgs/share/person_msgs/hook/ld_library_path_lib.sh'
[16.699s] Level 1:colcon.colcon_core.environment:checking '/home/ryousuke/ros2_ws/install/person_msgs/bin'
[16.699s] Level 1:colcon.colcon_core.environment:checking '/home/ryousuke/ros2_ws/install/person_msgs/lib/pkgconfig/person_msgs.pc'
[16.699s] Level 1:colcon.colcon_core.environment:checking '/home/ryousuke/ros2_ws/install/person_msgs/lib/python3.8/site-packages'
[16.699s] Level 1:colcon.colcon_core.shell:create_environment_hook('person_msgs', 'pythonpath')
[16.728s] INFO:colcon.colcon_core.shell:Creating environment hook '/home/ryousuke/ros2_ws/install/person_msgs/share/person_msgs/hook/pythonpath.ps1'
[16.729s] INFO:colcon.colcon_core.shell:Creating environment descriptor '/home/ryousuke/ros2_ws/install/person_msgs/share/person_msgs/hook/pythonpath.dsv'
[16.729s] INFO:colcon.colcon_core.shell:Creating environment hook '/home/ryousuke/ros2_ws/install/person_msgs/share/person_msgs/hook/pythonpath.sh'
[16.730s] Level 1:colcon.colcon_core.environment:checking '/home/ryousuke/ros2_ws/install/person_msgs/bin'
[16.759s] INFO:colcon.colcon_core.shell:Creating package script '/home/ryousuke/ros2_ws/install/person_msgs/share/person_msgs/package.ps1'
[16.760s] INFO:colcon.colcon_core.shell:Creating package descriptor '/home/ryousuke/ros2_ws/install/person_msgs/share/person_msgs/package.dsv'
[16.760s] INFO:colcon.colcon_core.shell:Creating package script '/home/ryousuke/ros2_ws/install/person_msgs/share/person_msgs/package.sh'
[16.761s] INFO:colcon.colcon_core.shell:Creating package script '/home/ryousuke/ros2_ws/install/person_msgs/share/person_msgs/package.bash'
[16.761s] INFO:colcon.colcon_core.shell:Creating package script '/home/ryousuke/ros2_ws/install/person_msgs/share/person_msgs/package.zsh'
[16.762s] Level 1:colcon.colcon_core.environment:create_file_with_runtime_dependencies(/home/ryousuke/ros2_ws/install/person_msgs/share/colcon-core/packages/person_msgs)
[16.849s] Level 1:colcon.colcon_core.environment:create_environment_scripts_only(person_msgs)
[16.879s] Level 1:colcon.colcon_core.environment:checking '/home/ryousuke/ros2_ws/install/person_msgs' for CMake module files
[16.880s] Level 1:colcon.colcon_core.environment:checking '/home/ryousuke/ros2_ws/install/person_msgs' for CMake config files
[16.880s] Level 1:colcon.colcon_core.shell:create_environment_hook('person_msgs', 'cmake_prefix_path')
[16.914s] INFO:colcon.colcon_core.shell:Creating environment hook '/home/ryousuke/ros2_ws/install/person_msgs/share/person_msgs/hook/cmake_prefix_path.ps1'
[16.915s] INFO:colcon.colcon_core.shell:Creating environment descriptor '/home/ryousuke/ros2_ws/install/person_msgs/share/person_msgs/hook/cmake_prefix_path.dsv'
[16.916s] INFO:colcon.colcon_core.shell:Creating environment hook '/home/ryousuke/ros2_ws/install/person_msgs/share/person_msgs/hook/cmake_prefix_path.sh'
[16.916s] Level 1:colcon.colcon_core.environment:checking '/home/ryousuke/ros2_ws/install/person_msgs/lib'
[16.916s] Level 1:colcon.colcon_core.shell:create_environment_hook('person_msgs', 'ld_library_path_lib')
[16.944s] INFO:colcon.colcon_core.shell:Creating environment hook '/home/ryousuke/ros2_ws/install/person_msgs/share/person_msgs/hook/ld_library_path_lib.ps1'
[16.945s] INFO:colcon.colcon_core.shell:Creating environment descriptor '/home/ryousuke/ros2_ws/install/person_msgs/share/person_msgs/hook/ld_library_path_lib.dsv'
[16.945s] INFO:colcon.colcon_core.shell:Creating environment hook '/home/ryousuke/ros2_ws/install/person_msgs/share/person_msgs/hook/ld_library_path_lib.sh'
[16.946s] Level 1:colcon.colcon_core.environment:checking '/home/ryousuke/ros2_ws/install/person_msgs/bin'
[16.946s] Level 1:colcon.colcon_core.environment:checking '/home/ryousuke/ros2_ws/install/person_msgs/lib/pkgconfig/person_msgs.pc'
[16.946s] Level 1:colcon.colcon_core.environment:checking '/home/ryousuke/ros2_ws/install/person_msgs/lib/python3.8/site-packages'
[16.946s] Level 1:colcon.colcon_core.shell:create_environment_hook('person_msgs', 'pythonpath')
[16.973s] INFO:colcon.colcon_core.shell:Creating environment hook '/home/ryousuke/ros2_ws/install/person_msgs/share/person_msgs/hook/pythonpath.ps1'
[16.973s] INFO:colcon.colcon_core.shell:Creating environment descriptor '/home/ryousuke/ros2_ws/install/person_msgs/share/person_msgs/hook/pythonpath.dsv'
[16.974s] INFO:colcon.colcon_core.shell:Creating environment hook '/home/ryousuke/ros2_ws/install/person_msgs/share/person_msgs/hook/pythonpath.sh'
[16.974s] Level 1:colcon.colcon_core.environment:checking '/home/ryousuke/ros2_ws/install/person_msgs/bin'
[17.003s] INFO:colcon.colcon_core.shell:Creating package script '/home/ryousuke/ros2_ws/install/person_msgs/share/person_msgs/package.ps1'
[17.003s] INFO:colcon.colcon_core.shell:Creating package descriptor '/home/ryousuke/ros2_ws/install/person_msgs/share/person_msgs/package.dsv'
[17.004s] INFO:colcon.colcon_core.shell:Creating package script '/home/ryousuke/ros2_ws/install/person_msgs/share/person_msgs/package.sh'
[17.005s] INFO:colcon.colcon_core.shell:Creating package script '/home/ryousuke/ros2_ws/install/person_msgs/share/person_msgs/package.bash'
[17.006s] INFO:colcon.colcon_core.shell:Creating package script '/home/ryousuke/ros2_ws/install/person_msgs/share/person_msgs/package.zsh'
[17.006s] Level 1:colcon.colcon_core.environment:create_file_with_runtime_dependencies(/home/ryousuke/ros2_ws/install/person_msgs/share/colcon-core/packages/person_msgs)
[17.007s] DEBUG:colcon.colcon_parallel_executor.executor.parallel:closing loop
[17.008s] DEBUG:colcon.colcon_parallel_executor.executor.parallel:loop closed
[17.008s] DEBUG:colcon.colcon_parallel_executor.executor.parallel:run_until_complete finished with '0'
[17.008s] DEBUG:colcon.colcon_core.event_reactor:joining thread
[17.079s] INFO:colcon.colcon_core.plugin_system:Skipping extension 'colcon_notification.desktop_notification.notify_send': Could not find 'notify-send'
[17.080s] INFO:colcon.colcon_core.plugin_system:Skipping extension 'colcon_notification.desktop_notification.terminal_notifier': Not used on non-Darwin systems
[17.080s] INFO:colcon.colcon_core.plugin_system:Skipping extension 'colcon_notification.desktop_notification.win32': Not used on non-Windows systems
[17.080s] INFO:colcon.colcon_notification.desktop_notification:Sending desktop notification using 'notify2'
[17.087s] DEBUG:colcon.colcon_notification.desktop_notification.notify2:Failed to initialize notify2: org.freedesktop.DBus.Error.ServiceUnknown: The name org.freedesktop.Notifications was not provided by any .service files
[17.088s] DEBUG:colcon.colcon_core.event_reactor:joined thread
[17.118s] INFO:colcon.colcon_core.shell:Creating prefix script '/home/ryousuke/ros2_ws/install/local_setup.ps1'
[17.120s] INFO:colcon.colcon_core.shell:Creating prefix util module '/home/ryousuke/ros2_ws/install/_local_setup_util_ps1.py'
[17.121s] INFO:colcon.colcon_core.shell:Creating prefix chain script '/home/ryousuke/ros2_ws/install/setup.ps1'
[17.154s] INFO:colcon.colcon_core.shell:Creating prefix script '/home/ryousuke/ros2_ws/install/local_setup.sh'
[17.155s] INFO:colcon.colcon_core.shell:Creating prefix util module '/home/ryousuke/ros2_ws/install/_local_setup_util_sh.py'
[17.156s] INFO:colcon.colcon_core.shell:Creating prefix chain script '/home/ryousuke/ros2_ws/install/setup.sh'
[17.183s] INFO:colcon.colcon_core.shell:Creating prefix script '/home/ryousuke/ros2_ws/install/local_setup.bash'
[17.184s] INFO:colcon.colcon_core.shell:Creating prefix chain script '/home/ryousuke/ros2_ws/install/setup.bash'
[17.211s] INFO:colcon.colcon_core.shell:Creating prefix script '/home/ryousuke/ros2_ws/install/local_setup.zsh'
[17.211s] INFO:colcon.colcon_core.shell:Creating prefix chain script '/home/ryousuke/ros2_ws/install/setup.zsh'
