[0.575s] Invoking command in '/home/ryousuke/ros2_ws/build/person_msgs': CMAKE_PREFIX_PATH=${CMAKE_PREFIX_PATH}:/home/ryousuke/ros2_ws/install/mypkg:/opt/ros/foxy /usr/bin/cmake --build /home/ryousuke/ros2_ws/build/person_msgs -- -j8 -l8
[0.726s] [  3%] Built target person_msgs__cpp
[0.733s] [ 12%] Built target person_msgs__rosidl_generator_c
[0.762s] [ 22%] Built target person_msgs__rosidl_typesupport_cpp
[0.767s] [ 32%] Built target person_msgs__rosidl_typesupport_c
[0.772s] [ 41%] Built target person_msgs__rosidl_typesupport_introspection_c
[0.775s] [ 51%] Built target person_msgs__rosidl_typesupport_fastrtps_cpp
[0.778s] [ 61%] Built target person_msgs__rosidl_typesupport_introspection_cpp
[0.810s] [ 70%] Built target person_msgs__rosidl_typesupport_fastrtps_c
[0.832s] [ 70%] Built target person_msgs
[0.855s] [ 74%] Built target person_msgs__py
[0.885s] [ 80%] Built target person_msgs__python
[0.914s] [ 87%] Built target person_msgs__rosidl_typesupport_c__pyext
[0.918s] [ 93%] Built target person_msgs__rosidl_typesupport_fastrtps_c__pyext
[0.920s] [100%] Built target person_msgs__rosidl_typesupport_introspection_c__pyext
[0.935s] Invoked command in '/home/ryousuke/ros2_ws/build/person_msgs' returned '0': CMAKE_PREFIX_PATH=${CMAKE_PREFIX_PATH}:/home/ryousuke/ros2_ws/install/mypkg:/opt/ros/foxy /usr/bin/cmake --build /home/ryousuke/ros2_ws/build/person_msgs -- -j8 -l8
[1.010s] Invoking command in '/home/ryousuke/ros2_ws/build/person_msgs': CMAKE_PREFIX_PATH=${CMAKE_PREFIX_PATH}:/home/ryousuke/ros2_ws/install/mypkg:/opt/ros/foxy /usr/bin/cmake --install /home/ryousuke/ros2_ws/build/person_msgs
[1.020s] -- Install configuration: ""
[1.021s] -- Up-to-date: /home/ryousuke/ros2_ws/install/person_msgs/share/ament_index/resource_index/rosidl_interfaces/person_msgs
[1.021s] -- Up-to-date: /home/ryousuke/ros2_ws/install/person_msgs/include/person_msgs
[1.022s] -- Up-to-date: /home/ryousuke/ros2_ws/install/person_msgs/include/person_msgs/msg
[1.022s] -- Up-to-date: /home/ryousuke/ros2_ws/install/person_msgs/include/person_msgs/msg/person.h
[1.022s] -- Up-to-date: /home/ryousuke/ros2_ws/install/person_msgs/include/person_msgs/msg/rosidl_generator_c__visibility_control.h
[1.022s] -- Up-to-date: /home/ryousuke/ros2_ws/install/person_msgs/include/person_msgs/msg/detail
[1.023s] -- Up-to-date: /home/ryousuke/ros2_ws/install/person_msgs/include/person_msgs/msg/detail/person__functions.c
[1.023s] -- Up-to-date: /home/ryousuke/ros2_ws/install/person_msgs/include/person_msgs/msg/detail/person__type_support.h
[1.023s] -- Up-to-date: /home/ryousuke/ros2_ws/install/person_msgs/include/person_msgs/msg/detail/person__functions.h
[1.023s] -- Up-to-date: /home/ryousuke/ros2_ws/install/person_msgs/include/person_msgs/msg/detail/person__struct.h
[1.023s] -- Up-to-date: /home/ryousuke/ros2_ws/install/person_msgs/share/person_msgs/environment/library_path.sh
[1.023s] -- Up-to-date: /home/ryousuke/ros2_ws/install/person_msgs/share/person_msgs/environment/library_path.dsv
[1.023s] -- Up-to-date: /home/ryousuke/ros2_ws/install/person_msgs/lib/libperson_msgs__rosidl_generator_c.so
[1.024s] -- Up-to-date: /home/ryousuke/ros2_ws/install/person_msgs/include/person_msgs
[1.024s] -- Up-to-date: /home/ryousuke/ros2_ws/install/person_msgs/include/person_msgs/msg
[1.024s] -- Up-to-date: /home/ryousuke/ros2_ws/install/person_msgs/include/person_msgs/msg/rosidl_typesupport_fastrtps_c__visibility_control.h
[1.024s] -- Up-to-date: /home/ryousuke/ros2_ws/install/person_msgs/include/person_msgs/msg/detail
[1.024s] -- Up-to-date: /home/ryousuke/ros2_ws/install/person_msgs/include/person_msgs/msg/detail/person__rosidl_typesupport_fastrtps_c.h
[1.024s] -- Up-to-date: /home/ryousuke/ros2_ws/install/person_msgs/lib/libperson_msgs__rosidl_typesupport_fastrtps_c.so
[1.025s] -- Up-to-date: /home/ryousuke/ros2_ws/install/person_msgs/include/person_msgs
[1.025s] -- Up-to-date: /home/ryousuke/ros2_ws/install/person_msgs/include/person_msgs/msg
[1.025s] -- Up-to-date: /home/ryousuke/ros2_ws/install/person_msgs/include/person_msgs/msg/rosidl_typesupport_fastrtps_cpp__visibility_control.h
[1.025s] -- Up-to-date: /home/ryousuke/ros2_ws/install/person_msgs/include/person_msgs/msg/detail
[1.025s] -- Up-to-date: /home/ryousuke/ros2_ws/install/person_msgs/include/person_msgs/msg/detail/dds_fastrtps
[1.025s] -- Up-to-date: /home/ryousuke/ros2_ws/install/person_msgs/include/person_msgs/msg/detail/person__rosidl_typesupport_fastrtps_cpp.hpp
[1.026s] -- Up-to-date: /home/ryousuke/ros2_ws/install/person_msgs/lib/libperson_msgs__rosidl_typesupport_fastrtps_cpp.so
[1.026s] -- Up-to-date: /home/ryousuke/ros2_ws/install/person_msgs/include/person_msgs
[1.026s] -- Up-to-date: /home/ryousuke/ros2_ws/install/person_msgs/include/person_msgs/msg
[1.026s] -- Up-to-date: /home/ryousuke/ros2_ws/install/person_msgs/include/person_msgs/msg/rosidl_typesupport_introspection_c__visibility_control.h
[1.026s] -- Up-to-date: /home/ryousuke/ros2_ws/install/person_msgs/include/person_msgs/msg/detail
[1.026s] -- Up-to-date: /home/ryousuke/ros2_ws/install/person_msgs/include/person_msgs/msg/detail/person__type_support.c
[1.026s] -- Up-to-date: /home/ryousuke/ros2_ws/install/person_msgs/include/person_msgs/msg/detail/person__rosidl_typesupport_introspection_c.h
[1.027s] -- Up-to-date: /home/ryousuke/ros2_ws/install/person_msgs/lib/libperson_msgs__rosidl_typesupport_introspection_c.so
[1.027s] -- Up-to-date: /home/ryousuke/ros2_ws/install/person_msgs/lib/libperson_msgs__rosidl_typesupport_c.so
[1.028s] -- Up-to-date: /home/ryousuke/ros2_ws/install/person_msgs/include/person_msgs
[1.028s] -- Up-to-date: /home/ryousuke/ros2_ws/install/person_msgs/include/person_msgs/msg
[1.028s] -- Up-to-date: /home/ryousuke/ros2_ws/install/person_msgs/include/person_msgs/msg/person.hpp
[1.028s] -- Up-to-date: /home/ryousuke/ros2_ws/install/person_msgs/include/person_msgs/msg/rosidl_generator_cpp__visibility_control.hpp
[1.028s] -- Up-to-date: /home/ryousuke/ros2_ws/install/person_msgs/include/person_msgs/msg/detail
[1.028s] -- Up-to-date: /home/ryousuke/ros2_ws/install/person_msgs/include/person_msgs/msg/detail/person__builder.hpp
[1.029s] -- Up-to-date: /home/ryousuke/ros2_ws/install/person_msgs/include/person_msgs/msg/detail/person__type_support.hpp
[1.029s] -- Up-to-date: /home/ryousuke/ros2_ws/install/person_msgs/include/person_msgs/msg/detail/person__traits.hpp
[1.029s] -- Up-to-date: /home/ryousuke/ros2_ws/install/person_msgs/include/person_msgs/msg/detail/person__struct.hpp
[1.029s] -- Up-to-date: /home/ryousuke/ros2_ws/install/person_msgs/include/person_msgs
[1.029s] -- Up-to-date: /home/ryousuke/ros2_ws/install/person_msgs/include/person_msgs/msg
[1.029s] -- Up-to-date: /home/ryousuke/ros2_ws/install/person_msgs/include/person_msgs/msg/detail
[1.029s] -- Up-to-date: /home/ryousuke/ros2_ws/install/person_msgs/include/person_msgs/msg/detail/person__rosidl_typesupport_introspection_cpp.hpp
[1.029s] -- Up-to-date: /home/ryousuke/ros2_ws/install/person_msgs/include/person_msgs/msg/detail/person__type_support.cpp
[1.029s] -- Up-to-date: /home/ryousuke/ros2_ws/install/person_msgs/lib/libperson_msgs__rosidl_typesupport_introspection_cpp.so
[1.030s] -- Up-to-date: /home/ryousuke/ros2_ws/install/person_msgs/lib/libperson_msgs__rosidl_typesupport_cpp.so
[1.030s] -- Up-to-date: /home/ryousuke/ros2_ws/install/person_msgs/share/person_msgs/environment/pythonpath.sh
[1.030s] -- Up-to-date: /home/ryousuke/ros2_ws/install/person_msgs/share/person_msgs/environment/pythonpath.dsv
[1.030s] -- Up-to-date: /home/ryousuke/ros2_ws/install/person_msgs/lib/python3.8/site-packages/person_msgs/__init__.py
[1.089s] -- Up-to-date: /home/ryousuke/ros2_ws/install/person_msgs/lib/python3.8/site-packages/person_msgs/msg
[1.089s] -- Up-to-date: /home/ryousuke/ros2_ws/install/person_msgs/lib/python3.8/site-packages/person_msgs/msg/_person.py
[1.089s] -- Up-to-date: /home/ryousuke/ros2_ws/install/person_msgs/lib/python3.8/site-packages/person_msgs/msg/_person_s.c
[1.089s] -- Up-to-date: /home/ryousuke/ros2_ws/install/person_msgs/lib/python3.8/site-packages/person_msgs/msg/__init__.py
[1.090s] -- Up-to-date: /home/ryousuke/ros2_ws/install/person_msgs/lib/python3.8/site-packages/person_msgs/person_msgs_s__rosidl_typesupport_fastrtps_c.cpython-38-x86_64-linux-gnu.so
[1.091s] -- Up-to-date: /home/ryousuke/ros2_ws/install/person_msgs/lib/python3.8/site-packages/person_msgs/person_msgs_s__rosidl_typesupport_introspection_c.cpython-38-x86_64-linux-gnu.so
[1.091s] -- Up-to-date: /home/ryousuke/ros2_ws/install/person_msgs/lib/python3.8/site-packages/person_msgs/person_msgs_s__rosidl_typesupport_c.cpython-38-x86_64-linux-gnu.so
[1.092s] -- Up-to-date: /home/ryousuke/ros2_ws/install/person_msgs/lib/libperson_msgs__python.so
[1.092s] -- Up-to-date: /home/ryousuke/ros2_ws/install/person_msgs/share/person_msgs/msg/Person.idl
[1.093s] -- Up-to-date: /home/ryousuke/ros2_ws/install/person_msgs/share/person_msgs/msg/Person.msg
[1.093s] -- Up-to-date: /home/ryousuke/ros2_ws/install/person_msgs/share/ament_index/resource_index/package_run_dependencies/person_msgs
[1.093s] -- Up-to-date: /home/ryousuke/ros2_ws/install/person_msgs/share/ament_index/resource_index/parent_prefix_path/person_msgs
[1.094s] -- Up-to-date: /home/ryousuke/ros2_ws/install/person_msgs/share/person_msgs/environment/ament_prefix_path.sh
[1.094s] -- Up-to-date: /home/ryousuke/ros2_ws/install/person_msgs/share/person_msgs/environment/ament_prefix_path.dsv
[1.094s] -- Up-to-date: /home/ryousuke/ros2_ws/install/person_msgs/share/person_msgs/environment/path.sh
[1.094s] -- Up-to-date: /home/ryousuke/ros2_ws/install/person_msgs/share/person_msgs/environment/path.dsv
[1.094s] -- Up-to-date: /home/ryousuke/ros2_ws/install/person_msgs/share/person_msgs/local_setup.bash
[1.095s] -- Up-to-date: /home/ryousuke/ros2_ws/install/person_msgs/share/person_msgs/local_setup.sh
[1.095s] -- Up-to-date: /home/ryousuke/ros2_ws/install/person_msgs/share/person_msgs/local_setup.zsh
[1.095s] -- Up-to-date: /home/ryousuke/ros2_ws/install/person_msgs/share/person_msgs/local_setup.dsv
[1.095s] -- Up-to-date: /home/ryousuke/ros2_ws/install/person_msgs/share/person_msgs/package.dsv
[1.095s] -- Up-to-date: /home/ryousuke/ros2_ws/install/person_msgs/share/ament_index/resource_index/packages/person_msgs
[1.095s] -- Up-to-date: /home/ryousuke/ros2_ws/install/person_msgs/share/person_msgs/cmake/person_msgs__rosidl_generator_cExport.cmake
[1.096s] -- Up-to-date: /home/ryousuke/ros2_ws/install/person_msgs/share/person_msgs/cmake/person_msgs__rosidl_generator_cExport-noconfig.cmake
[1.096s] -- Up-to-date: /home/ryousuke/ros2_ws/install/person_msgs/share/person_msgs/cmake/person_msgs__rosidl_typesupport_introspection_cExport.cmake
[1.096s] -- Up-to-date: /home/ryousuke/ros2_ws/install/person_msgs/share/person_msgs/cmake/person_msgs__rosidl_typesupport_introspection_cExport-noconfig.cmake
[1.096s] -- Up-to-date: /home/ryousuke/ros2_ws/install/person_msgs/share/person_msgs/cmake/person_msgs__rosidl_typesupport_cExport.cmake
[1.096s] -- Up-to-date: /home/ryousuke/ros2_ws/install/person_msgs/share/person_msgs/cmake/person_msgs__rosidl_typesupport_cExport-noconfig.cmake
[1.096s] -- Up-to-date: /home/ryousuke/ros2_ws/install/person_msgs/share/person_msgs/cmake/person_msgs__rosidl_generator_cppExport.cmake
[1.096s] -- Up-to-date: /home/ryousuke/ros2_ws/install/person_msgs/share/person_msgs/cmake/person_msgs__rosidl_typesupport_introspection_cppExport.cmake
[1.097s] -- Up-to-date: /home/ryousuke/ros2_ws/install/person_msgs/share/person_msgs/cmake/person_msgs__rosidl_typesupport_introspection_cppExport-noconfig.cmake
[1.097s] -- Up-to-date: /home/ryousuke/ros2_ws/install/person_msgs/share/person_msgs/cmake/person_msgs__rosidl_typesupport_cppExport.cmake
[1.097s] -- Up-to-date: /home/ryousuke/ros2_ws/install/person_msgs/share/person_msgs/cmake/person_msgs__rosidl_typesupport_cppExport-noconfig.cmake
[1.097s] -- Up-to-date: /home/ryousuke/ros2_ws/install/person_msgs/share/person_msgs/cmake/rosidl_cmake-extras.cmake
[1.097s] -- Up-to-date: /home/ryousuke/ros2_ws/install/person_msgs/share/person_msgs/cmake/ament_cmake_export_dependencies-extras.cmake
[1.098s] -- Up-to-date: /home/ryousuke/ros2_ws/install/person_msgs/share/person_msgs/cmake/ament_cmake_export_libraries-extras.cmake
[1.098s] -- Up-to-date: /home/ryousuke/ros2_ws/install/person_msgs/share/person_msgs/cmake/ament_cmake_export_targets-extras.cmake
[1.098s] -- Up-to-date: /home/ryousuke/ros2_ws/install/person_msgs/share/person_msgs/cmake/ament_cmake_export_include_directories-extras.cmake
[1.098s] -- Up-to-date: /home/ryousuke/ros2_ws/install/person_msgs/share/person_msgs/cmake/rosidl_cmake_export_typesupport_libraries-extras.cmake
[1.098s] -- Up-to-date: /home/ryousuke/ros2_ws/install/person_msgs/share/person_msgs/cmake/rosidl_cmake_export_typesupport_targets-extras.cmake
[1.098s] -- Up-to-date: /home/ryousuke/ros2_ws/install/person_msgs/share/person_msgs/cmake/person_msgsConfig.cmake
[1.098s] -- Up-to-date: /home/ryousuke/ros2_ws/install/person_msgs/share/person_msgs/cmake/person_msgsConfig-version.cmake
[1.098s] -- Up-to-date: /home/ryousuke/ros2_ws/install/person_msgs/share/person_msgs/package.xml
[1.102s] Invoked command in '/home/ryousuke/ros2_ws/build/person_msgs' returned '0': CMAKE_PREFIX_PATH=${CMAKE_PREFIX_PATH}:/home/ryousuke/ros2_ws/install/mypkg:/opt/ros/foxy /usr/bin/cmake --install /home/ryousuke/ros2_ws/build/person_msgs
