[0.550s] Invoking command in '/home/ryousuke/ros2_ws/build/person_msgs': CMAKE_PREFIX_PATH=${CMAKE_PREFIX_PATH}:/home/ryousuke/ros2_ws/install/mypkg:/opt/ros/foxy /usr/bin/cmake --build /home/ryousuke/ros2_ws/build/person_msgs -- -j8 -l8
[0.635s] -- Found ament_cmake: 0.9.12 (/opt/ros/foxy/share/ament_cmake/cmake)
[0.666s] -- Found PythonInterp: /usr/bin/python3 (found suitable version "3.8.10", minimum required is "3") 
[0.666s] -- Using PYTHON_EXECUTABLE: /usr/bin/python3
[0.894s] -- Found rosidl_default_generators: 1.0.1 (/opt/ros/foxy/share/rosidl_default_generators/cmake)
[0.896s] -- Using all available rosidl_typesupport_c: rosidl_typesupport_fastrtps_c;rosidl_typesupport_introspection_c
[0.901s] -- Found rosidl_adapter: 1.3.1 (/opt/ros/foxy/share/rosidl_adapter/cmake)
[7.881s] -- Using all available rosidl_typesupport_cpp: rosidl_typesupport_fastrtps_cpp;rosidl_typesupport_introspection_cpp
[7.938s] -- Found PythonInterp: /usr/bin/python3 (found version "3.8.10") 
[8.095s] -- Found ament_cmake_ros: 0.9.2 (/opt/ros/foxy/share/ament_cmake_ros/cmake)
[14.539s] -- Using all available rosidl_typesupport_c: rosidl_typesupport_fastrtps_c;rosidl_typesupport_introspection_c
[14.547s] -- Using all available rosidl_typesupport_cpp: rosidl_typesupport_fastrtps_cpp;rosidl_typesupport_introspection_cpp
[14.571s] -- Found PythonInterp: /usr/bin/python3 (found suitable version "3.8.10", minimum required is "3.5") 
[14.571s] -- Found python_cmake_module: 0.8.1 (/opt/ros/foxy/share/python_cmake_module/cmake)
[14.596s] -- Using PYTHON_EXECUTABLE: /usr/bin/python3
[14.596s] -- Using PYTHON_INCLUDE_DIRS: /usr/include/python3.8
[14.596s] -- Using PYTHON_LIBRARIES: /usr/lib/x86_64-linux-gnu/libpython3.8.so
[14.611s] -- Found ament_lint_auto: 0.9.8 (/opt/ros/foxy/share/ament_lint_auto/cmake)
[14.625s] -- Added test 'copyright' to check source files copyright and LICENSE
[14.626s] -- Added test 'lint_cmake' to check CMake code style
[14.627s] -- Added test 'xmllint' to check XML markup files
[14.631s] -- Configuring done
[14.678s] -- Generating done
[14.683s] -- Build files have been written to: /home/ryousuke/ros2_ws/build/person_msgs
[14.731s] [  2%] Built target person_msgs__cpp
[14.732s] [ 12%] Built target person_msgs__rosidl_generator_c
[14.757s] [ 23%] Built target person_msgs__rosidl_typesupport_cpp
[14.761s] [ 33%] Built target person_msgs__rosidl_typesupport_fastrtps_cpp
[14.765s] [ 43%] Built target person_msgs__rosidl_typesupport_introspection_cpp
[14.782s] [ 53%] Built target person_msgs__rosidl_typesupport_introspection_c
[14.785s] [ 64%] Built target person_msgs__rosidl_typesupport_c
[14.791s] [ 74%] Built target person_msgs__rosidl_typesupport_fastrtps_c
[14.813s] [ 74%] Built target person_msgs
[14.834s] [ 76%] Built target person_msgs__py
[14.862s] [ 84%] Built target person_msgs__python
[14.891s] [ 89%] Built target person_msgs__rosidl_typesupport_c__pyext
[14.891s] [ 94%] Built target person_msgs__rosidl_typesupport_introspection_c__pyext
[14.893s] [100%] Built target person_msgs__rosidl_typesupport_fastrtps_c__pyext
[14.905s] Invoked command in '/home/ryousuke/ros2_ws/build/person_msgs' returned '0': CMAKE_PREFIX_PATH=${CMAKE_PREFIX_PATH}:/home/ryousuke/ros2_ws/install/mypkg:/opt/ros/foxy /usr/bin/cmake --build /home/ryousuke/ros2_ws/build/person_msgs -- -j8 -l8
[15.007s] Invoking command in '/home/ryousuke/ros2_ws/build/person_msgs': CMAKE_PREFIX_PATH=${CMAKE_PREFIX_PATH}:/home/ryousuke/ros2_ws/install/mypkg:/opt/ros/foxy /usr/bin/cmake --install /home/ryousuke/ros2_ws/build/person_msgs
[15.016s] -- Install configuration: ""
[15.016s] -- Up-to-date: /home/ryousuke/ros2_ws/install/person_msgs/share/ament_index/resource_index/rosidl_interfaces/person_msgs
[15.017s] -- Up-to-date: /home/ryousuke/ros2_ws/install/person_msgs/include/person_msgs
[15.017s] -- Up-to-date: /home/ryousuke/ros2_ws/install/person_msgs/include/person_msgs/srv
[15.017s] -- Up-to-date: /home/ryousuke/ros2_ws/install/person_msgs/include/person_msgs/srv/query.h
[15.017s] -- Up-to-date: /home/ryousuke/ros2_ws/install/person_msgs/include/person_msgs/srv/detail
[15.017s] -- Up-to-date: /home/ryousuke/ros2_ws/install/person_msgs/include/person_msgs/srv/detail/query__functions.c
[15.017s] -- Up-to-date: /home/ryousuke/ros2_ws/install/person_msgs/include/person_msgs/srv/detail/query__type_support.h
[15.017s] -- Up-to-date: /home/ryousuke/ros2_ws/install/person_msgs/include/person_msgs/srv/detail/query__functions.h
[15.017s] -- Up-to-date: /home/ryousuke/ros2_ws/install/person_msgs/include/person_msgs/srv/detail/query__struct.h
[15.017s] -- Up-to-date: /home/ryousuke/ros2_ws/install/person_msgs/include/person_msgs/msg
[15.017s] -- Up-to-date: /home/ryousuke/ros2_ws/install/person_msgs/include/person_msgs/msg/person.h
[15.017s] -- Up-to-date: /home/ryousuke/ros2_ws/install/person_msgs/include/person_msgs/msg/rosidl_generator_c__visibility_control.h
[15.017s] -- Up-to-date: /home/ryousuke/ros2_ws/install/person_msgs/include/person_msgs/msg/detail
[15.018s] -- Up-to-date: /home/ryousuke/ros2_ws/install/person_msgs/include/person_msgs/msg/detail/person__functions.c
[15.018s] -- Up-to-date: /home/ryousuke/ros2_ws/install/person_msgs/include/person_msgs/msg/detail/person__type_support.h
[15.018s] -- Up-to-date: /home/ryousuke/ros2_ws/install/person_msgs/include/person_msgs/msg/detail/person__functions.h
[15.018s] -- Up-to-date: /home/ryousuke/ros2_ws/install/person_msgs/include/person_msgs/msg/detail/person__struct.h
[15.018s] -- Up-to-date: /home/ryousuke/ros2_ws/install/person_msgs/share/person_msgs/environment/library_path.sh
[15.018s] -- Installing: /home/ryousuke/ros2_ws/install/person_msgs/share/person_msgs/environment/library_path.dsv
[15.018s] -- Up-to-date: /home/ryousuke/ros2_ws/install/person_msgs/lib/libperson_msgs__rosidl_generator_c.so
[15.019s] -- Up-to-date: /home/ryousuke/ros2_ws/install/person_msgs/include/person_msgs
[15.019s] -- Up-to-date: /home/ryousuke/ros2_ws/install/person_msgs/include/person_msgs/srv
[15.019s] -- Up-to-date: /home/ryousuke/ros2_ws/install/person_msgs/include/person_msgs/srv/detail
[15.019s] -- Up-to-date: /home/ryousuke/ros2_ws/install/person_msgs/include/person_msgs/srv/detail/query__rosidl_typesupport_fastrtps_c.h
[15.019s] -- Up-to-date: /home/ryousuke/ros2_ws/install/person_msgs/include/person_msgs/msg
[15.019s] -- Up-to-date: /home/ryousuke/ros2_ws/install/person_msgs/include/person_msgs/msg/rosidl_typesupport_fastrtps_c__visibility_control.h
[15.020s] -- Up-to-date: /home/ryousuke/ros2_ws/install/person_msgs/include/person_msgs/msg/detail
[15.020s] -- Up-to-date: /home/ryousuke/ros2_ws/install/person_msgs/include/person_msgs/msg/detail/person__rosidl_typesupport_fastrtps_c.h
[15.020s] -- Up-to-date: /home/ryousuke/ros2_ws/install/person_msgs/lib/libperson_msgs__rosidl_typesupport_fastrtps_c.so
[15.020s] -- Up-to-date: /home/ryousuke/ros2_ws/install/person_msgs/include/person_msgs
[15.021s] -- Up-to-date: /home/ryousuke/ros2_ws/install/person_msgs/include/person_msgs/srv
[15.021s] -- Up-to-date: /home/ryousuke/ros2_ws/install/person_msgs/include/person_msgs/srv/detail
[15.021s] -- Up-to-date: /home/ryousuke/ros2_ws/install/person_msgs/include/person_msgs/srv/detail/dds_fastrtps
[15.021s] -- Up-to-date: /home/ryousuke/ros2_ws/install/person_msgs/include/person_msgs/srv/detail/query__rosidl_typesupport_fastrtps_cpp.hpp
[15.021s] -- Up-to-date: /home/ryousuke/ros2_ws/install/person_msgs/include/person_msgs/msg
[15.021s] -- Up-to-date: /home/ryousuke/ros2_ws/install/person_msgs/include/person_msgs/msg/rosidl_typesupport_fastrtps_cpp__visibility_control.h
[15.022s] -- Up-to-date: /home/ryousuke/ros2_ws/install/person_msgs/include/person_msgs/msg/detail
[15.022s] -- Up-to-date: /home/ryousuke/ros2_ws/install/person_msgs/include/person_msgs/msg/detail/dds_fastrtps
[15.022s] -- Up-to-date: /home/ryousuke/ros2_ws/install/person_msgs/include/person_msgs/msg/detail/person__rosidl_typesupport_fastrtps_cpp.hpp
[15.022s] -- Up-to-date: /home/ryousuke/ros2_ws/install/person_msgs/lib/libperson_msgs__rosidl_typesupport_fastrtps_cpp.so
[15.022s] -- Up-to-date: /home/ryousuke/ros2_ws/install/person_msgs/include/person_msgs
[15.022s] -- Up-to-date: /home/ryousuke/ros2_ws/install/person_msgs/include/person_msgs/srv
[15.022s] -- Up-to-date: /home/ryousuke/ros2_ws/install/person_msgs/include/person_msgs/srv/detail
[15.022s] -- Up-to-date: /home/ryousuke/ros2_ws/install/person_msgs/include/person_msgs/srv/detail/query__type_support.c
[15.022s] -- Up-to-date: /home/ryousuke/ros2_ws/install/person_msgs/include/person_msgs/srv/detail/query__rosidl_typesupport_introspection_c.h
[15.022s] -- Up-to-date: /home/ryousuke/ros2_ws/install/person_msgs/include/person_msgs/msg
[15.023s] -- Up-to-date: /home/ryousuke/ros2_ws/install/person_msgs/include/person_msgs/msg/rosidl_typesupport_introspection_c__visibility_control.h
[15.023s] -- Up-to-date: /home/ryousuke/ros2_ws/install/person_msgs/include/person_msgs/msg/detail
[15.023s] -- Up-to-date: /home/ryousuke/ros2_ws/install/person_msgs/include/person_msgs/msg/detail/person__type_support.c
[15.023s] -- Up-to-date: /home/ryousuke/ros2_ws/install/person_msgs/include/person_msgs/msg/detail/person__rosidl_typesupport_introspection_c.h
[15.023s] -- Up-to-date: /home/ryousuke/ros2_ws/install/person_msgs/lib/libperson_msgs__rosidl_typesupport_introspection_c.so
[15.024s] -- Up-to-date: /home/ryousuke/ros2_ws/install/person_msgs/lib/libperson_msgs__rosidl_typesupport_c.so
[15.024s] -- Up-to-date: /home/ryousuke/ros2_ws/install/person_msgs/include/person_msgs
[15.024s] -- Up-to-date: /home/ryousuke/ros2_ws/install/person_msgs/include/person_msgs/srv
[15.024s] -- Up-to-date: /home/ryousuke/ros2_ws/install/person_msgs/include/person_msgs/srv/query.hpp
[15.024s] -- Up-to-date: /home/ryousuke/ros2_ws/install/person_msgs/include/person_msgs/srv/detail
[15.024s] -- Up-to-date: /home/ryousuke/ros2_ws/install/person_msgs/include/person_msgs/srv/detail/query__builder.hpp
[15.024s] -- Up-to-date: /home/ryousuke/ros2_ws/install/person_msgs/include/person_msgs/srv/detail/query__struct.hpp
[15.025s] -- Up-to-date: /home/ryousuke/ros2_ws/install/person_msgs/include/person_msgs/srv/detail/query__traits.hpp
[15.025s] -- Up-to-date: /home/ryousuke/ros2_ws/install/person_msgs/include/person_msgs/srv/detail/query__type_support.hpp
[15.025s] -- Up-to-date: /home/ryousuke/ros2_ws/install/person_msgs/include/person_msgs/msg
[15.025s] -- Up-to-date: /home/ryousuke/ros2_ws/install/person_msgs/include/person_msgs/msg/person.hpp
[15.025s] -- Up-to-date: /home/ryousuke/ros2_ws/install/person_msgs/include/person_msgs/msg/rosidl_generator_cpp__visibility_control.hpp
[15.025s] -- Up-to-date: /home/ryousuke/ros2_ws/install/person_msgs/include/person_msgs/msg/detail
[15.025s] -- Up-to-date: /home/ryousuke/ros2_ws/install/person_msgs/include/person_msgs/msg/detail/person__builder.hpp
[15.025s] -- Up-to-date: /home/ryousuke/ros2_ws/install/person_msgs/include/person_msgs/msg/detail/person__type_support.hpp
[15.026s] -- Up-to-date: /home/ryousuke/ros2_ws/install/person_msgs/include/person_msgs/msg/detail/person__traits.hpp
[15.026s] -- Up-to-date: /home/ryousuke/ros2_ws/install/person_msgs/include/person_msgs/msg/detail/person__struct.hpp
[15.026s] -- Up-to-date: /home/ryousuke/ros2_ws/install/person_msgs/include/person_msgs
[15.026s] -- Up-to-date: /home/ryousuke/ros2_ws/install/person_msgs/include/person_msgs/srv
[15.026s] -- Up-to-date: /home/ryousuke/ros2_ws/install/person_msgs/include/person_msgs/srv/detail
[15.026s] -- Up-to-date: /home/ryousuke/ros2_ws/install/person_msgs/include/person_msgs/srv/detail/query__type_support.cpp
[15.027s] -- Up-to-date: /home/ryousuke/ros2_ws/install/person_msgs/include/person_msgs/srv/detail/query__rosidl_typesupport_introspection_cpp.hpp
[15.027s] -- Up-to-date: /home/ryousuke/ros2_ws/install/person_msgs/include/person_msgs/msg
[15.027s] -- Up-to-date: /home/ryousuke/ros2_ws/install/person_msgs/include/person_msgs/msg/detail
[15.027s] -- Up-to-date: /home/ryousuke/ros2_ws/install/person_msgs/include/person_msgs/msg/detail/person__rosidl_typesupport_introspection_cpp.hpp
[15.028s] -- Up-to-date: /home/ryousuke/ros2_ws/install/person_msgs/include/person_msgs/msg/detail/person__type_support.cpp
[15.028s] -- Up-to-date: /home/ryousuke/ros2_ws/install/person_msgs/lib/libperson_msgs__rosidl_typesupport_introspection_cpp.so
[15.028s] -- Up-to-date: /home/ryousuke/ros2_ws/install/person_msgs/lib/libperson_msgs__rosidl_typesupport_cpp.so
[15.028s] -- Up-to-date: /home/ryousuke/ros2_ws/install/person_msgs/share/person_msgs/environment/pythonpath.sh
[15.028s] -- Installing: /home/ryousuke/ros2_ws/install/person_msgs/share/person_msgs/environment/pythonpath.dsv
[15.028s] -- Installing: /home/ryousuke/ros2_ws/install/person_msgs/lib/python3.8/site-packages/person_msgs/__init__.py
[15.064s] Compiling '/home/ryousuke/ros2_ws/install/person_msgs/lib/python3.8/site-packages/person_msgs/__init__.py'...
[15.070s] -- Up-to-date: /home/ryousuke/ros2_ws/install/person_msgs/lib/python3.8/site-packages/person_msgs/msg
[15.070s] -- Up-to-date: /home/ryousuke/ros2_ws/install/person_msgs/lib/python3.8/site-packages/person_msgs/msg/_person.py
[15.070s] -- Up-to-date: /home/ryousuke/ros2_ws/install/person_msgs/lib/python3.8/site-packages/person_msgs/msg/_person_s.c
[15.070s] -- Up-to-date: /home/ryousuke/ros2_ws/install/person_msgs/lib/python3.8/site-packages/person_msgs/msg/__init__.py
[15.070s] -- Up-to-date: /home/ryousuke/ros2_ws/install/person_msgs/lib/python3.8/site-packages/person_msgs/srv
[15.071s] -- Up-to-date: /home/ryousuke/ros2_ws/install/person_msgs/lib/python3.8/site-packages/person_msgs/srv/_query_s.c
[15.071s] -- Up-to-date: /home/ryousuke/ros2_ws/install/person_msgs/lib/python3.8/site-packages/person_msgs/srv/_query.py
[15.071s] -- Up-to-date: /home/ryousuke/ros2_ws/install/person_msgs/lib/python3.8/site-packages/person_msgs/srv/__init__.py
[15.071s] -- Up-to-date: /home/ryousuke/ros2_ws/install/person_msgs/lib/python3.8/site-packages/person_msgs/person_msgs_s__rosidl_typesupport_fastrtps_c.cpython-38-x86_64-linux-gnu.so
[15.071s] -- Up-to-date: /home/ryousuke/ros2_ws/install/person_msgs/lib/python3.8/site-packages/person_msgs/person_msgs_s__rosidl_typesupport_introspection_c.cpython-38-x86_64-linux-gnu.so
[15.072s] -- Up-to-date: /home/ryousuke/ros2_ws/install/person_msgs/lib/python3.8/site-packages/person_msgs/person_msgs_s__rosidl_typesupport_c.cpython-38-x86_64-linux-gnu.so
[15.072s] -- Up-to-date: /home/ryousuke/ros2_ws/install/person_msgs/lib/libperson_msgs__python.so
[15.073s] -- Up-to-date: /home/ryousuke/ros2_ws/install/person_msgs/share/person_msgs/msg/Person.idl
[15.073s] -- Up-to-date: /home/ryousuke/ros2_ws/install/person_msgs/share/person_msgs/srv/Query.idl
[15.073s] -- Up-to-date: /home/ryousuke/ros2_ws/install/person_msgs/share/person_msgs/msg/Person.msg
[15.073s] -- Up-to-date: /home/ryousuke/ros2_ws/install/person_msgs/share/person_msgs/srv/Query.srv
[15.073s] -- Up-to-date: /home/ryousuke/ros2_ws/install/person_msgs/share/person_msgs/srv/Query_Request.msg
[15.074s] -- Up-to-date: /home/ryousuke/ros2_ws/install/person_msgs/share/person_msgs/srv/Query_Response.msg
[15.074s] -- Up-to-date: /home/ryousuke/ros2_ws/install/person_msgs/share/ament_index/resource_index/package_run_dependencies/person_msgs
[15.074s] -- Up-to-date: /home/ryousuke/ros2_ws/install/person_msgs/share/ament_index/resource_index/parent_prefix_path/person_msgs
[15.074s] -- Up-to-date: /home/ryousuke/ros2_ws/install/person_msgs/share/person_msgs/environment/ament_prefix_path.sh
[15.074s] -- Installing: /home/ryousuke/ros2_ws/install/person_msgs/share/person_msgs/environment/ament_prefix_path.dsv
[15.074s] -- Up-to-date: /home/ryousuke/ros2_ws/install/person_msgs/share/person_msgs/environment/path.sh
[15.075s] -- Installing: /home/ryousuke/ros2_ws/install/person_msgs/share/person_msgs/environment/path.dsv
[15.075s] -- Up-to-date: /home/ryousuke/ros2_ws/install/person_msgs/share/person_msgs/local_setup.bash
[15.075s] -- Up-to-date: /home/ryousuke/ros2_ws/install/person_msgs/share/person_msgs/local_setup.sh
[15.075s] -- Up-to-date: /home/ryousuke/ros2_ws/install/person_msgs/share/person_msgs/local_setup.zsh
[15.075s] -- Installing: /home/ryousuke/ros2_ws/install/person_msgs/share/person_msgs/local_setup.dsv
[15.075s] -- Installing: /home/ryousuke/ros2_ws/install/person_msgs/share/person_msgs/package.dsv
[15.075s] -- Up-to-date: /home/ryousuke/ros2_ws/install/person_msgs/share/ament_index/resource_index/packages/person_msgs
[15.075s] -- Up-to-date: /home/ryousuke/ros2_ws/install/person_msgs/share/person_msgs/cmake/person_msgs__rosidl_generator_cExport.cmake
[15.075s] -- Installing: /home/ryousuke/ros2_ws/install/person_msgs/share/person_msgs/cmake/person_msgs__rosidl_generator_cExport-noconfig.cmake
[15.075s] -- Up-to-date: /home/ryousuke/ros2_ws/install/person_msgs/share/person_msgs/cmake/person_msgs__rosidl_typesupport_introspection_cExport.cmake
[15.075s] -- Installing: /home/ryousuke/ros2_ws/install/person_msgs/share/person_msgs/cmake/person_msgs__rosidl_typesupport_introspection_cExport-noconfig.cmake
[15.076s] -- Up-to-date: /home/ryousuke/ros2_ws/install/person_msgs/share/person_msgs/cmake/person_msgs__rosidl_typesupport_cExport.cmake
[15.076s] -- Installing: /home/ryousuke/ros2_ws/install/person_msgs/share/person_msgs/cmake/person_msgs__rosidl_typesupport_cExport-noconfig.cmake
[15.076s] -- Up-to-date: /home/ryousuke/ros2_ws/install/person_msgs/share/person_msgs/cmake/person_msgs__rosidl_generator_cppExport.cmake
[15.076s] -- Up-to-date: /home/ryousuke/ros2_ws/install/person_msgs/share/person_msgs/cmake/person_msgs__rosidl_typesupport_introspection_cppExport.cmake
[15.076s] -- Installing: /home/ryousuke/ros2_ws/install/person_msgs/share/person_msgs/cmake/person_msgs__rosidl_typesupport_introspection_cppExport-noconfig.cmake
[15.077s] -- Up-to-date: /home/ryousuke/ros2_ws/install/person_msgs/share/person_msgs/cmake/person_msgs__rosidl_typesupport_cppExport.cmake
[15.077s] -- Installing: /home/ryousuke/ros2_ws/install/person_msgs/share/person_msgs/cmake/person_msgs__rosidl_typesupport_cppExport-noconfig.cmake
[15.078s] -- Up-to-date: /home/ryousuke/ros2_ws/install/person_msgs/share/person_msgs/cmake/rosidl_cmake-extras.cmake
[15.078s] -- Up-to-date: /home/ryousuke/ros2_ws/install/person_msgs/share/person_msgs/cmake/ament_cmake_export_dependencies-extras.cmake
[15.078s] -- Up-to-date: /home/ryousuke/ros2_ws/install/person_msgs/share/person_msgs/cmake/ament_cmake_export_libraries-extras.cmake
[15.078s] -- Up-to-date: /home/ryousuke/ros2_ws/install/person_msgs/share/person_msgs/cmake/ament_cmake_export_targets-extras.cmake
[15.078s] -- Up-to-date: /home/ryousuke/ros2_ws/install/person_msgs/share/person_msgs/cmake/ament_cmake_export_include_directories-extras.cmake
[15.078s] -- Up-to-date: /home/ryousuke/ros2_ws/install/person_msgs/share/person_msgs/cmake/rosidl_cmake_export_typesupport_libraries-extras.cmake
[15.079s] -- Up-to-date: /home/ryousuke/ros2_ws/install/person_msgs/share/person_msgs/cmake/rosidl_cmake_export_typesupport_targets-extras.cmake
[15.079s] -- Up-to-date: /home/ryousuke/ros2_ws/install/person_msgs/share/person_msgs/cmake/person_msgsConfig.cmake
[15.079s] -- Up-to-date: /home/ryousuke/ros2_ws/install/person_msgs/share/person_msgs/cmake/person_msgsConfig-version.cmake
[15.079s] -- Up-to-date: /home/ryousuke/ros2_ws/install/person_msgs/share/person_msgs/package.xml
[15.081s] Invoked command in '/home/ryousuke/ros2_ws/build/person_msgs' returned '0': CMAKE_PREFIX_PATH=${CMAKE_PREFIX_PATH}:/home/ryousuke/ros2_ws/install/mypkg:/opt/ros/foxy /usr/bin/cmake --install /home/ryousuke/ros2_ws/build/person_msgs
