[1.014s] Invoking command in '/home/ryousuke/ros2_ws/src/mypkg': PYTHONPATH=/home/ryousuke/ros2_ws/build/mypkg/prefix_override:/home/ryousuke/ros2_ws/install/mypkg/lib/python3.8/site-packages:${PYTHONPATH} /usr/bin/python3 setup.py egg_info --egg-base ../../build/mypkg build --build-base /home/ryousuke/ros2_ws/build/mypkg/build install --record /home/ryousuke/ros2_ws/build/mypkg/install.log --install-scripts $base/lib/mypkg --single-version-externally-managed
[1.280s] running egg_info
[1.280s] writing ../../build/mypkg/mypkg.egg-info/PKG-INFO
[1.281s] writing dependency_links to ../../build/mypkg/mypkg.egg-info/dependency_links.txt
[1.281s] writing entry points to ../../build/mypkg/mypkg.egg-info/entry_points.txt
[1.281s] writing requirements to ../../build/mypkg/mypkg.egg-info/requires.txt
[1.282s] writing top-level names to ../../build/mypkg/mypkg.egg-info/top_level.txt
[1.325s] reading manifest file '../../build/mypkg/mypkg.egg-info/SOURCES.txt'
[1.327s] writing manifest file '../../build/mypkg/mypkg.egg-info/SOURCES.txt'
[1.328s] running build
[1.328s] running build_py
[1.329s] running install
[1.330s] running install_lib
[1.332s] running install_data
[1.333s] running install_egg_info
[1.336s] removing '/home/ryousuke/ros2_ws/install/mypkg/lib/python3.8/site-packages/mypkg-0.0.0-py3.8.egg-info' (and everything under it)
[1.337s] Copying ../../build/mypkg/mypkg.egg-info to /home/ryousuke/ros2_ws/install/mypkg/lib/python3.8/site-packages/mypkg-0.0.0-py3.8.egg-info
[1.338s] running install_scripts
[1.363s] Installing listener script to /home/ryousuke/ros2_ws/install/mypkg/lib/mypkg
[1.363s] Installing talker script to /home/ryousuke/ros2_ws/install/mypkg/lib/mypkg
[1.364s] writing list of installed files to '/home/ryousuke/ros2_ws/build/mypkg/install.log'
[1.393s] Invoked command in '/home/ryousuke/ros2_ws/src/mypkg' returned '0': PYTHONPATH=/home/ryousuke/ros2_ws/build/mypkg/prefix_override:/home/ryousuke/ros2_ws/install/mypkg/lib/python3.8/site-packages:${PYTHONPATH} /usr/bin/python3 setup.py egg_info --egg-base ../../build/mypkg build --build-base /home/ryousuke/ros2_ws/build/mypkg/build install --record /home/ryousuke/ros2_ws/build/mypkg/install.log --install-scripts $base/lib/mypkg --single-version-externally-managed
