[0.316s] Invoking command in '/home/ryousuke/ros2_ws/build/person_msgs': CMAKE_PREFIX_PATH=/home/ryousuke/ros2_ws/install/mypkg:/opt/ros/foxy /usr/bin/cmake /home/ryousuke/ros2_ws/src/person_msgs -DCMAKE_INSTALL_PREFIX=/home/ryousuke/ros2_ws/install/person_msgs
[0.601s] -- The C compiler identification is GNU 9.4.0
[0.827s] -- The CXX compiler identification is GNU 9.4.0
[0.885s] -- Check for working C compiler: /usr/bin/cc
[0.966s] -- Check for working C compiler: /usr/bin/cc -- works
[0.973s] -- Detecting C compiler ABI info
[1.048s] -- Detecting C compiler ABI info - done
[1.056s] -- Detecting C compile features
[1.057s] -- Detecting C compile features - done
[1.060s] -- Check for working CXX compiler: /usr/bin/c++
[1.141s] -- Check for working CXX compiler: /usr/bin/c++ -- works
[1.142s] -- Detecting CXX compiler ABI info
[1.218s] -- Detecting CXX compiler ABI info - done
[1.227s] -- Detecting CXX compile features
[1.228s] -- Detecting CXX compile features - done
[1.232s] -- Found ament_cmake: 0.9.12 (/opt/ros/foxy/share/ament_cmake/cmake)
[1.260s] -- Found PythonInterp: /usr/bin/python3 (found suitable version "3.8.10", minimum required is "3") 
[1.260s] -- Using PYTHON_EXECUTABLE: /usr/bin/python3
[1.415s] -- Found rosidl_default_generators: 1.0.1 (/opt/ros/foxy/share/rosidl_default_generators/cmake)
[1.418s] -- Using all available rosidl_typesupport_c: rosidl_typesupport_fastrtps_c;rosidl_typesupport_introspection_c
[1.426s] -- Found rosidl_adapter: 1.3.1 (/opt/ros/foxy/share/rosidl_adapter/cmake)
[2.022s] -- Found OpenSSL: /usr/lib/x86_64-linux-gnu/libcrypto.so (found version "1.1.1f")  
[2.439s] -- Found FastRTPS: /opt/ros/foxy/include  
[3.310s] -- Using all available rosidl_typesupport_cpp: rosidl_typesupport_fastrtps_cpp;rosidl_typesupport_introspection_cpp
[3.351s] -- Found PythonInterp: /usr/bin/python3 (found version "3.8.10") 
[3.437s] -- Found ament_cmake_ros: 0.9.2 (/opt/ros/foxy/share/ament_cmake_ros/cmake)
[5.165s] -- Using all available rosidl_typesupport_c: rosidl_typesupport_fastrtps_c;rosidl_typesupport_introspection_c
[5.173s] -- Using all available rosidl_typesupport_cpp: rosidl_typesupport_fastrtps_cpp;rosidl_typesupport_introspection_cpp
[5.190s] -- Found PythonInterp: /usr/bin/python3 (found suitable version "3.8.10", minimum required is "3.5") 
[5.192s] -- Found python_cmake_module: 0.8.1 (/opt/ros/foxy/share/python_cmake_module/cmake)
[5.385s] -- Found PythonLibs: /usr/lib/x86_64-linux-gnu/libpython3.8.so (found suitable version "3.8.10", minimum required is "3.5") 
[5.385s] -- Using PYTHON_EXECUTABLE: /usr/bin/python3
[5.385s] -- Using PYTHON_INCLUDE_DIRS: /usr/include/python3.8
[5.385s] -- Using PYTHON_LIBRARIES: /usr/lib/x86_64-linux-gnu/libpython3.8.so
[5.399s] -- Found PythonExtra: .so  
[5.446s] -- Found ament_lint_auto: 0.9.8 (/opt/ros/foxy/share/ament_lint_auto/cmake)
[5.476s] -- Added test 'copyright' to check source files copyright and LICENSE
[5.477s] -- Added test 'lint_cmake' to check CMake code style
[5.479s] -- Added test 'xmllint' to check XML markup files
[5.482s] -- Configuring done
[5.503s] -- Generating done
[5.505s] -- Build files have been written to: /home/ryousuke/ros2_ws/build/person_msgs
[5.510s] Invoked command in '/home/ryousuke/ros2_ws/build/person_msgs' returned '0': CMAKE_PREFIX_PATH=/home/ryousuke/ros2_ws/install/mypkg:/opt/ros/foxy /usr/bin/cmake /home/ryousuke/ros2_ws/src/person_msgs -DCMAKE_INSTALL_PREFIX=/home/ryousuke/ros2_ws/install/person_msgs
[5.512s] Invoking command in '/home/ryousuke/ros2_ws/build/person_msgs': CMAKE_PREFIX_PATH=/home/ryousuke/ros2_ws/install/mypkg:/opt/ros/foxy /usr/bin/cmake --build /home/ryousuke/ros2_ws/build/person_msgs -- -j8 -l8
[5.538s] [35m[1mScanning dependencies of target person_msgs__cpp[0m
[5.539s] [  3%] [34m[1mGenerating C code for ROS interfaces[0m
[5.545s] [  6%] [34m[1mGenerating C++ code for ROS interfaces[0m
[5.723s] [35m[1mScanning dependencies of target person_msgs__rosidl_generator_c[0m
[5.727s] [  6%] Built target person_msgs__cpp
[5.734s] [  9%] [34m[1mGenerating C++ type support dispatch for ROS interfaces[0m
[5.735s] [ 16%] [34m[1mGenerating C++ type support for eProsima Fast-RTPS[0m
[5.735s] [ 16%] [34m[1mGenerating C++ introspection for ROS interfaces[0m
[5.739s] [ 19%] [32mBuilding C object CMakeFiles/person_msgs__rosidl_generator_c.dir/rosidl_generator_c/person_msgs/msg/detail/person__functions.c.o[0m
[5.812s] [ 22%] [32m[1mLinking C shared library libperson_msgs__rosidl_generator_c.so[0m
[5.879s] [ 22%] Built target person_msgs__rosidl_generator_c
[5.888s] [ 29%] [34m[1mGenerating C introspection for ROS interfaces[0m
[5.888s] [ 29%] [34m[1mGenerating C type support dispatch for ROS interfaces[0m
[5.921s] [35m[1mScanning dependencies of target person_msgs__rosidl_typesupport_cpp[0m
[5.937s] [ 32%] [32mBuilding CXX object CMakeFiles/person_msgs__rosidl_typesupport_cpp.dir/rosidl_typesupport_cpp/person_msgs/msg/person__type_support.cpp.o[0m
[5.948s] [35m[1mScanning dependencies of target person_msgs__rosidl_typesupport_fastrtps_cpp[0m
[5.964s] [35m[1mScanning dependencies of target person_msgs__rosidl_typesupport_introspection_cpp[0m
[5.968s] [ 35%] [32mBuilding CXX object CMakeFiles/person_msgs__rosidl_typesupport_fastrtps_cpp.dir/rosidl_typesupport_fastrtps_cpp/person_msgs/msg/detail/dds_fastrtps/person__type_support.cpp.o[0m
[5.977s] [ 38%] [32mBuilding CXX object CMakeFiles/person_msgs__rosidl_typesupport_introspection_cpp.dir/rosidl_typesupport_introspection_cpp/person_msgs/msg/detail/person__type_support.cpp.o[0m
[6.117s] [35m[1mScanning dependencies of target person_msgs__rosidl_typesupport_c[0m
[6.131s] [ 41%] [32mBuilding CXX object CMakeFiles/person_msgs__rosidl_typesupport_c.dir/rosidl_typesupport_c/person_msgs/msg/person__type_support.cpp.o[0m
[6.144s] [35m[1mScanning dependencies of target person_msgs__rosidl_typesupport_introspection_c[0m
[6.157s] [ 45%] [32mBuilding C object CMakeFiles/person_msgs__rosidl_typesupport_introspection_c.dir/rosidl_typesupport_introspection_c/person_msgs/msg/detail/person__type_support.c.o[0m
[6.161s] [ 48%] [32m[1mLinking CXX shared library libperson_msgs__rosidl_typesupport_c.so[0m
[6.186s] [ 51%] [32m[1mLinking C shared library libperson_msgs__rosidl_typesupport_introspection_c.so[0m
[6.237s] [ 51%] Built target person_msgs__rosidl_typesupport_c
[6.248s] [ 51%] Built target person_msgs__rosidl_typesupport_introspection_c
[6.273s] [ 54%] [32m[1mLinking CXX shared library libperson_msgs__rosidl_typesupport_cpp.so[0m
[6.274s] [ 58%] [32m[1mLinking CXX shared library libperson_msgs__rosidl_typesupport_introspection_cpp.so[0m
[6.335s] [ 58%] Built target person_msgs__rosidl_typesupport_cpp
[6.351s] [ 58%] Built target person_msgs__rosidl_typesupport_introspection_cpp
[6.397s] [ 61%] [32m[1mLinking CXX shared library libperson_msgs__rosidl_typesupport_fastrtps_cpp.so[0m
[6.483s] [ 61%] Built target person_msgs__rosidl_typesupport_fastrtps_cpp
[6.491s] [ 64%] [34m[1mGenerating C type support for eProsima Fast-RTPS[0m
[6.647s] [35m[1mScanning dependencies of target person_msgs__rosidl_typesupport_fastrtps_c[0m
[6.658s] [ 67%] [32mBuilding CXX object CMakeFiles/person_msgs__rosidl_typesupport_fastrtps_c.dir/rosidl_typesupport_fastrtps_c/person_msgs/msg/detail/person__type_support_c.cpp.o[0m
[6.877s] [ 70%] [32m[1mLinking CXX shared library libperson_msgs__rosidl_typesupport_fastrtps_c.so[0m
[6.972s] [ 70%] Built target person_msgs__rosidl_typesupport_fastrtps_c
[6.978s] [35m[1mScanning dependencies of target person_msgs[0m
[6.985s] [ 70%] Built target person_msgs
[6.992s] [35m[1mScanning dependencies of target person_msgs__py[0m
[6.999s] [ 74%] [34m[1mGenerating Python code for ROS interfaces[0m
[7.252s] [ 74%] Built target person_msgs__py
[7.259s] [35m[1mScanning dependencies of target person_msgs__python[0m
[7.298s] [ 77%] [32mBuilding C object CMakeFiles/person_msgs__python.dir/rosidl_generator_py/person_msgs/msg/_person_s.c.o[0m
[7.372s] [ 80%] [32m[1mLinking C shared library rosidl_generator_py/person_msgs/libperson_msgs__python.so[0m
[7.428s] [ 80%] Built target person_msgs__python
[7.435s] [35m[1mScanning dependencies of target person_msgs__rosidl_typesupport_c__pyext[0m
[7.435s] [35m[1mScanning dependencies of target person_msgs__rosidl_typesupport_introspection_c__pyext[0m
[7.436s] [35m[1mScanning dependencies of target person_msgs__rosidl_typesupport_fastrtps_c__pyext[0m
[7.447s] [ 83%] [32mBuilding C object CMakeFiles/person_msgs__rosidl_typesupport_c__pyext.dir/rosidl_generator_py/person_msgs/_person_msgs_s.ep.rosidl_typesupport_c.c.o[0m
[7.448s] [ 87%] [32mBuilding C object CMakeFiles/person_msgs__rosidl_typesupport_fastrtps_c__pyext.dir/rosidl_generator_py/person_msgs/_person_msgs_s.ep.rosidl_typesupport_fastrtps_c.c.o[0m
[7.448s] [ 90%] [32mBuilding C object CMakeFiles/person_msgs__rosidl_typesupport_introspection_c__pyext.dir/rosidl_generator_py/person_msgs/_person_msgs_s.ep.rosidl_typesupport_introspection_c.c.o[0m
[7.509s] [ 93%] [32m[1mLinking C shared library rosidl_generator_py/person_msgs/person_msgs_s__rosidl_typesupport_introspection_c.cpython-38-x86_64-linux-gnu.so[0m
[7.510s] [ 96%] [32m[1mLinking CXX shared library rosidl_generator_py/person_msgs/person_msgs_s__rosidl_typesupport_fastrtps_c.cpython-38-x86_64-linux-gnu.so[0m
[7.519s] [100%] [32m[1mLinking C shared library rosidl_generator_py/person_msgs/person_msgs_s__rosidl_typesupport_c.cpython-38-x86_64-linux-gnu.so[0m
[7.563s] [100%] Built target person_msgs__rosidl_typesupport_introspection_c__pyext
[7.576s] [100%] Built target person_msgs__rosidl_typesupport_c__pyext
[7.591s] [100%] Built target person_msgs__rosidl_typesupport_fastrtps_c__pyext
[7.600s] Invoked command in '/home/ryousuke/ros2_ws/build/person_msgs' returned '0': CMAKE_PREFIX_PATH=/home/ryousuke/ros2_ws/install/mypkg:/opt/ros/foxy /usr/bin/cmake --build /home/ryousuke/ros2_ws/build/person_msgs -- -j8 -l8
[7.648s] Invoking command in '/home/ryousuke/ros2_ws/build/person_msgs': CMAKE_PREFIX_PATH=/home/ryousuke/ros2_ws/install/mypkg:/opt/ros/foxy /usr/bin/cmake --install /home/ryousuke/ros2_ws/build/person_msgs
[7.654s] -- Install configuration: ""
[7.655s] -- Installing: /home/ryousuke/ros2_ws/install/person_msgs/share/ament_index/resource_index/rosidl_interfaces/person_msgs
[7.655s] -- Installing: /home/ryousuke/ros2_ws/install/person_msgs/include/person_msgs
[7.655s] -- Installing: /home/ryousuke/ros2_ws/install/person_msgs/include/person_msgs/msg
[7.655s] -- Installing: /home/ryousuke/ros2_ws/install/person_msgs/include/person_msgs/msg/person.h
[7.655s] -- Installing: /home/ryousuke/ros2_ws/install/person_msgs/include/person_msgs/msg/rosidl_generator_c__visibility_control.h
[7.655s] -- Installing: /home/ryousuke/ros2_ws/install/person_msgs/include/person_msgs/msg/detail
[7.655s] -- Installing: /home/ryousuke/ros2_ws/install/person_msgs/include/person_msgs/msg/detail/person__functions.c
[7.655s] -- Installing: /home/ryousuke/ros2_ws/install/person_msgs/include/person_msgs/msg/detail/person__type_support.h
[7.655s] -- Installing: /home/ryousuke/ros2_ws/install/person_msgs/include/person_msgs/msg/detail/person__functions.h
[7.655s] -- Installing: /home/ryousuke/ros2_ws/install/person_msgs/include/person_msgs/msg/detail/person__struct.h
[7.656s] -- Installing: /home/ryousuke/ros2_ws/install/person_msgs/share/person_msgs/environment/library_path.sh
[7.656s] -- Installing: /home/ryousuke/ros2_ws/install/person_msgs/share/person_msgs/environment/library_path.dsv
[7.656s] -- Installing: /home/ryousuke/ros2_ws/install/person_msgs/lib/libperson_msgs__rosidl_generator_c.so
[7.656s] -- Set runtime path of "/home/ryousuke/ros2_ws/install/person_msgs/lib/libperson_msgs__rosidl_generator_c.so" to ""
[7.656s] -- Up-to-date: /home/ryousuke/ros2_ws/install/person_msgs/include/person_msgs
[7.656s] -- Up-to-date: /home/ryousuke/ros2_ws/install/person_msgs/include/person_msgs/msg
[7.656s] -- Installing: /home/ryousuke/ros2_ws/install/person_msgs/include/person_msgs/msg/rosidl_typesupport_fastrtps_c__visibility_control.h
[7.656s] -- Up-to-date: /home/ryousuke/ros2_ws/install/person_msgs/include/person_msgs/msg/detail
[7.656s] -- Installing: /home/ryousuke/ros2_ws/install/person_msgs/include/person_msgs/msg/detail/person__rosidl_typesupport_fastrtps_c.h
[7.656s] -- Installing: /home/ryousuke/ros2_ws/install/person_msgs/lib/libperson_msgs__rosidl_typesupport_fastrtps_c.so
[7.656s] -- Set runtime path of "/home/ryousuke/ros2_ws/install/person_msgs/lib/libperson_msgs__rosidl_typesupport_fastrtps_c.so" to ""
[7.657s] -- Up-to-date: /home/ryousuke/ros2_ws/install/person_msgs/include/person_msgs
[7.657s] -- Up-to-date: /home/ryousuke/ros2_ws/install/person_msgs/include/person_msgs/msg
[7.657s] -- Installing: /home/ryousuke/ros2_ws/install/person_msgs/include/person_msgs/msg/rosidl_typesupport_fastrtps_cpp__visibility_control.h
[7.657s] -- Up-to-date: /home/ryousuke/ros2_ws/install/person_msgs/include/person_msgs/msg/detail
[7.657s] -- Installing: /home/ryousuke/ros2_ws/install/person_msgs/include/person_msgs/msg/detail/dds_fastrtps
[7.657s] -- Installing: /home/ryousuke/ros2_ws/install/person_msgs/include/person_msgs/msg/detail/person__rosidl_typesupport_fastrtps_cpp.hpp
[7.657s] -- Installing: /home/ryousuke/ros2_ws/install/person_msgs/lib/libperson_msgs__rosidl_typesupport_fastrtps_cpp.so
[7.657s] -- Set runtime path of "/home/ryousuke/ros2_ws/install/person_msgs/lib/libperson_msgs__rosidl_typesupport_fastrtps_cpp.so" to ""
[7.657s] -- Up-to-date: /home/ryousuke/ros2_ws/install/person_msgs/include/person_msgs
[7.658s] -- Up-to-date: /home/ryousuke/ros2_ws/install/person_msgs/include/person_msgs/msg
[7.658s] -- Installing: /home/ryousuke/ros2_ws/install/person_msgs/include/person_msgs/msg/rosidl_typesupport_introspection_c__visibility_control.h
[7.658s] -- Up-to-date: /home/ryousuke/ros2_ws/install/person_msgs/include/person_msgs/msg/detail
[7.658s] -- Installing: /home/ryousuke/ros2_ws/install/person_msgs/include/person_msgs/msg/detail/person__type_support.c
[7.658s] -- Installing: /home/ryousuke/ros2_ws/install/person_msgs/include/person_msgs/msg/detail/person__rosidl_typesupport_introspection_c.h
[7.658s] -- Installing: /home/ryousuke/ros2_ws/install/person_msgs/lib/libperson_msgs__rosidl_typesupport_introspection_c.so
[7.659s] -- Set runtime path of "/home/ryousuke/ros2_ws/install/person_msgs/lib/libperson_msgs__rosidl_typesupport_introspection_c.so" to ""
[7.659s] -- Installing: /home/ryousuke/ros2_ws/install/person_msgs/lib/libperson_msgs__rosidl_typesupport_c.so
[7.659s] -- Set runtime path of "/home/ryousuke/ros2_ws/install/person_msgs/lib/libperson_msgs__rosidl_typesupport_c.so" to ""
[7.659s] -- Up-to-date: /home/ryousuke/ros2_ws/install/person_msgs/include/person_msgs
[7.659s] -- Up-to-date: /home/ryousuke/ros2_ws/install/person_msgs/include/person_msgs/msg
[7.659s] -- Installing: /home/ryousuke/ros2_ws/install/person_msgs/include/person_msgs/msg/person.hpp
[7.659s] -- Installing: /home/ryousuke/ros2_ws/install/person_msgs/include/person_msgs/msg/rosidl_generator_cpp__visibility_control.hpp
[7.659s] -- Up-to-date: /home/ryousuke/ros2_ws/install/person_msgs/include/person_msgs/msg/detail
[7.659s] -- Installing: /home/ryousuke/ros2_ws/install/person_msgs/include/person_msgs/msg/detail/person__builder.hpp
[7.660s] -- Installing: /home/ryousuke/ros2_ws/install/person_msgs/include/person_msgs/msg/detail/person__type_support.hpp
[7.660s] -- Installing: /home/ryousuke/ros2_ws/install/person_msgs/include/person_msgs/msg/detail/person__traits.hpp
[7.660s] -- Installing: /home/ryousuke/ros2_ws/install/person_msgs/include/person_msgs/msg/detail/person__struct.hpp
[7.660s] -- Up-to-date: /home/ryousuke/ros2_ws/install/person_msgs/include/person_msgs
[7.660s] -- Up-to-date: /home/ryousuke/ros2_ws/install/person_msgs/include/person_msgs/msg
[7.660s] -- Up-to-date: /home/ryousuke/ros2_ws/install/person_msgs/include/person_msgs/msg/detail
[7.660s] -- Installing: /home/ryousuke/ros2_ws/install/person_msgs/include/person_msgs/msg/detail/person__rosidl_typesupport_introspection_cpp.hpp
[7.660s] -- Installing: /home/ryousuke/ros2_ws/install/person_msgs/include/person_msgs/msg/detail/person__type_support.cpp
[7.660s] -- Installing: /home/ryousuke/ros2_ws/install/person_msgs/lib/libperson_msgs__rosidl_typesupport_introspection_cpp.so
[7.661s] -- Set runtime path of "/home/ryousuke/ros2_ws/install/person_msgs/lib/libperson_msgs__rosidl_typesupport_introspection_cpp.so" to ""
[7.661s] -- Installing: /home/ryousuke/ros2_ws/install/person_msgs/lib/libperson_msgs__rosidl_typesupport_cpp.so
[7.661s] -- Set runtime path of "/home/ryousuke/ros2_ws/install/person_msgs/lib/libperson_msgs__rosidl_typesupport_cpp.so" to ""
[7.661s] -- Installing: /home/ryousuke/ros2_ws/install/person_msgs/share/person_msgs/environment/pythonpath.sh
[7.661s] -- Installing: /home/ryousuke/ros2_ws/install/person_msgs/share/person_msgs/environment/pythonpath.dsv
[7.661s] -- Installing: /home/ryousuke/ros2_ws/install/person_msgs/lib/python3.8/site-packages/person_msgs/__init__.py
[7.682s] Compiling '/home/ryousuke/ros2_ws/install/person_msgs/lib/python3.8/site-packages/person_msgs/__init__.py'...
[7.685s] -- Installing: /home/ryousuke/ros2_ws/install/person_msgs/lib/python3.8/site-packages/person_msgs/msg
[7.685s] -- Installing: /home/ryousuke/ros2_ws/install/person_msgs/lib/python3.8/site-packages/person_msgs/msg/_person.py
[7.686s] -- Installing: /home/ryousuke/ros2_ws/install/person_msgs/lib/python3.8/site-packages/person_msgs/msg/_person_s.c
[7.686s] -- Installing: /home/ryousuke/ros2_ws/install/person_msgs/lib/python3.8/site-packages/person_msgs/msg/__init__.py
[7.686s] -- Installing: /home/ryousuke/ros2_ws/install/person_msgs/lib/python3.8/site-packages/person_msgs/person_msgs_s__rosidl_typesupport_fastrtps_c.cpython-38-x86_64-linux-gnu.so
[7.686s] -- Set runtime path of "/home/ryousuke/ros2_ws/install/person_msgs/lib/python3.8/site-packages/person_msgs/person_msgs_s__rosidl_typesupport_fastrtps_c.cpython-38-x86_64-linux-gnu.so" to ""
[7.686s] -- Installing: /home/ryousuke/ros2_ws/install/person_msgs/lib/python3.8/site-packages/person_msgs/person_msgs_s__rosidl_typesupport_introspection_c.cpython-38-x86_64-linux-gnu.so
[7.686s] -- Set runtime path of "/home/ryousuke/ros2_ws/install/person_msgs/lib/python3.8/site-packages/person_msgs/person_msgs_s__rosidl_typesupport_introspection_c.cpython-38-x86_64-linux-gnu.so" to ""
[7.686s] -- Installing: /home/ryousuke/ros2_ws/install/person_msgs/lib/python3.8/site-packages/person_msgs/person_msgs_s__rosidl_typesupport_c.cpython-38-x86_64-linux-gnu.so
[7.687s] -- Set runtime path of "/home/ryousuke/ros2_ws/install/person_msgs/lib/python3.8/site-packages/person_msgs/person_msgs_s__rosidl_typesupport_c.cpython-38-x86_64-linux-gnu.so" to ""
[7.687s] -- Installing: /home/ryousuke/ros2_ws/install/person_msgs/lib/libperson_msgs__python.so
[7.687s] -- Set runtime path of "/home/ryousuke/ros2_ws/install/person_msgs/lib/libperson_msgs__python.so" to ""
[7.687s] -- Installing: /home/ryousuke/ros2_ws/install/person_msgs/share/person_msgs/msg/Person.idl
[7.687s] -- Installing: /home/ryousuke/ros2_ws/install/person_msgs/share/person_msgs/msg/Person.msg
[7.687s] -- Installing: /home/ryousuke/ros2_ws/install/person_msgs/share/ament_index/resource_index/package_run_dependencies/person_msgs
[7.687s] -- Installing: /home/ryousuke/ros2_ws/install/person_msgs/share/ament_index/resource_index/parent_prefix_path/person_msgs
[7.688s] -- Installing: /home/ryousuke/ros2_ws/install/person_msgs/share/person_msgs/environment/ament_prefix_path.sh
[7.688s] -- Installing: /home/ryousuke/ros2_ws/install/person_msgs/share/person_msgs/environment/ament_prefix_path.dsv
[7.688s] -- Installing: /home/ryousuke/ros2_ws/install/person_msgs/share/person_msgs/environment/path.sh
[7.688s] -- Installing: /home/ryousuke/ros2_ws/install/person_msgs/share/person_msgs/environment/path.dsv
[7.688s] -- Installing: /home/ryousuke/ros2_ws/install/person_msgs/share/person_msgs/local_setup.bash
[7.688s] -- Installing: /home/ryousuke/ros2_ws/install/person_msgs/share/person_msgs/local_setup.sh
[7.688s] -- Installing: /home/ryousuke/ros2_ws/install/person_msgs/share/person_msgs/local_setup.zsh
[7.689s] -- Installing: /home/ryousuke/ros2_ws/install/person_msgs/share/person_msgs/local_setup.dsv
[7.689s] -- Installing: /home/ryousuke/ros2_ws/install/person_msgs/share/person_msgs/package.dsv
[7.689s] -- Installing: /home/ryousuke/ros2_ws/install/person_msgs/share/ament_index/resource_index/packages/person_msgs
[7.689s] -- Installing: /home/ryousuke/ros2_ws/install/person_msgs/share/person_msgs/cmake/person_msgs__rosidl_generator_cExport.cmake
[7.689s] -- Installing: /home/ryousuke/ros2_ws/install/person_msgs/share/person_msgs/cmake/person_msgs__rosidl_generator_cExport-noconfig.cmake
[7.689s] -- Installing: /home/ryousuke/ros2_ws/install/person_msgs/share/person_msgs/cmake/person_msgs__rosidl_typesupport_introspection_cExport.cmake
[7.689s] -- Installing: /home/ryousuke/ros2_ws/install/person_msgs/share/person_msgs/cmake/person_msgs__rosidl_typesupport_introspection_cExport-noconfig.cmake
[7.689s] -- Installing: /home/ryousuke/ros2_ws/install/person_msgs/share/person_msgs/cmake/person_msgs__rosidl_typesupport_cExport.cmake
[7.689s] -- Installing: /home/ryousuke/ros2_ws/install/person_msgs/share/person_msgs/cmake/person_msgs__rosidl_typesupport_cExport-noconfig.cmake
[7.690s] -- Installing: /home/ryousuke/ros2_ws/install/person_msgs/share/person_msgs/cmake/person_msgs__rosidl_generator_cppExport.cmake
[7.690s] -- Installing: /home/ryousuke/ros2_ws/install/person_msgs/share/person_msgs/cmake/person_msgs__rosidl_typesupport_introspection_cppExport.cmake
[7.690s] -- Installing: /home/ryousuke/ros2_ws/install/person_msgs/share/person_msgs/cmake/person_msgs__rosidl_typesupport_introspection_cppExport-noconfig.cmake
[7.690s] -- Installing: /home/ryousuke/ros2_ws/install/person_msgs/share/person_msgs/cmake/person_msgs__rosidl_typesupport_cppExport.cmake
[7.690s] -- Installing: /home/ryousuke/ros2_ws/install/person_msgs/share/person_msgs/cmake/person_msgs__rosidl_typesupport_cppExport-noconfig.cmake
[7.690s] -- Installing: /home/ryousuke/ros2_ws/install/person_msgs/share/person_msgs/cmake/rosidl_cmake-extras.cmake
[7.690s] -- Installing: /home/ryousuke/ros2_ws/install/person_msgs/share/person_msgs/cmake/ament_cmake_export_dependencies-extras.cmake
[7.690s] -- Installing: /home/ryousuke/ros2_ws/install/person_msgs/share/person_msgs/cmake/ament_cmake_export_libraries-extras.cmake
[7.690s] -- Installing: /home/ryousuke/ros2_ws/install/person_msgs/share/person_msgs/cmake/ament_cmake_export_targets-extras.cmake
[7.690s] -- Installing: /home/ryousuke/ros2_ws/install/person_msgs/share/person_msgs/cmake/ament_cmake_export_include_directories-extras.cmake
[7.690s] -- Installing: /home/ryousuke/ros2_ws/install/person_msgs/share/person_msgs/cmake/rosidl_cmake_export_typesupport_libraries-extras.cmake
[7.691s] -- Installing: /home/ryousuke/ros2_ws/install/person_msgs/share/person_msgs/cmake/rosidl_cmake_export_typesupport_targets-extras.cmake
[7.691s] -- Installing: /home/ryousuke/ros2_ws/install/person_msgs/share/person_msgs/cmake/person_msgsConfig.cmake
[7.691s] -- Installing: /home/ryousuke/ros2_ws/install/person_msgs/share/person_msgs/cmake/person_msgsConfig-version.cmake
[7.691s] -- Installing: /home/ryousuke/ros2_ws/install/person_msgs/share/person_msgs/package.xml
[7.693s] Invoked command in '/home/ryousuke/ros2_ws/build/person_msgs' returned '0': CMAKE_PREFIX_PATH=/home/ryousuke/ros2_ws/install/mypkg:/opt/ros/foxy /usr/bin/cmake --install /home/ryousuke/ros2_ws/build/person_msgs
