[1.265s] Invoking command in '/home/ryousuke/ros2_ws/src/mypkg': PYTHONPATH=/home/ryousuke/ros2_ws/build/mypkg/prefix_override:/home/ryousuke/ros2_ws/install/mypkg/lib/python3.8/site-packages:${PYTHONPATH} /usr/bin/python3 setup.py egg_info --egg-base ../../build/mypkg build --build-base /home/ryousuke/ros2_ws/build/mypkg/build install --record /home/ryousuke/ros2_ws/build/mypkg/install.log --install-scripts $base/lib/mypkg --single-version-externally-managed
[1.485s] running egg_info
[1.485s] writing ../../build/mypkg/mypkg.egg-info/PKG-INFO
[1.485s] writing dependency_links to ../../build/mypkg/mypkg.egg-info/dependency_links.txt
[1.485s] writing entry points to ../../build/mypkg/mypkg.egg-info/entry_points.txt
[1.486s] writing requirements to ../../build/mypkg/mypkg.egg-info/requires.txt
[1.486s] writing top-level names to ../../build/mypkg/mypkg.egg-info/top_level.txt
[1.514s] reading manifest file '../../build/mypkg/mypkg.egg-info/SOURCES.txt'
[1.514s] writing manifest file '../../build/mypkg/mypkg.egg-info/SOURCES.txt'
[1.515s] running build
[1.518s] running build_py
[1.518s] copying mypkg/talker.py -> /home/ryousuke/ros2_ws/build/mypkg/build/lib/mypkg
[1.518s] running install
[1.518s] running install_lib
[1.519s] copying /home/ryousuke/ros2_ws/build/mypkg/build/lib/mypkg/talker.py -> /home/ryousuke/ros2_ws/install/mypkg/lib/python3.8/site-packages/mypkg
[1.520s] byte-compiling /home/ryousuke/ros2_ws/install/mypkg/lib/python3.8/site-packages/mypkg/talker.py to talker.cpython-38.pyc
[1.521s] running install_data
[1.521s] running install_egg_info
[1.523s] removing '/home/ryousuke/ros2_ws/install/mypkg/lib/python3.8/site-packages/mypkg-0.0.0-py3.8.egg-info' (and everything under it)
[1.524s] Copying ../../build/mypkg/mypkg.egg-info to /home/ryousuke/ros2_ws/install/mypkg/lib/python3.8/site-packages/mypkg-0.0.0-py3.8.egg-info
[1.525s] running install_scripts
[1.548s] Installing listener script to /home/ryousuke/ros2_ws/install/mypkg/lib/mypkg
[1.549s] Installing talker script to /home/ryousuke/ros2_ws/install/mypkg/lib/mypkg
[1.549s] writing list of installed files to '/home/ryousuke/ros2_ws/build/mypkg/install.log'
[1.573s] Invoked command in '/home/ryousuke/ros2_ws/src/mypkg' returned '0': PYTHONPATH=/home/ryousuke/ros2_ws/build/mypkg/prefix_override:/home/ryousuke/ros2_ws/install/mypkg/lib/python3.8/site-packages:${PYTHONPATH} /usr/bin/python3 setup.py egg_info --egg-base ../../build/mypkg build --build-base /home/ryousuke/ros2_ws/build/mypkg/build install --record /home/ryousuke/ros2_ws/build/mypkg/install.log --install-scripts $base/lib/mypkg --single-version-externally-managed
