[0.880s] Invoking command in '/home/ryousuke/ros2_ws/src/mypkg': PYTHONPATH=/home/ryousuke/ros2_ws/build/mypkg/prefix_override:/home/ryousuke/ros2_ws/install/mypkg/lib/python3.8/site-packages:${PYTHONPATH} /usr/bin/python3 setup.py egg_info --egg-base ../../build/mypkg build --build-base /home/ryousuke/ros2_ws/build/mypkg/build install --record /home/ryousuke/ros2_ws/build/mypkg/install.log --install-scripts $base/lib/mypkg --single-version-externally-managed
[1.020s] running egg_info
[1.021s] writing ../../build/mypkg/mypkg.egg-info/PKG-INFO
[1.021s] writing dependency_links to ../../build/mypkg/mypkg.egg-info/dependency_links.txt
[1.021s] writing entry points to ../../build/mypkg/mypkg.egg-info/entry_points.txt
[1.021s] writing requirements to ../../build/mypkg/mypkg.egg-info/requires.txt
[1.021s] writing top-level names to ../../build/mypkg/mypkg.egg-info/top_level.txt
[1.048s] reading manifest file '../../build/mypkg/mypkg.egg-info/SOURCES.txt'
[1.048s] writing manifest file '../../build/mypkg/mypkg.egg-info/SOURCES.txt'
[1.048s] running build
[1.049s] running build_py
[1.049s] copying mypkg/listener.py -> /home/ryousuke/ros2_ws/build/mypkg/build/lib/mypkg
[1.049s] running install
[1.049s] running install_lib
[1.049s] copying /home/ryousuke/ros2_ws/build/mypkg/build/lib/mypkg/listener.py -> /home/ryousuke/ros2_ws/install/mypkg/lib/python3.8/site-packages/mypkg
[1.050s] byte-compiling /home/ryousuke/ros2_ws/install/mypkg/lib/python3.8/site-packages/mypkg/listener.py to listener.cpython-38.pyc
[1.050s] running install_data
[1.051s] Sorry: IndentationError: unindent does not match any outer indentation level (listener.py, line 28)
[1.051s] running install_egg_info
[1.052s] removing '/home/ryousuke/ros2_ws/install/mypkg/lib/python3.8/site-packages/mypkg-0.0.0-py3.8.egg-info' (and everything under it)
[1.053s] Copying ../../build/mypkg/mypkg.egg-info to /home/ryousuke/ros2_ws/install/mypkg/lib/python3.8/site-packages/mypkg-0.0.0-py3.8.egg-info
[1.054s] running install_scripts
[1.070s] Installing listener script to /home/ryousuke/ros2_ws/install/mypkg/lib/mypkg
[1.070s] Installing talker script to /home/ryousuke/ros2_ws/install/mypkg/lib/mypkg
[1.070s] writing list of installed files to '/home/ryousuke/ros2_ws/build/mypkg/install.log'
[1.084s] Invoked command in '/home/ryousuke/ros2_ws/src/mypkg' returned '0': PYTHONPATH=/home/ryousuke/ros2_ws/build/mypkg/prefix_override:/home/ryousuke/ros2_ws/install/mypkg/lib/python3.8/site-packages:${PYTHONPATH} /usr/bin/python3 setup.py egg_info --egg-base ../../build/mypkg build --build-base /home/ryousuke/ros2_ws/build/mypkg/build install --record /home/ryousuke/ros2_ws/build/mypkg/install.log --install-scripts $base/lib/mypkg --single-version-externally-managed
