[0.417s] Invoking command in '/home/ryousuke/ros2_ws/build/person_msgs': CMAKE_PREFIX_PATH=${CMAKE_PREFIX_PATH}:/home/ryousuke/ros2_ws/install/mypkg:/opt/ros/foxy /usr/bin/cmake --build /home/ryousuke/ros2_ws/build/person_msgs -- -j8 -l8
[0.447s] -- Found ament_cmake: 0.9.12 (/opt/ros/foxy/share/ament_cmake/cmake)
[0.469s] -- Found PythonInterp: /usr/bin/python3 (found suitable version "3.8.10", minimum required is "3") 
[0.469s] -- Using PYTHON_EXECUTABLE: /usr/bin/python3
[0.619s] -- Found rosidl_default_generators: 1.0.1 (/opt/ros/foxy/share/rosidl_default_generators/cmake)
[0.621s] -- Using all available rosidl_typesupport_c: rosidl_typesupport_fastrtps_c;rosidl_typesupport_introspection_c
[0.627s] -- Found rosidl_adapter: 1.3.1 (/opt/ros/foxy/share/rosidl_adapter/cmake)
[2.833s] -- Using all available rosidl_typesupport_cpp: rosidl_typesupport_fastrtps_cpp;rosidl_typesupport_introspection_cpp
[2.867s] -- Found PythonInterp: /usr/bin/python3 (found version "3.8.10") 
[2.958s] -- Found ament_cmake_ros: 0.9.2 (/opt/ros/foxy/share/ament_cmake_ros/cmake)
[4.856s] -- Using all available rosidl_typesupport_c: rosidl_typesupport_fastrtps_c;rosidl_typesupport_introspection_c
[4.861s] -- Using all available rosidl_typesupport_cpp: rosidl_typesupport_fastrtps_cpp;rosidl_typesupport_introspection_cpp
[4.879s] -- Found PythonInterp: /usr/bin/python3 (found suitable version "3.8.10", minimum required is "3.5") 
[4.879s] -- Found python_cmake_module: 0.8.1 (/opt/ros/foxy/share/python_cmake_module/cmake)
[4.897s] -- Using PYTHON_EXECUTABLE: /usr/bin/python3
[4.897s] -- Using PYTHON_INCLUDE_DIRS: /usr/include/python3.8
[4.897s] -- Using PYTHON_LIBRARIES: /usr/lib/x86_64-linux-gnu/libpython3.8.so
[4.908s] -- Found ament_lint_auto: 0.9.8 (/opt/ros/foxy/share/ament_lint_auto/cmake)
[4.920s] -- Added test 'copyright' to check source files copyright and LICENSE
[4.922s] -- Added test 'lint_cmake' to check CMake code style
[4.922s] -- Added test 'xmllint' to check XML markup files
[4.927s] -- Configuring done
[4.956s] -- Generating done
[4.960s] -- Build files have been written to: /home/ryousuke/ros2_ws/build/person_msgs
[4.992s] [  6%] Built target person_msgs__cpp
[4.992s] [ 12%] Built target person_msgs__rosidl_generator_c
[5.011s] [ 32%] Built target person_msgs__rosidl_typesupport_introspection_c
[5.011s] [ 29%] Built target person_msgs__rosidl_typesupport_cpp
[5.011s] [ 41%] Built target person_msgs__rosidl_typesupport_c
[5.012s] [ 51%] Built target person_msgs__rosidl_typesupport_introspection_cpp
[5.013s] [ 61%] Built target person_msgs__rosidl_typesupport_fastrtps_cpp
[5.032s] [ 70%] Built target person_msgs__rosidl_typesupport_fastrtps_c
[5.050s] [ 70%] Built target person_msgs
[5.067s] [ 74%] Built target person_msgs__py
[5.087s] [ 80%] Built target person_msgs__python
[5.108s] [ 87%] Built target person_msgs__rosidl_typesupport_fastrtps_c__pyext
[5.108s] [ 93%] Built target person_msgs__rosidl_typesupport_c__pyext
[5.110s] [100%] Built target person_msgs__rosidl_typesupport_introspection_c__pyext
[5.119s] Invoked command in '/home/ryousuke/ros2_ws/build/person_msgs' returned '0': CMAKE_PREFIX_PATH=${CMAKE_PREFIX_PATH}:/home/ryousuke/ros2_ws/install/mypkg:/opt/ros/foxy /usr/bin/cmake --build /home/ryousuke/ros2_ws/build/person_msgs -- -j8 -l8
[5.185s] Invoking command in '/home/ryousuke/ros2_ws/build/person_msgs': CMAKE_PREFIX_PATH=${CMAKE_PREFIX_PATH}:/home/ryousuke/ros2_ws/install/mypkg:/opt/ros/foxy /usr/bin/cmake --install /home/ryousuke/ros2_ws/build/person_msgs
[5.191s] -- Install configuration: ""
[5.192s] -- Up-to-date: /home/ryousuke/ros2_ws/install/person_msgs/share/ament_index/resource_index/rosidl_interfaces/person_msgs
[5.192s] -- Up-to-date: /home/ryousuke/ros2_ws/install/person_msgs/include/person_msgs
[5.192s] -- Up-to-date: /home/ryousuke/ros2_ws/install/person_msgs/include/person_msgs/msg
[5.192s] -- Up-to-date: /home/ryousuke/ros2_ws/install/person_msgs/include/person_msgs/msg/person.h
[5.192s] -- Up-to-date: /home/ryousuke/ros2_ws/install/person_msgs/include/person_msgs/msg/rosidl_generator_c__visibility_control.h
[5.192s] -- Up-to-date: /home/ryousuke/ros2_ws/install/person_msgs/include/person_msgs/msg/detail
[5.192s] -- Up-to-date: /home/ryousuke/ros2_ws/install/person_msgs/include/person_msgs/msg/detail/person__functions.c
[5.192s] -- Up-to-date: /home/ryousuke/ros2_ws/install/person_msgs/include/person_msgs/msg/detail/person__type_support.h
[5.192s] -- Up-to-date: /home/ryousuke/ros2_ws/install/person_msgs/include/person_msgs/msg/detail/person__functions.h
[5.192s] -- Up-to-date: /home/ryousuke/ros2_ws/install/person_msgs/include/person_msgs/msg/detail/person__struct.h
[5.192s] -- Up-to-date: /home/ryousuke/ros2_ws/install/person_msgs/share/person_msgs/environment/library_path.sh
[5.192s] -- Installing: /home/ryousuke/ros2_ws/install/person_msgs/share/person_msgs/environment/library_path.dsv
[5.192s] -- Up-to-date: /home/ryousuke/ros2_ws/install/person_msgs/lib/libperson_msgs__rosidl_generator_c.so
[5.192s] -- Up-to-date: /home/ryousuke/ros2_ws/install/person_msgs/include/person_msgs
[5.193s] -- Up-to-date: /home/ryousuke/ros2_ws/install/person_msgs/include/person_msgs/msg
[5.193s] -- Up-to-date: /home/ryousuke/ros2_ws/install/person_msgs/include/person_msgs/msg/rosidl_typesupport_fastrtps_c__visibility_control.h
[5.193s] -- Up-to-date: /home/ryousuke/ros2_ws/install/person_msgs/include/person_msgs/msg/detail
[5.193s] -- Up-to-date: /home/ryousuke/ros2_ws/install/person_msgs/include/person_msgs/msg/detail/person__rosidl_typesupport_fastrtps_c.h
[5.193s] -- Up-to-date: /home/ryousuke/ros2_ws/install/person_msgs/lib/libperson_msgs__rosidl_typesupport_fastrtps_c.so
[5.193s] -- Up-to-date: /home/ryousuke/ros2_ws/install/person_msgs/include/person_msgs
[5.194s] -- Up-to-date: /home/ryousuke/ros2_ws/install/person_msgs/include/person_msgs/msg
[5.194s] -- Up-to-date: /home/ryousuke/ros2_ws/install/person_msgs/include/person_msgs/msg/rosidl_typesupport_fastrtps_cpp__visibility_control.h
[5.194s] -- Up-to-date: /home/ryousuke/ros2_ws/install/person_msgs/include/person_msgs/msg/detail
[5.194s] -- Up-to-date: /home/ryousuke/ros2_ws/install/person_msgs/include/person_msgs/msg/detail/dds_fastrtps
[5.194s] -- Up-to-date: /home/ryousuke/ros2_ws/install/person_msgs/include/person_msgs/msg/detail/person__rosidl_typesupport_fastrtps_cpp.hpp
[5.195s] -- Up-to-date: /home/ryousuke/ros2_ws/install/person_msgs/lib/libperson_msgs__rosidl_typesupport_fastrtps_cpp.so
[5.195s] -- Up-to-date: /home/ryousuke/ros2_ws/install/person_msgs/include/person_msgs
[5.195s] -- Up-to-date: /home/ryousuke/ros2_ws/install/person_msgs/include/person_msgs/msg
[5.195s] -- Up-to-date: /home/ryousuke/ros2_ws/install/person_msgs/include/person_msgs/msg/rosidl_typesupport_introspection_c__visibility_control.h
[5.195s] -- Up-to-date: /home/ryousuke/ros2_ws/install/person_msgs/include/person_msgs/msg/detail
[5.195s] -- Up-to-date: /home/ryousuke/ros2_ws/install/person_msgs/include/person_msgs/msg/detail/person__type_support.c
[5.195s] -- Up-to-date: /home/ryousuke/ros2_ws/install/person_msgs/include/person_msgs/msg/detail/person__rosidl_typesupport_introspection_c.h
[5.195s] -- Up-to-date: /home/ryousuke/ros2_ws/install/person_msgs/lib/libperson_msgs__rosidl_typesupport_introspection_c.so
[5.195s] -- Up-to-date: /home/ryousuke/ros2_ws/install/person_msgs/lib/libperson_msgs__rosidl_typesupport_c.so
[5.195s] -- Up-to-date: /home/ryousuke/ros2_ws/install/person_msgs/include/person_msgs
[5.195s] -- Up-to-date: /home/ryousuke/ros2_ws/install/person_msgs/include/person_msgs/msg
[5.196s] -- Up-to-date: /home/ryousuke/ros2_ws/install/person_msgs/include/person_msgs/msg/person.hpp
[5.196s] -- Up-to-date: /home/ryousuke/ros2_ws/install/person_msgs/include/person_msgs/msg/rosidl_generator_cpp__visibility_control.hpp
[5.196s] -- Up-to-date: /home/ryousuke/ros2_ws/install/person_msgs/include/person_msgs/msg/detail
[5.196s] -- Up-to-date: /home/ryousuke/ros2_ws/install/person_msgs/include/person_msgs/msg/detail/person__builder.hpp
[5.196s] -- Up-to-date: /home/ryousuke/ros2_ws/install/person_msgs/include/person_msgs/msg/detail/person__type_support.hpp
[5.196s] -- Up-to-date: /home/ryousuke/ros2_ws/install/person_msgs/include/person_msgs/msg/detail/person__traits.hpp
[5.196s] -- Up-to-date: /home/ryousuke/ros2_ws/install/person_msgs/include/person_msgs/msg/detail/person__struct.hpp
[5.196s] -- Up-to-date: /home/ryousuke/ros2_ws/install/person_msgs/include/person_msgs
[5.196s] -- Up-to-date: /home/ryousuke/ros2_ws/install/person_msgs/include/person_msgs/msg
[5.196s] -- Up-to-date: /home/ryousuke/ros2_ws/install/person_msgs/include/person_msgs/msg/detail
[5.196s] -- Up-to-date: /home/ryousuke/ros2_ws/install/person_msgs/include/person_msgs/msg/detail/person__rosidl_typesupport_introspection_cpp.hpp
[5.196s] -- Up-to-date: /home/ryousuke/ros2_ws/install/person_msgs/include/person_msgs/msg/detail/person__type_support.cpp
[5.196s] -- Up-to-date: /home/ryousuke/ros2_ws/install/person_msgs/lib/libperson_msgs__rosidl_typesupport_introspection_cpp.so
[5.196s] -- Up-to-date: /home/ryousuke/ros2_ws/install/person_msgs/lib/libperson_msgs__rosidl_typesupport_cpp.so
[5.196s] -- Up-to-date: /home/ryousuke/ros2_ws/install/person_msgs/share/person_msgs/environment/pythonpath.sh
[5.196s] -- Installing: /home/ryousuke/ros2_ws/install/person_msgs/share/person_msgs/environment/pythonpath.dsv
[5.196s] -- Installing: /home/ryousuke/ros2_ws/install/person_msgs/lib/python3.8/site-packages/person_msgs/__init__.py
[5.220s] Compiling '/home/ryousuke/ros2_ws/install/person_msgs/lib/python3.8/site-packages/person_msgs/__init__.py'...
[5.223s] -- Up-to-date: /home/ryousuke/ros2_ws/install/person_msgs/lib/python3.8/site-packages/person_msgs/msg
[5.223s] -- Up-to-date: /home/ryousuke/ros2_ws/install/person_msgs/lib/python3.8/site-packages/person_msgs/msg/_person.py
[5.223s] -- Up-to-date: /home/ryousuke/ros2_ws/install/person_msgs/lib/python3.8/site-packages/person_msgs/msg/_person_s.c
[5.223s] -- Up-to-date: /home/ryousuke/ros2_ws/install/person_msgs/lib/python3.8/site-packages/person_msgs/msg/__init__.py
[5.224s] -- Up-to-date: /home/ryousuke/ros2_ws/install/person_msgs/lib/python3.8/site-packages/person_msgs/person_msgs_s__rosidl_typesupport_fastrtps_c.cpython-38-x86_64-linux-gnu.so
[5.224s] -- Up-to-date: /home/ryousuke/ros2_ws/install/person_msgs/lib/python3.8/site-packages/person_msgs/person_msgs_s__rosidl_typesupport_introspection_c.cpython-38-x86_64-linux-gnu.so
[5.224s] -- Up-to-date: /home/ryousuke/ros2_ws/install/person_msgs/lib/python3.8/site-packages/person_msgs/person_msgs_s__rosidl_typesupport_c.cpython-38-x86_64-linux-gnu.so
[5.225s] -- Up-to-date: /home/ryousuke/ros2_ws/install/person_msgs/lib/libperson_msgs__python.so
[5.225s] -- Up-to-date: /home/ryousuke/ros2_ws/install/person_msgs/share/person_msgs/msg/Person.idl
[5.225s] -- Installing: /home/ryousuke/ros2_ws/install/person_msgs/share/person_msgs/msg/Person.msg
[5.225s] -- Up-to-date: /home/ryousuke/ros2_ws/install/person_msgs/share/ament_index/resource_index/package_run_dependencies/person_msgs
[5.225s] -- Installing: /home/ryousuke/ros2_ws/install/person_msgs/share/ament_index/resource_index/parent_prefix_path/person_msgs
[5.226s] -- Up-to-date: /home/ryousuke/ros2_ws/install/person_msgs/share/person_msgs/environment/ament_prefix_path.sh
[5.226s] -- Installing: /home/ryousuke/ros2_ws/install/person_msgs/share/person_msgs/environment/ament_prefix_path.dsv
[5.226s] -- Up-to-date: /home/ryousuke/ros2_ws/install/person_msgs/share/person_msgs/environment/path.sh
[5.226s] -- Installing: /home/ryousuke/ros2_ws/install/person_msgs/share/person_msgs/environment/path.dsv
[5.227s] -- Up-to-date: /home/ryousuke/ros2_ws/install/person_msgs/share/person_msgs/local_setup.bash
[5.227s] -- Up-to-date: /home/ryousuke/ros2_ws/install/person_msgs/share/person_msgs/local_setup.sh
[5.227s] -- Up-to-date: /home/ryousuke/ros2_ws/install/person_msgs/share/person_msgs/local_setup.zsh
[5.227s] -- Installing: /home/ryousuke/ros2_ws/install/person_msgs/share/person_msgs/local_setup.dsv
[5.227s] -- Installing: /home/ryousuke/ros2_ws/install/person_msgs/share/person_msgs/package.dsv
[5.227s] -- Up-to-date: /home/ryousuke/ros2_ws/install/person_msgs/share/ament_index/resource_index/packages/person_msgs
[5.227s] -- Up-to-date: /home/ryousuke/ros2_ws/install/person_msgs/share/person_msgs/cmake/person_msgs__rosidl_generator_cExport.cmake
[5.227s] -- Installing: /home/ryousuke/ros2_ws/install/person_msgs/share/person_msgs/cmake/person_msgs__rosidl_generator_cExport-noconfig.cmake
[5.228s] -- Up-to-date: /home/ryousuke/ros2_ws/install/person_msgs/share/person_msgs/cmake/person_msgs__rosidl_typesupport_introspection_cExport.cmake
[5.228s] -- Installing: /home/ryousuke/ros2_ws/install/person_msgs/share/person_msgs/cmake/person_msgs__rosidl_typesupport_introspection_cExport-noconfig.cmake
[5.228s] -- Up-to-date: /home/ryousuke/ros2_ws/install/person_msgs/share/person_msgs/cmake/person_msgs__rosidl_typesupport_cExport.cmake
[5.228s] -- Installing: /home/ryousuke/ros2_ws/install/person_msgs/share/person_msgs/cmake/person_msgs__rosidl_typesupport_cExport-noconfig.cmake
[5.228s] -- Up-to-date: /home/ryousuke/ros2_ws/install/person_msgs/share/person_msgs/cmake/person_msgs__rosidl_generator_cppExport.cmake
[5.229s] -- Up-to-date: /home/ryousuke/ros2_ws/install/person_msgs/share/person_msgs/cmake/person_msgs__rosidl_typesupport_introspection_cppExport.cmake
[5.229s] -- Installing: /home/ryousuke/ros2_ws/install/person_msgs/share/person_msgs/cmake/person_msgs__rosidl_typesupport_introspection_cppExport-noconfig.cmake
[5.229s] -- Up-to-date: /home/ryousuke/ros2_ws/install/person_msgs/share/person_msgs/cmake/person_msgs__rosidl_typesupport_cppExport.cmake
[5.229s] -- Installing: /home/ryousuke/ros2_ws/install/person_msgs/share/person_msgs/cmake/person_msgs__rosidl_typesupport_cppExport-noconfig.cmake
[5.230s] -- Up-to-date: /home/ryousuke/ros2_ws/install/person_msgs/share/person_msgs/cmake/rosidl_cmake-extras.cmake
[5.230s] -- Up-to-date: /home/ryousuke/ros2_ws/install/person_msgs/share/person_msgs/cmake/ament_cmake_export_dependencies-extras.cmake
[5.230s] -- Up-to-date: /home/ryousuke/ros2_ws/install/person_msgs/share/person_msgs/cmake/ament_cmake_export_libraries-extras.cmake
[5.230s] -- Up-to-date: /home/ryousuke/ros2_ws/install/person_msgs/share/person_msgs/cmake/ament_cmake_export_targets-extras.cmake
[5.230s] -- Up-to-date: /home/ryousuke/ros2_ws/install/person_msgs/share/person_msgs/cmake/ament_cmake_export_include_directories-extras.cmake
[5.230s] -- Up-to-date: /home/ryousuke/ros2_ws/install/person_msgs/share/person_msgs/cmake/rosidl_cmake_export_typesupport_libraries-extras.cmake
[5.230s] -- Up-to-date: /home/ryousuke/ros2_ws/install/person_msgs/share/person_msgs/cmake/rosidl_cmake_export_typesupport_targets-extras.cmake
[5.230s] -- Up-to-date: /home/ryousuke/ros2_ws/install/person_msgs/share/person_msgs/cmake/person_msgsConfig.cmake
[5.230s] -- Up-to-date: /home/ryousuke/ros2_ws/install/person_msgs/share/person_msgs/cmake/person_msgsConfig-version.cmake
[5.230s] -- Installing: /home/ryousuke/ros2_ws/install/person_msgs/share/person_msgs/package.xml
[5.233s] Invoked command in '/home/ryousuke/ros2_ws/build/person_msgs' returned '0': CMAKE_PREFIX_PATH=${CMAKE_PREFIX_PATH}:/home/ryousuke/ros2_ws/install/mypkg:/opt/ros/foxy /usr/bin/cmake --install /home/ryousuke/ros2_ws/build/person_msgs
