[0.777s] Invoking command in '/home/ryousuke/ros2_ws/src/mypkg': PYTHONPATH=/home/ryousuke/ros2_ws/build/mypkg/prefix_override:/home/ryousuke/ros2_ws/install/mypkg/lib/python3.8/site-packages:${PYTHONPATH} /usr/bin/python3 setup.py egg_info --egg-base ../../build/mypkg build --build-base /home/ryousuke/ros2_ws/build/mypkg/build install --record /home/ryousuke/ros2_ws/build/mypkg/install.log --install-scripts $base/lib/mypkg --single-version-externally-managed
[0.901s] running egg_info
[0.901s] writing ../../build/mypkg/mypkg.egg-info/PKG-INFO
[0.902s] writing dependency_links to ../../build/mypkg/mypkg.egg-info/dependency_links.txt
[0.902s] writing entry points to ../../build/mypkg/mypkg.egg-info/entry_points.txt
[0.902s] writing requirements to ../../build/mypkg/mypkg.egg-info/requires.txt
[0.902s] writing top-level names to ../../build/mypkg/mypkg.egg-info/top_level.txt
[0.926s] reading manifest file '../../build/mypkg/mypkg.egg-info/SOURCES.txt'
[0.926s] writing manifest file '../../build/mypkg/mypkg.egg-info/SOURCES.txt'
[0.927s] running build
[0.927s] running build_py
[0.927s] running install
[0.927s] running install_lib
[0.928s] running install_data
[0.929s] running install_egg_info
[0.930s] removing '/home/ryousuke/ros2_ws/install/mypkg/lib/python3.8/site-packages/mypkg-0.0.0-py3.8.egg-info' (and everything under it)
[0.931s] Copying ../../build/mypkg/mypkg.egg-info to /home/ryousuke/ros2_ws/install/mypkg/lib/python3.8/site-packages/mypkg-0.0.0-py3.8.egg-info
[0.932s] running install_scripts
[0.944s] Installing listener script to /home/ryousuke/ros2_ws/install/mypkg/lib/mypkg
[0.944s] Installing talker script to /home/ryousuke/ros2_ws/install/mypkg/lib/mypkg
[0.945s] writing list of installed files to '/home/ryousuke/ros2_ws/build/mypkg/install.log'
[0.961s] Invoked command in '/home/ryousuke/ros2_ws/src/mypkg' returned '0': PYTHONPATH=/home/ryousuke/ros2_ws/build/mypkg/prefix_override:/home/ryousuke/ros2_ws/install/mypkg/lib/python3.8/site-packages:${PYTHONPATH} /usr/bin/python3 setup.py egg_info --egg-base ../../build/mypkg build --build-base /home/ryousuke/ros2_ws/build/mypkg/build install --record /home/ryousuke/ros2_ws/build/mypkg/install.log --install-scripts $base/lib/mypkg --single-version-externally-managed
