[0.989s] Invoking command in '/home/ryousuke/ros2_ws/src/mypkg': PYTHONPATH=/home/ryousuke/ros2_ws/build/mypkg/prefix_override:/home/ryousuke/ros2_ws/install/mypkg/lib/python3.8/site-packages:${PYTHONPATH} /usr/bin/python3 setup.py egg_info --egg-base ../../build/mypkg build --build-base /home/ryousuke/ros2_ws/build/mypkg/build install --record /home/ryousuke/ros2_ws/build/mypkg/install.log --install-scripts $base/lib/mypkg --single-version-externally-managed
[1.204s] running egg_info
[1.205s] writing ../../build/mypkg/mypkg.egg-info/PKG-INFO
[1.205s] writing dependency_links to ../../build/mypkg/mypkg.egg-info/dependency_links.txt
[1.205s] writing entry points to ../../build/mypkg/mypkg.egg-info/entry_points.txt
[1.205s] writing requirements to ../../build/mypkg/mypkg.egg-info/requires.txt
[1.205s] writing top-level names to ../../build/mypkg/mypkg.egg-info/top_level.txt
[1.245s] reading manifest file '../../build/mypkg/mypkg.egg-info/SOURCES.txt'
[1.245s] writing manifest file '../../build/mypkg/mypkg.egg-info/SOURCES.txt'
[1.245s] running build
[1.245s] running build_py
[1.246s] copying mypkg/talker.py -> /home/ryousuke/ros2_ws/build/mypkg/build/lib/mypkg
[1.247s] running install
[1.247s] running install_lib
[1.249s] copying /home/ryousuke/ros2_ws/build/mypkg/build/lib/mypkg/talker.py -> /home/ryousuke/ros2_ws/install/mypkg/lib/python3.8/site-packages/mypkg
[1.250s] byte-compiling /home/ryousuke/ros2_ws/install/mypkg/lib/python3.8/site-packages/mypkg/talker.py to talker.cpython-38.pyc
[1.251s] running install_data
[1.252s] running install_egg_info
[1.256s] removing '/home/ryousuke/ros2_ws/install/mypkg/lib/python3.8/site-packages/mypkg-0.0.0-py3.8.egg-info' (and everything under it)
[1.259s] Copying ../../build/mypkg/mypkg.egg-info to /home/ryousuke/ros2_ws/install/mypkg/lib/python3.8/site-packages/mypkg-0.0.0-py3.8.egg-info
[1.262s] running install_scripts
[1.275s] Installing listener script to /home/ryousuke/ros2_ws/install/mypkg/lib/mypkg
[1.275s] Installing talker script to /home/ryousuke/ros2_ws/install/mypkg/lib/mypkg
[1.275s] writing list of installed files to '/home/ryousuke/ros2_ws/build/mypkg/install.log'
[1.295s] Invoked command in '/home/ryousuke/ros2_ws/src/mypkg' returned '0': PYTHONPATH=/home/ryousuke/ros2_ws/build/mypkg/prefix_override:/home/ryousuke/ros2_ws/install/mypkg/lib/python3.8/site-packages:${PYTHONPATH} /usr/bin/python3 setup.py egg_info --egg-base ../../build/mypkg build --build-base /home/ryousuke/ros2_ws/build/mypkg/build install --record /home/ryousuke/ros2_ws/build/mypkg/install.log --install-scripts $base/lib/mypkg --single-version-externally-managed
