[1.271s] DEBUG:colcon:Command line arguments: ['/usr/bin/colcon', 'build']
[1.271s] DEBUG:colcon:Parsed command line arguments: Namespace(allow_overriding=[], ament_cmake_args=None, base_paths=['.'], build_base='build', catkin_cmake_args=None, catkin_skip_building_tests=False, cmake_args=None, cmake_clean_cache=False, cmake_clean_first=False, cmake_force_configure=False, cmake_target=None, cmake_target_skip_unavailable=False, continue_on_error=False, event_handlers=None, executor='parallel', ignore_user_meta=False, install_base='install', log_base=None, log_level=None, main=<bound method BuildVerb.main of <colcon_core.verb.build.BuildVerb object at 0x7feef67c0700>>, merge_install=False, metas=['./colcon.meta'], packages_above=None, packages_above_and_dependencies=None, packages_above_depth=None, packages_end=None, packages_ignore=None, packages_ignore_regex=None, packages_select=None, packages_select_build_failed=False, packages_select_by_dep=None, packages_select_regex=None, packages_select_test_failures=False, packages_skip=None, packages_skip_build_finished=False, packages_skip_by_dep=None, packages_skip_regex=None, packages_skip_test_passed=False, packages_skip_up_to=None, packages_start=None, packages_up_to=None, packages_up_to_regex=None, parallel_workers=8, paths=None, symlink_install=False, test_result_base=None, verb_extension=<colcon_core.verb.build.BuildVerb object at 0x7feef67c0700>, verb_name='build', verb_parser=<colcon_defaults.argument_parser.defaults.DefaultArgumentsDecorator object at 0x7feef63b08b0>)
[1.323s] Level 1:colcon.colcon_core.package_discovery:discover_packages(colcon_meta) check parameters
[1.323s] Level 1:colcon.colcon_core.package_discovery:discover_packages(recursive) check parameters
[1.323s] Level 1:colcon.colcon_core.package_discovery:discover_packages(ignore) check parameters
[1.323s] Level 1:colcon.colcon_core.package_discovery:discover_packages(path) check parameters
[1.323s] Level 1:colcon.colcon_core.package_discovery:discover_packages(colcon_meta) discover
[1.323s] Level 1:colcon.colcon_core.package_discovery:discover_packages(recursive) discover
[1.323s] INFO:colcon.colcon_core.package_discovery:Crawling recursively for packages in '/home/ryousuke/ros2_ws'
[1.323s] Level 1:colcon.colcon_core.package_identification:_identify(.) by extensions ['ignore', 'ignore_ament_install']
[1.323s] Level 1:colcon.colcon_core.package_identification:_identify(.) by extension 'ignore'
[1.324s] Level 1:colcon.colcon_core.package_identification:_identify(.) by extension 'ignore_ament_install'
[1.324s] Level 1:colcon.colcon_core.package_identification:_identify(.) by extensions ['colcon_pkg']
[1.324s] Level 1:colcon.colcon_core.package_identification:_identify(.) by extension 'colcon_pkg'
[1.324s] Level 1:colcon.colcon_core.package_identification:_identify(.) by extensions ['colcon_meta']
[1.324s] Level 1:colcon.colcon_core.package_identification:_identify(.) by extension 'colcon_meta'
[1.324s] Level 1:colcon.colcon_core.package_identification:_identify(.) by extensions ['ros']
[1.324s] Level 1:colcon.colcon_core.package_identification:_identify(.) by extension 'ros'
[1.332s] Level 1:colcon.colcon_core.package_identification:_identify(.) by extensions ['cmake', 'python']
[1.332s] Level 1:colcon.colcon_core.package_identification:_identify(.) by extension 'cmake'
[1.332s] Level 1:colcon.colcon_core.package_identification:_identify(.) by extension 'python'
[1.332s] Level 1:colcon.colcon_core.package_identification:_identify(.) by extensions ['python_setup_py']
[1.332s] Level 1:colcon.colcon_core.package_identification:_identify(.) by extension 'python_setup_py'
[1.332s] Level 1:colcon.colcon_core.package_identification:_identify(build) by extensions ['ignore', 'ignore_ament_install']
[1.332s] Level 1:colcon.colcon_core.package_identification:_identify(build) by extension 'ignore'
[1.332s] Level 1:colcon.colcon_core.package_identification:_identify(build) ignored
[1.332s] Level 1:colcon.colcon_core.package_identification:_identify(install) by extensions ['ignore', 'ignore_ament_install']
[1.332s] Level 1:colcon.colcon_core.package_identification:_identify(install) by extension 'ignore'
[1.332s] Level 1:colcon.colcon_core.package_identification:_identify(install) ignored
[1.332s] Level 1:colcon.colcon_core.package_identification:_identify(log) by extensions ['ignore', 'ignore_ament_install']
[1.332s] Level 1:colcon.colcon_core.package_identification:_identify(log) by extension 'ignore'
[1.332s] Level 1:colcon.colcon_core.package_identification:_identify(log) ignored
[1.332s] Level 1:colcon.colcon_core.package_identification:_identify(src) by extensions ['ignore', 'ignore_ament_install']
[1.332s] Level 1:colcon.colcon_core.package_identification:_identify(src) by extension 'ignore'
[1.332s] Level 1:colcon.colcon_core.package_identification:_identify(src) by extension 'ignore_ament_install'
[1.332s] Level 1:colcon.colcon_core.package_identification:_identify(src) by extensions ['colcon_pkg']
[1.332s] Level 1:colcon.colcon_core.package_identification:_identify(src) by extension 'colcon_pkg'
[1.332s] Level 1:colcon.colcon_core.package_identification:_identify(src) by extensions ['colcon_meta']
[1.332s] Level 1:colcon.colcon_core.package_identification:_identify(src) by extension 'colcon_meta'
[1.332s] Level 1:colcon.colcon_core.package_identification:_identify(src) by extensions ['ros']
[1.332s] Level 1:colcon.colcon_core.package_identification:_identify(src) by extension 'ros'
[1.332s] Level 1:colcon.colcon_core.package_identification:_identify(src) by extensions ['cmake', 'python']
[1.332s] Level 1:colcon.colcon_core.package_identification:_identify(src) by extension 'cmake'
[1.333s] Level 1:colcon.colcon_core.package_identification:_identify(src) by extension 'python'
[1.333s] Level 1:colcon.colcon_core.package_identification:_identify(src) by extensions ['python_setup_py']
[1.333s] Level 1:colcon.colcon_core.package_identification:_identify(src) by extension 'python_setup_py'
[1.333s] Level 1:colcon.colcon_core.package_identification:_identify(src/mypkg) by extensions ['ignore', 'ignore_ament_install']
[1.333s] Level 1:colcon.colcon_core.package_identification:_identify(src/mypkg) by extension 'ignore'
[1.333s] Level 1:colcon.colcon_core.package_identification:_identify(src/mypkg) by extension 'ignore_ament_install'
[1.333s] Level 1:colcon.colcon_core.package_identification:_identify(src/mypkg) by extensions ['colcon_pkg']
[1.333s] Level 1:colcon.colcon_core.package_identification:_identify(src/mypkg) by extension 'colcon_pkg'
[1.333s] Level 1:colcon.colcon_core.package_identification:_identify(src/mypkg) by extensions ['colcon_meta']
[1.333s] Level 1:colcon.colcon_core.package_identification:_identify(src/mypkg) by extension 'colcon_meta'
[1.333s] Level 1:colcon.colcon_core.package_identification:_identify(src/mypkg) by extensions ['ros']
[1.333s] Level 1:colcon.colcon_core.package_identification:_identify(src/mypkg) by extension 'ros'
[1.334s] DEBUG:colcon.colcon_core.package_identification:Package 'src/mypkg' with type 'ros.ament_python' and name 'mypkg'
[1.334s] Level 1:colcon.colcon_core.package_identification:_identify(src/person_msgs) by extensions ['ignore', 'ignore_ament_install']
[1.334s] Level 1:colcon.colcon_core.package_identification:_identify(src/person_msgs) by extension 'ignore'
[1.334s] Level 1:colcon.colcon_core.package_identification:_identify(src/person_msgs) by extension 'ignore_ament_install'
[1.335s] Level 1:colcon.colcon_core.package_identification:_identify(src/person_msgs) by extensions ['colcon_pkg']
[1.335s] Level 1:colcon.colcon_core.package_identification:_identify(src/person_msgs) by extension 'colcon_pkg'
[1.335s] Level 1:colcon.colcon_core.package_identification:_identify(src/person_msgs) by extensions ['colcon_meta']
[1.335s] Level 1:colcon.colcon_core.package_identification:_identify(src/person_msgs) by extension 'colcon_meta'
[1.335s] Level 1:colcon.colcon_core.package_identification:_identify(src/person_msgs) by extensions ['ros']
[1.335s] Level 1:colcon.colcon_core.package_identification:_identify(src/person_msgs) by extension 'ros'
[1.335s] DEBUG:colcon.colcon_core.package_identification:Package 'src/person_msgs' with type 'ros.ament_cmake' and name 'person_msgs'
[1.335s] Level 1:colcon.colcon_core.package_discovery:discover_packages(recursive) using defaults
[1.335s] Level 1:colcon.colcon_core.package_discovery:discover_packages(ignore) discover
[1.335s] Level 1:colcon.colcon_core.package_discovery:discover_packages(ignore) using defaults
[1.335s] Level 1:colcon.colcon_core.package_discovery:discover_packages(path) discover
[1.335s] Level 1:colcon.colcon_core.package_discovery:discover_packages(path) using defaults
[1.450s] Level 1:colcon.colcon_core.package_discovery:discover_packages(prefix_path) check parameters
[1.450s] Level 1:colcon.colcon_core.package_discovery:discover_packages(prefix_path) discover
[1.494s] DEBUG:colcon.colcon_installed_package_information.package_discovery:Found 1 installed packages in /home/ryousuke/ros2_ws/install
[1.514s] DEBUG:colcon.colcon_installed_package_information.package_discovery:Found 256 installed packages in /opt/ros/foxy
[1.515s] Level 1:colcon.colcon_core.package_discovery:discover_packages(prefix_path) using defaults
[1.610s] Level 5:colcon.colcon_core.verb:set package 'mypkg' build argument 'cmake_args' from command line to 'None'
[1.610s] Level 5:colcon.colcon_core.verb:set package 'mypkg' build argument 'cmake_target' from command line to 'None'
[1.610s] Level 5:colcon.colcon_core.verb:set package 'mypkg' build argument 'cmake_target_skip_unavailable' from command line to 'False'
[1.610s] Level 5:colcon.colcon_core.verb:set package 'mypkg' build argument 'cmake_clean_cache' from command line to 'False'
[1.610s] Level 5:colcon.colcon_core.verb:set package 'mypkg' build argument 'cmake_clean_first' from command line to 'False'
[1.610s] Level 5:colcon.colcon_core.verb:set package 'mypkg' build argument 'cmake_force_configure' from command line to 'False'
[1.610s] Level 5:colcon.colcon_core.verb:set package 'mypkg' build argument 'ament_cmake_args' from command line to 'None'
[1.610s] Level 5:colcon.colcon_core.verb:set package 'mypkg' build argument 'catkin_cmake_args' from command line to 'None'
[1.610s] Level 5:colcon.colcon_core.verb:set package 'mypkg' build argument 'catkin_skip_building_tests' from command line to 'False'
[1.610s] DEBUG:colcon.colcon_core.verb:Building package 'mypkg' with the following arguments: {'ament_cmake_args': None, 'build_base': '/home/ryousuke/ros2_ws/build/mypkg', 'catkin_cmake_args': None, 'catkin_skip_building_tests': False, 'cmake_args': None, 'cmake_clean_cache': False, 'cmake_clean_first': False, 'cmake_force_configure': False, 'cmake_target': None, 'cmake_target_skip_unavailable': False, 'install_base': '/home/ryousuke/ros2_ws/install/mypkg', 'merge_install': False, 'path': '/home/ryousuke/ros2_ws/src/mypkg', 'symlink_install': False, 'test_result_base': None}
[1.629s] Level 5:colcon.colcon_core.verb:set package 'person_msgs' build argument 'cmake_args' from command line to 'None'
[1.629s] Level 5:colcon.colcon_core.verb:set package 'person_msgs' build argument 'cmake_target' from command line to 'None'
[1.629s] Level 5:colcon.colcon_core.verb:set package 'person_msgs' build argument 'cmake_target_skip_unavailable' from command line to 'False'
[1.629s] Level 5:colcon.colcon_core.verb:set package 'person_msgs' build argument 'cmake_clean_cache' from command line to 'False'
[1.629s] Level 5:colcon.colcon_core.verb:set package 'person_msgs' build argument 'cmake_clean_first' from command line to 'False'
[1.629s] Level 5:colcon.colcon_core.verb:set package 'person_msgs' build argument 'cmake_force_configure' from command line to 'False'
[1.629s] Level 5:colcon.colcon_core.verb:set package 'person_msgs' build argument 'ament_cmake_args' from command line to 'None'
[1.629s] Level 5:colcon.colcon_core.verb:set package 'person_msgs' build argument 'catkin_cmake_args' from command line to 'None'
[1.629s] Level 5:colcon.colcon_core.verb:set package 'person_msgs' build argument 'catkin_skip_building_tests' from command line to 'False'
[1.630s] DEBUG:colcon.colcon_core.verb:Building package 'person_msgs' with the following arguments: {'ament_cmake_args': None, 'build_base': '/home/ryousuke/ros2_ws/build/person_msgs', 'catkin_cmake_args': None, 'catkin_skip_building_tests': False, 'cmake_args': None, 'cmake_clean_cache': False, 'cmake_clean_first': False, 'cmake_force_configure': False, 'cmake_target': None, 'cmake_target_skip_unavailable': False, 'install_base': '/home/ryousuke/ros2_ws/install/person_msgs', 'merge_install': False, 'path': '/home/ryousuke/ros2_ws/src/person_msgs', 'symlink_install': False, 'test_result_base': None}
[1.649s] INFO:colcon.colcon_core.executor:Executing jobs using 'parallel' executor
[1.669s] DEBUG:colcon.colcon_parallel_executor.executor.parallel:run_until_complete
[1.670s] INFO:colcon.colcon_ros.task.ament_python.build:Building ROS package in '/home/ryousuke/ros2_ws/src/mypkg' with build type 'ament_python'
[1.670s] Level 1:colcon.colcon_core.shell:create_environment_hook('mypkg', 'ament_prefix_path')
[1.692s] INFO:colcon.colcon_core.plugin_system:Skipping extension 'colcon_core.shell.bat': Not used on non-Windows systems
[1.693s] INFO:colcon.colcon_core.shell:Creating environment hook '/home/ryousuke/ros2_ws/install/mypkg/share/mypkg/hook/ament_prefix_path.ps1'
[1.693s] INFO:colcon.colcon_core.shell:Creating environment descriptor '/home/ryousuke/ros2_ws/install/mypkg/share/mypkg/hook/ament_prefix_path.dsv'
[1.694s] INFO:colcon.colcon_core.shell:Creating environment hook '/home/ryousuke/ros2_ws/install/mypkg/share/mypkg/hook/ament_prefix_path.sh'
[1.717s] INFO:colcon.colcon_core.shell:Skip shell extension 'powershell' for command environment: Not usable outside of PowerShell
[1.718s] DEBUG:colcon.colcon_core.shell:Skip shell extension 'dsv' for command environment
[1.782s] INFO:colcon.colcon_ros.task.ament_cmake.build:Building ROS package in '/home/ryousuke/ros2_ws/src/person_msgs' with build type 'ament_cmake'
[1.783s] INFO:colcon.colcon_cmake.task.cmake.build:Building CMake package in '/home/ryousuke/ros2_ws/src/person_msgs'
[1.805s] INFO:colcon.colcon_core.shell:Skip shell extension 'powershell' for command environment: Not usable outside of PowerShell
[1.805s] DEBUG:colcon.colcon_core.shell:Skip shell extension 'dsv' for command environment
[2.005s] INFO:colcon.colcon_core.task.python.build:Building Python package in '/home/ryousuke/ros2_ws/src/mypkg'
[2.027s] INFO:colcon.colcon_core.shell:Skip shell extension 'powershell' for command environment: Not usable outside of PowerShell
[2.027s] DEBUG:colcon.colcon_core.shell:Skip shell extension 'dsv' for command environment
[2.099s] DEBUG:colcon.colcon_core.event_handler.log_command:Invoking command in '/home/ryousuke/ros2_ws/build/person_msgs': CMAKE_PREFIX_PATH=/home/ryousuke/ros2_ws/install/mypkg:/opt/ros/foxy /usr/bin/cmake /home/ryousuke/ros2_ws/src/person_msgs -DCMAKE_INSTALL_PREFIX=/home/ryousuke/ros2_ws/install/person_msgs
[2.382s] DEBUG:colcon.colcon_core.event_handler.log_command:Invoking command in '/home/ryousuke/ros2_ws/src/mypkg': PYTHONPATH=/home/ryousuke/ros2_ws/build/mypkg/prefix_override:/home/ryousuke/ros2_ws/install/mypkg/lib/python3.8/site-packages:${PYTHONPATH} /usr/bin/python3 setup.py egg_info --egg-base ../../build/mypkg build --build-base /home/ryousuke/ros2_ws/build/mypkg/build install --record /home/ryousuke/ros2_ws/build/mypkg/install.log --install-scripts $base/lib/mypkg --single-version-externally-managed
[2.590s] DEBUG:colcon.colcon_core.event_handler.log_command:Invoked command in '/home/ryousuke/ros2_ws/src/mypkg' returned '0': PYTHONPATH=/home/ryousuke/ros2_ws/build/mypkg/prefix_override:/home/ryousuke/ros2_ws/install/mypkg/lib/python3.8/site-packages:${PYTHONPATH} /usr/bin/python3 setup.py egg_info --egg-base ../../build/mypkg build --build-base /home/ryousuke/ros2_ws/build/mypkg/build install --record /home/ryousuke/ros2_ws/build/mypkg/install.log --install-scripts $base/lib/mypkg --single-version-externally-managed
[2.617s] Level 1:colcon.colcon_core.environment:checking '/home/ryousuke/ros2_ws/install/mypkg' for CMake module files
[2.618s] Level 1:colcon.colcon_core.environment:checking '/home/ryousuke/ros2_ws/install/mypkg' for CMake config files
[2.618s] Level 1:colcon.colcon_core.environment:checking '/home/ryousuke/ros2_ws/install/mypkg/lib'
[2.618s] Level 1:colcon.colcon_core.environment:checking '/home/ryousuke/ros2_ws/install/mypkg/bin'
[2.619s] Level 1:colcon.colcon_core.environment:checking '/home/ryousuke/ros2_ws/install/mypkg/lib/pkgconfig/mypkg.pc'
[2.619s] Level 1:colcon.colcon_core.environment:checking '/home/ryousuke/ros2_ws/install/mypkg/lib/python3.8/site-packages'
[2.619s] Level 1:colcon.colcon_core.shell:create_environment_hook('mypkg', 'pythonpath')
[2.654s] INFO:colcon.colcon_core.shell:Creating environment hook '/home/ryousuke/ros2_ws/install/mypkg/share/mypkg/hook/pythonpath.ps1'
[2.655s] INFO:colcon.colcon_core.shell:Creating environment descriptor '/home/ryousuke/ros2_ws/install/mypkg/share/mypkg/hook/pythonpath.dsv'
[2.655s] INFO:colcon.colcon_core.shell:Creating environment hook '/home/ryousuke/ros2_ws/install/mypkg/share/mypkg/hook/pythonpath.sh'
[2.656s] Level 1:colcon.colcon_core.environment:checking '/home/ryousuke/ros2_ws/install/mypkg/bin'
[2.657s] Level 1:colcon.colcon_core.environment:create_environment_scripts_only(mypkg)
[2.681s] INFO:colcon.colcon_core.shell:Creating package script '/home/ryousuke/ros2_ws/install/mypkg/share/mypkg/package.ps1'
[2.681s] INFO:colcon.colcon_core.shell:Creating package descriptor '/home/ryousuke/ros2_ws/install/mypkg/share/mypkg/package.dsv'
[2.682s] INFO:colcon.colcon_core.shell:Creating package script '/home/ryousuke/ros2_ws/install/mypkg/share/mypkg/package.sh'
[2.682s] INFO:colcon.colcon_core.shell:Creating package script '/home/ryousuke/ros2_ws/install/mypkg/share/mypkg/package.bash'
[2.683s] INFO:colcon.colcon_core.shell:Creating package script '/home/ryousuke/ros2_ws/install/mypkg/share/mypkg/package.zsh'
[2.683s] Level 1:colcon.colcon_core.environment:create_file_with_runtime_dependencies(/home/ryousuke/ros2_ws/install/mypkg/share/colcon-core/packages/mypkg)
[7.292s] DEBUG:colcon.colcon_core.event_handler.log_command:Invoked command in '/home/ryousuke/ros2_ws/build/person_msgs' returned '0': CMAKE_PREFIX_PATH=/home/ryousuke/ros2_ws/install/mypkg:/opt/ros/foxy /usr/bin/cmake /home/ryousuke/ros2_ws/src/person_msgs -DCMAKE_INSTALL_PREFIX=/home/ryousuke/ros2_ws/install/person_msgs
[7.295s] DEBUG:colcon.colcon_core.event_handler.log_command:Invoking command in '/home/ryousuke/ros2_ws/build/person_msgs': CMAKE_PREFIX_PATH=/home/ryousuke/ros2_ws/install/mypkg:/opt/ros/foxy /usr/bin/cmake --build /home/ryousuke/ros2_ws/build/person_msgs -- -j8 -l8
[9.383s] DEBUG:colcon.colcon_core.event_handler.log_command:Invoked command in '/home/ryousuke/ros2_ws/build/person_msgs' returned '0': CMAKE_PREFIX_PATH=/home/ryousuke/ros2_ws/install/mypkg:/opt/ros/foxy /usr/bin/cmake --build /home/ryousuke/ros2_ws/build/person_msgs -- -j8 -l8
[9.430s] DEBUG:colcon.colcon_core.event_handler.log_command:Invoking command in '/home/ryousuke/ros2_ws/build/person_msgs': CMAKE_PREFIX_PATH=/home/ryousuke/ros2_ws/install/mypkg:/opt/ros/foxy /usr/bin/cmake --install /home/ryousuke/ros2_ws/build/person_msgs
[9.475s] Level 1:colcon.colcon_core.environment:create_environment_scripts_only(person_msgs)
[9.475s] DEBUG:colcon.colcon_core.event_handler.log_command:Invoked command in '/home/ryousuke/ros2_ws/build/person_msgs' returned '0': CMAKE_PREFIX_PATH=/home/ryousuke/ros2_ws/install/mypkg:/opt/ros/foxy /usr/bin/cmake --install /home/ryousuke/ros2_ws/build/person_msgs
[9.496s] Level 1:colcon.colcon_core.environment:checking '/home/ryousuke/ros2_ws/install/person_msgs' for CMake module files
[9.497s] Level 1:colcon.colcon_core.environment:checking '/home/ryousuke/ros2_ws/install/person_msgs' for CMake config files
[9.497s] Level 1:colcon.colcon_core.shell:create_environment_hook('person_msgs', 'cmake_prefix_path')
[9.518s] INFO:colcon.colcon_core.shell:Creating environment hook '/home/ryousuke/ros2_ws/install/person_msgs/share/person_msgs/hook/cmake_prefix_path.ps1'
[9.519s] INFO:colcon.colcon_core.shell:Creating environment descriptor '/home/ryousuke/ros2_ws/install/person_msgs/share/person_msgs/hook/cmake_prefix_path.dsv'
[9.519s] INFO:colcon.colcon_core.shell:Creating environment hook '/home/ryousuke/ros2_ws/install/person_msgs/share/person_msgs/hook/cmake_prefix_path.sh'
[9.519s] Level 1:colcon.colcon_core.environment:checking '/home/ryousuke/ros2_ws/install/person_msgs/lib'
[9.519s] Level 1:colcon.colcon_core.shell:create_environment_hook('person_msgs', 'ld_library_path_lib')
[9.541s] INFO:colcon.colcon_core.shell:Creating environment hook '/home/ryousuke/ros2_ws/install/person_msgs/share/person_msgs/hook/ld_library_path_lib.ps1'
[9.541s] INFO:colcon.colcon_core.shell:Creating environment descriptor '/home/ryousuke/ros2_ws/install/person_msgs/share/person_msgs/hook/ld_library_path_lib.dsv'
[9.541s] INFO:colcon.colcon_core.shell:Creating environment hook '/home/ryousuke/ros2_ws/install/person_msgs/share/person_msgs/hook/ld_library_path_lib.sh'
[9.542s] Level 1:colcon.colcon_core.environment:checking '/home/ryousuke/ros2_ws/install/person_msgs/bin'
[9.542s] Level 1:colcon.colcon_core.environment:checking '/home/ryousuke/ros2_ws/install/person_msgs/lib/pkgconfig/person_msgs.pc'
[9.542s] Level 1:colcon.colcon_core.environment:checking '/home/ryousuke/ros2_ws/install/person_msgs/lib/python3.8/site-packages'
[9.542s] Level 1:colcon.colcon_core.shell:create_environment_hook('person_msgs', 'pythonpath')
[9.562s] INFO:colcon.colcon_core.shell:Creating environment hook '/home/ryousuke/ros2_ws/install/person_msgs/share/person_msgs/hook/pythonpath.ps1'
[9.562s] INFO:colcon.colcon_core.shell:Creating environment descriptor '/home/ryousuke/ros2_ws/install/person_msgs/share/person_msgs/hook/pythonpath.dsv'
[9.562s] INFO:colcon.colcon_core.shell:Creating environment hook '/home/ryousuke/ros2_ws/install/person_msgs/share/person_msgs/hook/pythonpath.sh'
[9.562s] Level 1:colcon.colcon_core.environment:checking '/home/ryousuke/ros2_ws/install/person_msgs/bin'
[9.582s] INFO:colcon.colcon_core.shell:Creating package script '/home/ryousuke/ros2_ws/install/person_msgs/share/person_msgs/package.ps1'
[9.583s] INFO:colcon.colcon_core.shell:Creating package descriptor '/home/ryousuke/ros2_ws/install/person_msgs/share/person_msgs/package.dsv'
[9.583s] INFO:colcon.colcon_core.shell:Creating package script '/home/ryousuke/ros2_ws/install/person_msgs/share/person_msgs/package.sh'
[9.583s] INFO:colcon.colcon_core.shell:Creating package script '/home/ryousuke/ros2_ws/install/person_msgs/share/person_msgs/package.bash'
[9.584s] INFO:colcon.colcon_core.shell:Creating package script '/home/ryousuke/ros2_ws/install/person_msgs/share/person_msgs/package.zsh'
[9.584s] Level 1:colcon.colcon_core.environment:create_file_with_runtime_dependencies(/home/ryousuke/ros2_ws/install/person_msgs/share/colcon-core/packages/person_msgs)
[9.639s] Level 1:colcon.colcon_core.environment:create_environment_scripts_only(person_msgs)
[9.659s] Level 1:colcon.colcon_core.environment:checking '/home/ryousuke/ros2_ws/install/person_msgs' for CMake module files
[9.660s] Level 1:colcon.colcon_core.environment:checking '/home/ryousuke/ros2_ws/install/person_msgs' for CMake config files
[9.660s] Level 1:colcon.colcon_core.shell:create_environment_hook('person_msgs', 'cmake_prefix_path')
[9.679s] INFO:colcon.colcon_core.shell:Creating environment hook '/home/ryousuke/ros2_ws/install/person_msgs/share/person_msgs/hook/cmake_prefix_path.ps1'
[9.680s] INFO:colcon.colcon_core.shell:Creating environment descriptor '/home/ryousuke/ros2_ws/install/person_msgs/share/person_msgs/hook/cmake_prefix_path.dsv'
[9.680s] INFO:colcon.colcon_core.shell:Creating environment hook '/home/ryousuke/ros2_ws/install/person_msgs/share/person_msgs/hook/cmake_prefix_path.sh'
[9.681s] Level 1:colcon.colcon_core.environment:checking '/home/ryousuke/ros2_ws/install/person_msgs/lib'
[9.681s] Level 1:colcon.colcon_core.shell:create_environment_hook('person_msgs', 'ld_library_path_lib')
[9.706s] INFO:colcon.colcon_core.shell:Creating environment hook '/home/ryousuke/ros2_ws/install/person_msgs/share/person_msgs/hook/ld_library_path_lib.ps1'
[9.707s] INFO:colcon.colcon_core.shell:Creating environment descriptor '/home/ryousuke/ros2_ws/install/person_msgs/share/person_msgs/hook/ld_library_path_lib.dsv'
[9.707s] INFO:colcon.colcon_core.shell:Creating environment hook '/home/ryousuke/ros2_ws/install/person_msgs/share/person_msgs/hook/ld_library_path_lib.sh'
[9.707s] Level 1:colcon.colcon_core.environment:checking '/home/ryousuke/ros2_ws/install/person_msgs/bin'
[9.707s] Level 1:colcon.colcon_core.environment:checking '/home/ryousuke/ros2_ws/install/person_msgs/lib/pkgconfig/person_msgs.pc'
[9.707s] Level 1:colcon.colcon_core.environment:checking '/home/ryousuke/ros2_ws/install/person_msgs/lib/python3.8/site-packages'
[9.707s] Level 1:colcon.colcon_core.shell:create_environment_hook('person_msgs', 'pythonpath')
[9.734s] INFO:colcon.colcon_core.shell:Creating environment hook '/home/ryousuke/ros2_ws/install/person_msgs/share/person_msgs/hook/pythonpath.ps1'
[9.734s] INFO:colcon.colcon_core.shell:Creating environment descriptor '/home/ryousuke/ros2_ws/install/person_msgs/share/person_msgs/hook/pythonpath.dsv'
[9.735s] INFO:colcon.colcon_core.shell:Creating environment hook '/home/ryousuke/ros2_ws/install/person_msgs/share/person_msgs/hook/pythonpath.sh'
[9.735s] Level 1:colcon.colcon_core.environment:checking '/home/ryousuke/ros2_ws/install/person_msgs/bin'
[9.757s] INFO:colcon.colcon_core.shell:Creating package script '/home/ryousuke/ros2_ws/install/person_msgs/share/person_msgs/package.ps1'
[9.757s] INFO:colcon.colcon_core.shell:Creating package descriptor '/home/ryousuke/ros2_ws/install/person_msgs/share/person_msgs/package.dsv'
[9.757s] INFO:colcon.colcon_core.shell:Creating package script '/home/ryousuke/ros2_ws/install/person_msgs/share/person_msgs/package.sh'
[9.758s] INFO:colcon.colcon_core.shell:Creating package script '/home/ryousuke/ros2_ws/install/person_msgs/share/person_msgs/package.bash'
[9.758s] INFO:colcon.colcon_core.shell:Creating package script '/home/ryousuke/ros2_ws/install/person_msgs/share/person_msgs/package.zsh'
[9.758s] Level 1:colcon.colcon_core.environment:create_file_with_runtime_dependencies(/home/ryousuke/ros2_ws/install/person_msgs/share/colcon-core/packages/person_msgs)
[9.758s] DEBUG:colcon.colcon_parallel_executor.executor.parallel:closing loop
[9.759s] DEBUG:colcon.colcon_parallel_executor.executor.parallel:loop closed
[9.759s] DEBUG:colcon.colcon_parallel_executor.executor.parallel:run_until_complete finished with '0'
[9.759s] DEBUG:colcon.colcon_core.event_reactor:joining thread
[9.801s] INFO:colcon.colcon_core.plugin_system:Skipping extension 'colcon_notification.desktop_notification.notify_send': Could not find 'notify-send'
[9.801s] INFO:colcon.colcon_core.plugin_system:Skipping extension 'colcon_notification.desktop_notification.terminal_notifier': Not used on non-Darwin systems
[9.801s] INFO:colcon.colcon_core.plugin_system:Skipping extension 'colcon_notification.desktop_notification.win32': Not used on non-Windows systems
[9.802s] INFO:colcon.colcon_notification.desktop_notification:Sending desktop notification using 'notify2'
[9.805s] DEBUG:colcon.colcon_notification.desktop_notification.notify2:Failed to initialize notify2: org.freedesktop.DBus.Error.ServiceUnknown: The name org.freedesktop.Notifications was not provided by any .service files
[9.806s] DEBUG:colcon.colcon_core.event_reactor:joined thread
[9.826s] INFO:colcon.colcon_core.shell:Creating prefix script '/home/ryousuke/ros2_ws/install/local_setup.ps1'
[9.827s] INFO:colcon.colcon_core.shell:Creating prefix util module '/home/ryousuke/ros2_ws/install/_local_setup_util_ps1.py'
[9.828s] INFO:colcon.colcon_core.shell:Creating prefix chain script '/home/ryousuke/ros2_ws/install/setup.ps1'
[9.850s] INFO:colcon.colcon_core.shell:Creating prefix script '/home/ryousuke/ros2_ws/install/local_setup.sh'
[9.851s] INFO:colcon.colcon_core.shell:Creating prefix util module '/home/ryousuke/ros2_ws/install/_local_setup_util_sh.py'
[9.851s] INFO:colcon.colcon_core.shell:Creating prefix chain script '/home/ryousuke/ros2_ws/install/setup.sh'
[9.872s] INFO:colcon.colcon_core.shell:Creating prefix script '/home/ryousuke/ros2_ws/install/local_setup.bash'
[9.872s] INFO:colcon.colcon_core.shell:Creating prefix chain script '/home/ryousuke/ros2_ws/install/setup.bash'
[9.894s] INFO:colcon.colcon_core.shell:Creating prefix script '/home/ryousuke/ros2_ws/install/local_setup.zsh'
[9.894s] INFO:colcon.colcon_core.shell:Creating prefix chain script '/home/ryousuke/ros2_ws/install/setup.zsh'
