[0.353s] Invoking command in '/home/ryousuke/ros2_ws/build/person_msgs': CMAKE_PREFIX_PATH=${CMAKE_PREFIX_PATH}:/home/ryousuke/ros2_ws/install/mypkg:/opt/ros/foxy /usr/bin/cmake --build /home/ryousuke/ros2_ws/build/person_msgs -- -j8 -l8
[0.379s] -- Found ament_cmake: 0.9.12 (/opt/ros/foxy/share/ament_cmake/cmake)
[0.403s] -- Found PythonInterp: /usr/bin/python3 (found suitable version "3.8.10", minimum required is "3") 
[0.404s] -- Using PYTHON_EXECUTABLE: /usr/bin/python3
[0.622s] -- Found rosidl_default_generators: 1.0.1 (/opt/ros/foxy/share/rosidl_default_generators/cmake)
[0.626s] -- Using all available rosidl_typesupport_c: rosidl_typesupport_fastrtps_c;rosidl_typesupport_introspection_c
[0.633s] -- Found rosidl_adapter: 1.3.1 (/opt/ros/foxy/share/rosidl_adapter/cmake)
[5.437s] -- Using all available rosidl_typesupport_cpp: rosidl_typesupport_fastrtps_cpp;rosidl_typesupport_introspection_cpp
[5.481s] -- Found PythonInterp: /usr/bin/python3 (found version "3.8.10") 
[5.612s] -- Found ament_cmake_ros: 0.9.2 (/opt/ros/foxy/share/ament_cmake_ros/cmake)
[9.877s] -- Using all available rosidl_typesupport_c: rosidl_typesupport_fastrtps_c;rosidl_typesupport_introspection_c
[9.885s] -- Using all available rosidl_typesupport_cpp: rosidl_typesupport_fastrtps_cpp;rosidl_typesupport_introspection_cpp
[9.908s] -- Found PythonInterp: /usr/bin/python3 (found suitable version "3.8.10", minimum required is "3.5") 
[9.908s] -- Found python_cmake_module: 0.8.1 (/opt/ros/foxy/share/python_cmake_module/cmake)
[9.933s] -- Using PYTHON_EXECUTABLE: /usr/bin/python3
[9.933s] -- Using PYTHON_INCLUDE_DIRS: /usr/include/python3.8
[9.933s] -- Using PYTHON_LIBRARIES: /usr/lib/x86_64-linux-gnu/libpython3.8.so
[9.949s] -- Found ament_lint_auto: 0.9.8 (/opt/ros/foxy/share/ament_lint_auto/cmake)
[9.963s] -- Added test 'copyright' to check source files copyright and LICENSE
[9.964s] -- Added test 'lint_cmake' to check CMake code style
[9.965s] -- Added test 'xmllint' to check XML markup files
[9.970s] -- Configuring done
[10.042s] -- Generating done
[10.048s] -- Build files have been written to: /home/ryousuke/ros2_ws/build/person_msgs
[10.083s] [35m[1mScanning dependencies of target person_msgs__cpp[0m
[10.084s] [  2%] [34m[1mGenerating C code for ROS interfaces[0m
[10.096s] [  5%] [34m[1mGenerating C++ code for ROS interfaces[0m
[10.514s] [35m[1mScanning dependencies of target person_msgs__rosidl_generator_c[0m
[10.526s] [  7%] [32mBuilding C object CMakeFiles/person_msgs__rosidl_generator_c.dir/rosidl_generator_c/person_msgs/srv/detail/query__functions.c.o[0m
[10.527s] [ 10%] [32mBuilding C object CMakeFiles/person_msgs__rosidl_generator_c.dir/rosidl_generator_c/person_msgs/msg/detail/person__functions.c.o[0m
[10.532s] [ 10%] Built target person_msgs__cpp
[10.544s] [ 12%] [34m[1mGenerating C++ type support for eProsima Fast-RTPS[0m
[10.545s] [ 15%] [34m[1mGenerating C++ introspection for ROS interfaces[0m
[10.545s] [ 17%] [34m[1mGenerating C++ type support dispatch for ROS interfaces[0m
[10.603s] [ 20%] [32m[1mLinking C shared library libperson_msgs__rosidl_generator_c.so[0m
[10.702s] [ 20%] Built target person_msgs__rosidl_generator_c
[10.715s] [ 23%] [34m[1mGenerating C type support dispatch for ROS interfaces[0m
[10.716s] [ 25%] [34m[1mGenerating C introspection for ROS interfaces[0m
[10.881s] [35m[1mScanning dependencies of target person_msgs__rosidl_typesupport_cpp[0m
[10.895s] [35m[1mScanning dependencies of target person_msgs__rosidl_typesupport_introspection_cpp[0m
[10.895s] [ 28%] [32mBuilding CXX object CMakeFiles/person_msgs__rosidl_typesupport_cpp.dir/rosidl_typesupport_cpp/person_msgs/msg/person__type_support.cpp.o[0m
[10.896s] [ 30%] [32mBuilding CXX object CMakeFiles/person_msgs__rosidl_typesupport_cpp.dir/rosidl_typesupport_cpp/person_msgs/srv/query__type_support.cpp.o[0m
[10.911s] [ 33%] [32mBuilding CXX object CMakeFiles/person_msgs__rosidl_typesupport_introspection_cpp.dir/rosidl_typesupport_introspection_cpp/person_msgs/srv/detail/query__type_support.cpp.o[0m
[10.911s] [ 35%] [32mBuilding CXX object CMakeFiles/person_msgs__rosidl_typesupport_introspection_cpp.dir/rosidl_typesupport_introspection_cpp/person_msgs/msg/detail/person__type_support.cpp.o[0m
[10.948s] [35m[1mScanning dependencies of target person_msgs__rosidl_typesupport_fastrtps_cpp[0m
[10.970s] [ 38%] [32mBuilding CXX object CMakeFiles/person_msgs__rosidl_typesupport_fastrtps_cpp.dir/rosidl_typesupport_fastrtps_cpp/person_msgs/msg/detail/dds_fastrtps/person__type_support.cpp.o[0m
[10.975s] [ 41%] [32mBuilding CXX object CMakeFiles/person_msgs__rosidl_typesupport_fastrtps_cpp.dir/rosidl_typesupport_fastrtps_cpp/person_msgs/srv/detail/dds_fastrtps/query__type_support.cpp.o[0m
[11.064s] [35m[1mScanning dependencies of target person_msgs__rosidl_typesupport_c[0m
[11.082s] [ 43%] [32mBuilding CXX object CMakeFiles/person_msgs__rosidl_typesupport_c.dir/rosidl_typesupport_c/person_msgs/msg/person__type_support.cpp.o[0m
[11.128s] [ 46%] [32mBuilding CXX object CMakeFiles/person_msgs__rosidl_typesupport_c.dir/rosidl_typesupport_c/person_msgs/srv/query__type_support.cpp.o[0m
[11.138s] [35m[1mScanning dependencies of target person_msgs__rosidl_typesupport_introspection_c[0m
[11.176s] [ 48%] [32mBuilding C object CMakeFiles/person_msgs__rosidl_typesupport_introspection_c.dir/rosidl_typesupport_introspection_c/person_msgs/msg/detail/person__type_support.c.o[0m
[11.200s] [ 51%] [32m[1mLinking CXX shared library libperson_msgs__rosidl_typesupport_c.so[0m
[11.243s] [ 53%] [32mBuilding C object CMakeFiles/person_msgs__rosidl_typesupport_introspection_c.dir/rosidl_typesupport_introspection_c/person_msgs/srv/detail/query__type_support.c.o[0m
[11.305s] [ 56%] [32m[1mLinking C shared library libperson_msgs__rosidl_typesupport_introspection_c.so[0m
[11.410s] [ 56%] Built target person_msgs__rosidl_typesupport_c
[11.411s] [ 58%] [32m[1mLinking CXX shared library libperson_msgs__rosidl_typesupport_cpp.so[0m
[11.423s] [ 61%] [32m[1mLinking CXX shared library libperson_msgs__rosidl_typesupport_introspection_cpp.so[0m
[11.446s] [ 61%] Built target person_msgs__rosidl_typesupport_introspection_c
[11.550s] [ 61%] Built target person_msgs__rosidl_typesupport_cpp
[11.596s] [ 61%] Built target person_msgs__rosidl_typesupport_introspection_cpp
[11.716s] [ 64%] [32m[1mLinking CXX shared library libperson_msgs__rosidl_typesupport_fastrtps_cpp.so[0m
[11.849s] [ 64%] Built target person_msgs__rosidl_typesupport_fastrtps_cpp
[11.860s] [ 66%] [34m[1mGenerating C type support for eProsima Fast-RTPS[0m
[12.108s] [35m[1mScanning dependencies of target person_msgs__rosidl_typesupport_fastrtps_c[0m
[12.125s] [ 71%] [32mBuilding CXX object CMakeFiles/person_msgs__rosidl_typesupport_fastrtps_c.dir/rosidl_typesupport_fastrtps_c/person_msgs/msg/detail/person__type_support_c.cpp.o[0m
[12.125s] [ 71%] [32mBuilding CXX object CMakeFiles/person_msgs__rosidl_typesupport_fastrtps_c.dir/rosidl_typesupport_fastrtps_c/person_msgs/srv/detail/query__type_support_c.cpp.o[0m
[12.534s] [ 74%] [32m[1mLinking CXX shared library libperson_msgs__rosidl_typesupport_fastrtps_c.so[0m
[12.675s] [ 74%] Built target person_msgs__rosidl_typesupport_fastrtps_c
[12.693s] [ 74%] Built target person_msgs
[12.702s] [35m[1mScanning dependencies of target person_msgs__py[0m
[12.712s] [ 76%] [34m[1mGenerating Python code for ROS interfaces[0m
[13.186s] [ 76%] Built target person_msgs__py
[13.197s] [35m[1mScanning dependencies of target person_msgs__python[0m
[13.212s] [ 79%] [32mBuilding C object CMakeFiles/person_msgs__python.dir/rosidl_generator_py/person_msgs/msg/_person_s.c.o[0m
[13.213s] [ 82%] [32mBuilding C object CMakeFiles/person_msgs__python.dir/rosidl_generator_py/person_msgs/srv/_query_s.c.o[0m
[13.311s] [ 84%] [32m[1mLinking C shared library rosidl_generator_py/person_msgs/libperson_msgs__python.so[0m
[13.400s] [ 84%] Built target person_msgs__python
[13.413s] [35m[1mScanning dependencies of target person_msgs__rosidl_typesupport_c__pyext[0m
[13.413s] [35m[1mScanning dependencies of target person_msgs__rosidl_typesupport_fastrtps_c__pyext[0m
[13.413s] [35m[1mScanning dependencies of target person_msgs__rosidl_typesupport_introspection_c__pyext[0m
[13.428s] [ 92%] [32mBuilding C object CMakeFiles/person_msgs__rosidl_typesupport_fastrtps_c__pyext.dir/rosidl_generator_py/person_msgs/_person_msgs_s.ep.rosidl_typesupport_fastrtps_c.c.o[0m
[13.428s] [ 92%] [32mBuilding C object CMakeFiles/person_msgs__rosidl_typesupport_introspection_c__pyext.dir/rosidl_generator_py/person_msgs/_person_msgs_s.ep.rosidl_typesupport_introspection_c.c.o[0m
[13.428s] [ 92%] [32mBuilding C object CMakeFiles/person_msgs__rosidl_typesupport_c__pyext.dir/rosidl_generator_py/person_msgs/_person_msgs_s.ep.rosidl_typesupport_c.c.o[0m
[13.542s] [ 94%] [32m[1mLinking C shared library rosidl_generator_py/person_msgs/person_msgs_s__rosidl_typesupport_introspection_c.cpython-38-x86_64-linux-gnu.so[0m
[13.544s] [ 97%] [32m[1mLinking CXX shared library rosidl_generator_py/person_msgs/person_msgs_s__rosidl_typesupport_fastrtps_c.cpython-38-x86_64-linux-gnu.so[0m
[13.547s] [100%] [32m[1mLinking C shared library rosidl_generator_py/person_msgs/person_msgs_s__rosidl_typesupport_c.cpython-38-x86_64-linux-gnu.so[0m
[13.633s] [100%] Built target person_msgs__rosidl_typesupport_introspection_c__pyext
[13.649s] [100%] Built target person_msgs__rosidl_typesupport_c__pyext
[13.664s] [100%] Built target person_msgs__rosidl_typesupport_fastrtps_c__pyext
[13.677s] Invoked command in '/home/ryousuke/ros2_ws/build/person_msgs' returned '0': CMAKE_PREFIX_PATH=${CMAKE_PREFIX_PATH}:/home/ryousuke/ros2_ws/install/mypkg:/opt/ros/foxy /usr/bin/cmake --build /home/ryousuke/ros2_ws/build/person_msgs -- -j8 -l8
[13.746s] Invoking command in '/home/ryousuke/ros2_ws/build/person_msgs': CMAKE_PREFIX_PATH=${CMAKE_PREFIX_PATH}:/home/ryousuke/ros2_ws/install/mypkg:/opt/ros/foxy /usr/bin/cmake --install /home/ryousuke/ros2_ws/build/person_msgs
[13.754s] -- Install configuration: ""
[13.754s] -- Installing: /home/ryousuke/ros2_ws/install/person_msgs/share/ament_index/resource_index/rosidl_interfaces/person_msgs
[13.755s] -- Up-to-date: /home/ryousuke/ros2_ws/install/person_msgs/include/person_msgs
[13.755s] -- Installing: /home/ryousuke/ros2_ws/install/person_msgs/include/person_msgs/srv
[13.755s] -- Installing: /home/ryousuke/ros2_ws/install/person_msgs/include/person_msgs/srv/query.h
[13.755s] -- Installing: /home/ryousuke/ros2_ws/install/person_msgs/include/person_msgs/srv/detail
[13.756s] -- Installing: /home/ryousuke/ros2_ws/install/person_msgs/include/person_msgs/srv/detail/query__functions.c
[13.756s] -- Installing: /home/ryousuke/ros2_ws/install/person_msgs/include/person_msgs/srv/detail/query__type_support.h
[13.757s] -- Installing: /home/ryousuke/ros2_ws/install/person_msgs/include/person_msgs/srv/detail/query__functions.h
[13.757s] -- Installing: /home/ryousuke/ros2_ws/install/person_msgs/include/person_msgs/srv/detail/query__struct.h
[13.757s] -- Up-to-date: /home/ryousuke/ros2_ws/install/person_msgs/include/person_msgs/msg
[13.757s] -- Installing: /home/ryousuke/ros2_ws/install/person_msgs/include/person_msgs/msg/person.h
[13.758s] -- Up-to-date: /home/ryousuke/ros2_ws/install/person_msgs/include/person_msgs/msg/rosidl_generator_c__visibility_control.h
[13.758s] -- Up-to-date: /home/ryousuke/ros2_ws/install/person_msgs/include/person_msgs/msg/detail
[13.758s] -- Installing: /home/ryousuke/ros2_ws/install/person_msgs/include/person_msgs/msg/detail/person__functions.c
[13.758s] -- Installing: /home/ryousuke/ros2_ws/install/person_msgs/include/person_msgs/msg/detail/person__type_support.h
[13.758s] -- Installing: /home/ryousuke/ros2_ws/install/person_msgs/include/person_msgs/msg/detail/person__functions.h
[13.758s] -- Installing: /home/ryousuke/ros2_ws/install/person_msgs/include/person_msgs/msg/detail/person__struct.h
[13.758s] -- Up-to-date: /home/ryousuke/ros2_ws/install/person_msgs/share/person_msgs/environment/library_path.sh
[13.758s] -- Installing: /home/ryousuke/ros2_ws/install/person_msgs/share/person_msgs/environment/library_path.dsv
[13.759s] -- Installing: /home/ryousuke/ros2_ws/install/person_msgs/lib/libperson_msgs__rosidl_generator_c.so
[13.759s] -- Set runtime path of "/home/ryousuke/ros2_ws/install/person_msgs/lib/libperson_msgs__rosidl_generator_c.so" to ""
[13.759s] -- Up-to-date: /home/ryousuke/ros2_ws/install/person_msgs/include/person_msgs
[13.759s] -- Up-to-date: /home/ryousuke/ros2_ws/install/person_msgs/include/person_msgs/srv
[13.759s] -- Up-to-date: /home/ryousuke/ros2_ws/install/person_msgs/include/person_msgs/srv/detail
[13.759s] -- Installing: /home/ryousuke/ros2_ws/install/person_msgs/include/person_msgs/srv/detail/query__rosidl_typesupport_fastrtps_c.h
[13.759s] -- Up-to-date: /home/ryousuke/ros2_ws/install/person_msgs/include/person_msgs/msg
[13.760s] -- Up-to-date: /home/ryousuke/ros2_ws/install/person_msgs/include/person_msgs/msg/rosidl_typesupport_fastrtps_c__visibility_control.h
[13.760s] -- Up-to-date: /home/ryousuke/ros2_ws/install/person_msgs/include/person_msgs/msg/detail
[13.760s] -- Installing: /home/ryousuke/ros2_ws/install/person_msgs/include/person_msgs/msg/detail/person__rosidl_typesupport_fastrtps_c.h
[13.760s] -- Installing: /home/ryousuke/ros2_ws/install/person_msgs/lib/libperson_msgs__rosidl_typesupport_fastrtps_c.so
[13.760s] -- Set runtime path of "/home/ryousuke/ros2_ws/install/person_msgs/lib/libperson_msgs__rosidl_typesupport_fastrtps_c.so" to ""
[13.761s] -- Up-to-date: /home/ryousuke/ros2_ws/install/person_msgs/include/person_msgs
[13.761s] -- Up-to-date: /home/ryousuke/ros2_ws/install/person_msgs/include/person_msgs/srv
[13.761s] -- Up-to-date: /home/ryousuke/ros2_ws/install/person_msgs/include/person_msgs/srv/detail
[13.761s] -- Installing: /home/ryousuke/ros2_ws/install/person_msgs/include/person_msgs/srv/detail/dds_fastrtps
[13.761s] -- Installing: /home/ryousuke/ros2_ws/install/person_msgs/include/person_msgs/srv/detail/query__rosidl_typesupport_fastrtps_cpp.hpp
[13.762s] -- Up-to-date: /home/ryousuke/ros2_ws/install/person_msgs/include/person_msgs/msg
[13.762s] -- Up-to-date: /home/ryousuke/ros2_ws/install/person_msgs/include/person_msgs/msg/rosidl_typesupport_fastrtps_cpp__visibility_control.h
[13.762s] -- Up-to-date: /home/ryousuke/ros2_ws/install/person_msgs/include/person_msgs/msg/detail
[13.762s] -- Up-to-date: /home/ryousuke/ros2_ws/install/person_msgs/include/person_msgs/msg/detail/dds_fastrtps
[13.762s] -- Installing: /home/ryousuke/ros2_ws/install/person_msgs/include/person_msgs/msg/detail/person__rosidl_typesupport_fastrtps_cpp.hpp
[13.762s] -- Installing: /home/ryousuke/ros2_ws/install/person_msgs/lib/libperson_msgs__rosidl_typesupport_fastrtps_cpp.so
[13.762s] -- Set runtime path of "/home/ryousuke/ros2_ws/install/person_msgs/lib/libperson_msgs__rosidl_typesupport_fastrtps_cpp.so" to ""
[13.762s] -- Up-to-date: /home/ryousuke/ros2_ws/install/person_msgs/include/person_msgs
[13.762s] -- Up-to-date: /home/ryousuke/ros2_ws/install/person_msgs/include/person_msgs/srv
[13.763s] -- Up-to-date: /home/ryousuke/ros2_ws/install/person_msgs/include/person_msgs/srv/detail
[13.763s] -- Installing: /home/ryousuke/ros2_ws/install/person_msgs/include/person_msgs/srv/detail/query__type_support.c
[13.763s] -- Installing: /home/ryousuke/ros2_ws/install/person_msgs/include/person_msgs/srv/detail/query__rosidl_typesupport_introspection_c.h
[13.763s] -- Up-to-date: /home/ryousuke/ros2_ws/install/person_msgs/include/person_msgs/msg
[13.763s] -- Up-to-date: /home/ryousuke/ros2_ws/install/person_msgs/include/person_msgs/msg/rosidl_typesupport_introspection_c__visibility_control.h
[13.763s] -- Up-to-date: /home/ryousuke/ros2_ws/install/person_msgs/include/person_msgs/msg/detail
[13.764s] -- Installing: /home/ryousuke/ros2_ws/install/person_msgs/include/person_msgs/msg/detail/person__type_support.c
[13.764s] -- Installing: /home/ryousuke/ros2_ws/install/person_msgs/include/person_msgs/msg/detail/person__rosidl_typesupport_introspection_c.h
[13.764s] -- Installing: /home/ryousuke/ros2_ws/install/person_msgs/lib/libperson_msgs__rosidl_typesupport_introspection_c.so
[13.764s] -- Set runtime path of "/home/ryousuke/ros2_ws/install/person_msgs/lib/libperson_msgs__rosidl_typesupport_introspection_c.so" to ""
[13.765s] -- Installing: /home/ryousuke/ros2_ws/install/person_msgs/lib/libperson_msgs__rosidl_typesupport_c.so
[13.765s] -- Set runtime path of "/home/ryousuke/ros2_ws/install/person_msgs/lib/libperson_msgs__rosidl_typesupport_c.so" to ""
[13.765s] -- Up-to-date: /home/ryousuke/ros2_ws/install/person_msgs/include/person_msgs
[13.765s] -- Up-to-date: /home/ryousuke/ros2_ws/install/person_msgs/include/person_msgs/srv
[13.765s] -- Installing: /home/ryousuke/ros2_ws/install/person_msgs/include/person_msgs/srv/query.hpp
[13.765s] -- Up-to-date: /home/ryousuke/ros2_ws/install/person_msgs/include/person_msgs/srv/detail
[13.765s] -- Installing: /home/ryousuke/ros2_ws/install/person_msgs/include/person_msgs/srv/detail/query__builder.hpp
[13.765s] -- Installing: /home/ryousuke/ros2_ws/install/person_msgs/include/person_msgs/srv/detail/query__struct.hpp
[13.766s] -- Installing: /home/ryousuke/ros2_ws/install/person_msgs/include/person_msgs/srv/detail/query__traits.hpp
[13.766s] -- Installing: /home/ryousuke/ros2_ws/install/person_msgs/include/person_msgs/srv/detail/query__type_support.hpp
[13.766s] -- Up-to-date: /home/ryousuke/ros2_ws/install/person_msgs/include/person_msgs/msg
[13.766s] -- Installing: /home/ryousuke/ros2_ws/install/person_msgs/include/person_msgs/msg/person.hpp
[13.766s] -- Up-to-date: /home/ryousuke/ros2_ws/install/person_msgs/include/person_msgs/msg/rosidl_generator_cpp__visibility_control.hpp
[13.766s] -- Up-to-date: /home/ryousuke/ros2_ws/install/person_msgs/include/person_msgs/msg/detail
[13.767s] -- Installing: /home/ryousuke/ros2_ws/install/person_msgs/include/person_msgs/msg/detail/person__builder.hpp
[13.767s] -- Installing: /home/ryousuke/ros2_ws/install/person_msgs/include/person_msgs/msg/detail/person__type_support.hpp
[13.767s] -- Installing: /home/ryousuke/ros2_ws/install/person_msgs/include/person_msgs/msg/detail/person__traits.hpp
[13.767s] -- Installing: /home/ryousuke/ros2_ws/install/person_msgs/include/person_msgs/msg/detail/person__struct.hpp
[13.767s] -- Up-to-date: /home/ryousuke/ros2_ws/install/person_msgs/include/person_msgs
[13.767s] -- Up-to-date: /home/ryousuke/ros2_ws/install/person_msgs/include/person_msgs/srv
[13.768s] -- Up-to-date: /home/ryousuke/ros2_ws/install/person_msgs/include/person_msgs/srv/detail
[13.768s] -- Installing: /home/ryousuke/ros2_ws/install/person_msgs/include/person_msgs/srv/detail/query__type_support.cpp
[13.768s] -- Installing: /home/ryousuke/ros2_ws/install/person_msgs/include/person_msgs/srv/detail/query__rosidl_typesupport_introspection_cpp.hpp
[13.768s] -- Up-to-date: /home/ryousuke/ros2_ws/install/person_msgs/include/person_msgs/msg
[13.768s] -- Up-to-date: /home/ryousuke/ros2_ws/install/person_msgs/include/person_msgs/msg/detail
[13.768s] -- Installing: /home/ryousuke/ros2_ws/install/person_msgs/include/person_msgs/msg/detail/person__rosidl_typesupport_introspection_cpp.hpp
[13.768s] -- Installing: /home/ryousuke/ros2_ws/install/person_msgs/include/person_msgs/msg/detail/person__type_support.cpp
[13.768s] -- Installing: /home/ryousuke/ros2_ws/install/person_msgs/lib/libperson_msgs__rosidl_typesupport_introspection_cpp.so
[13.768s] -- Set runtime path of "/home/ryousuke/ros2_ws/install/person_msgs/lib/libperson_msgs__rosidl_typesupport_introspection_cpp.so" to ""
[13.768s] -- Installing: /home/ryousuke/ros2_ws/install/person_msgs/lib/libperson_msgs__rosidl_typesupport_cpp.so
[13.768s] -- Set runtime path of "/home/ryousuke/ros2_ws/install/person_msgs/lib/libperson_msgs__rosidl_typesupport_cpp.so" to ""
[13.768s] -- Up-to-date: /home/ryousuke/ros2_ws/install/person_msgs/share/person_msgs/environment/pythonpath.sh
[13.768s] -- Installing: /home/ryousuke/ros2_ws/install/person_msgs/share/person_msgs/environment/pythonpath.dsv
[13.768s] -- Installing: /home/ryousuke/ros2_ws/install/person_msgs/lib/python3.8/site-packages/person_msgs/__init__.py
[13.796s] Compiling '/home/ryousuke/ros2_ws/install/person_msgs/lib/python3.8/site-packages/person_msgs/__init__.py'...
[13.799s] -- Up-to-date: /home/ryousuke/ros2_ws/install/person_msgs/lib/python3.8/site-packages/person_msgs/msg
[13.800s] -- Installing: /home/ryousuke/ros2_ws/install/person_msgs/lib/python3.8/site-packages/person_msgs/msg/_person.py
[13.800s] -- Installing: /home/ryousuke/ros2_ws/install/person_msgs/lib/python3.8/site-packages/person_msgs/msg/_person_s.c
[13.800s] -- Installing: /home/ryousuke/ros2_ws/install/person_msgs/lib/python3.8/site-packages/person_msgs/msg/__init__.py
[13.801s] -- Installing: /home/ryousuke/ros2_ws/install/person_msgs/lib/python3.8/site-packages/person_msgs/srv
[13.801s] -- Installing: /home/ryousuke/ros2_ws/install/person_msgs/lib/python3.8/site-packages/person_msgs/srv/_query_s.c
[13.801s] -- Installing: /home/ryousuke/ros2_ws/install/person_msgs/lib/python3.8/site-packages/person_msgs/srv/_query.py
[13.802s] -- Installing: /home/ryousuke/ros2_ws/install/person_msgs/lib/python3.8/site-packages/person_msgs/srv/__init__.py
[13.802s] -- Installing: /home/ryousuke/ros2_ws/install/person_msgs/lib/python3.8/site-packages/person_msgs/person_msgs_s__rosidl_typesupport_fastrtps_c.cpython-38-x86_64-linux-gnu.so
[13.802s] -- Set runtime path of "/home/ryousuke/ros2_ws/install/person_msgs/lib/python3.8/site-packages/person_msgs/person_msgs_s__rosidl_typesupport_fastrtps_c.cpython-38-x86_64-linux-gnu.so" to ""
[13.802s] -- Installing: /home/ryousuke/ros2_ws/install/person_msgs/lib/python3.8/site-packages/person_msgs/person_msgs_s__rosidl_typesupport_introspection_c.cpython-38-x86_64-linux-gnu.so
[13.803s] -- Set runtime path of "/home/ryousuke/ros2_ws/install/person_msgs/lib/python3.8/site-packages/person_msgs/person_msgs_s__rosidl_typesupport_introspection_c.cpython-38-x86_64-linux-gnu.so" to ""
[13.803s] -- Installing: /home/ryousuke/ros2_ws/install/person_msgs/lib/python3.8/site-packages/person_msgs/person_msgs_s__rosidl_typesupport_c.cpython-38-x86_64-linux-gnu.so
[13.803s] -- Set runtime path of "/home/ryousuke/ros2_ws/install/person_msgs/lib/python3.8/site-packages/person_msgs/person_msgs_s__rosidl_typesupport_c.cpython-38-x86_64-linux-gnu.so" to ""
[13.804s] -- Installing: /home/ryousuke/ros2_ws/install/person_msgs/lib/libperson_msgs__python.so
[13.804s] -- Set runtime path of "/home/ryousuke/ros2_ws/install/person_msgs/lib/libperson_msgs__python.so" to ""
[13.804s] -- Up-to-date: /home/ryousuke/ros2_ws/install/person_msgs/share/person_msgs/msg/Person.idl
[13.805s] -- Installing: /home/ryousuke/ros2_ws/install/person_msgs/share/person_msgs/srv/Query.idl
[13.805s] -- Up-to-date: /home/ryousuke/ros2_ws/install/person_msgs/share/person_msgs/msg/Person.msg
[13.805s] -- Installing: /home/ryousuke/ros2_ws/install/person_msgs/share/person_msgs/srv/Query.srv
[13.805s] -- Installing: /home/ryousuke/ros2_ws/install/person_msgs/share/person_msgs/srv/Query_Request.msg
[13.806s] -- Installing: /home/ryousuke/ros2_ws/install/person_msgs/share/person_msgs/srv/Query_Response.msg
[13.806s] -- Up-to-date: /home/ryousuke/ros2_ws/install/person_msgs/share/ament_index/resource_index/package_run_dependencies/person_msgs
[13.806s] -- Up-to-date: /home/ryousuke/ros2_ws/install/person_msgs/share/ament_index/resource_index/parent_prefix_path/person_msgs
[13.806s] -- Up-to-date: /home/ryousuke/ros2_ws/install/person_msgs/share/person_msgs/environment/ament_prefix_path.sh
[13.806s] -- Installing: /home/ryousuke/ros2_ws/install/person_msgs/share/person_msgs/environment/ament_prefix_path.dsv
[13.807s] -- Up-to-date: /home/ryousuke/ros2_ws/install/person_msgs/share/person_msgs/environment/path.sh
[13.807s] -- Installing: /home/ryousuke/ros2_ws/install/person_msgs/share/person_msgs/environment/path.dsv
[13.807s] -- Up-to-date: /home/ryousuke/ros2_ws/install/person_msgs/share/person_msgs/local_setup.bash
[13.807s] -- Up-to-date: /home/ryousuke/ros2_ws/install/person_msgs/share/person_msgs/local_setup.sh
[13.807s] -- Up-to-date: /home/ryousuke/ros2_ws/install/person_msgs/share/person_msgs/local_setup.zsh
[13.807s] -- Installing: /home/ryousuke/ros2_ws/install/person_msgs/share/person_msgs/local_setup.dsv
[13.808s] -- Installing: /home/ryousuke/ros2_ws/install/person_msgs/share/person_msgs/package.dsv
[13.808s] -- Up-to-date: /home/ryousuke/ros2_ws/install/person_msgs/share/ament_index/resource_index/packages/person_msgs
[13.808s] -- Up-to-date: /home/ryousuke/ros2_ws/install/person_msgs/share/person_msgs/cmake/person_msgs__rosidl_generator_cExport.cmake
[13.808s] -- Installing: /home/ryousuke/ros2_ws/install/person_msgs/share/person_msgs/cmake/person_msgs__rosidl_generator_cExport-noconfig.cmake
[13.808s] -- Up-to-date: /home/ryousuke/ros2_ws/install/person_msgs/share/person_msgs/cmake/person_msgs__rosidl_typesupport_introspection_cExport.cmake
[13.808s] -- Installing: /home/ryousuke/ros2_ws/install/person_msgs/share/person_msgs/cmake/person_msgs__rosidl_typesupport_introspection_cExport-noconfig.cmake
[13.809s] -- Up-to-date: /home/ryousuke/ros2_ws/install/person_msgs/share/person_msgs/cmake/person_msgs__rosidl_typesupport_cExport.cmake
[13.809s] -- Installing: /home/ryousuke/ros2_ws/install/person_msgs/share/person_msgs/cmake/person_msgs__rosidl_typesupport_cExport-noconfig.cmake
[13.809s] -- Up-to-date: /home/ryousuke/ros2_ws/install/person_msgs/share/person_msgs/cmake/person_msgs__rosidl_generator_cppExport.cmake
[13.809s] -- Up-to-date: /home/ryousuke/ros2_ws/install/person_msgs/share/person_msgs/cmake/person_msgs__rosidl_typesupport_introspection_cppExport.cmake
[13.809s] -- Installing: /home/ryousuke/ros2_ws/install/person_msgs/share/person_msgs/cmake/person_msgs__rosidl_typesupport_introspection_cppExport-noconfig.cmake
[13.810s] -- Up-to-date: /home/ryousuke/ros2_ws/install/person_msgs/share/person_msgs/cmake/person_msgs__rosidl_typesupport_cppExport.cmake
[13.810s] -- Installing: /home/ryousuke/ros2_ws/install/person_msgs/share/person_msgs/cmake/person_msgs__rosidl_typesupport_cppExport-noconfig.cmake
[13.810s] -- Installing: /home/ryousuke/ros2_ws/install/person_msgs/share/person_msgs/cmake/rosidl_cmake-extras.cmake
[13.810s] -- Up-to-date: /home/ryousuke/ros2_ws/install/person_msgs/share/person_msgs/cmake/ament_cmake_export_dependencies-extras.cmake
[13.810s] -- Up-to-date: /home/ryousuke/ros2_ws/install/person_msgs/share/person_msgs/cmake/ament_cmake_export_libraries-extras.cmake
[13.810s] -- Up-to-date: /home/ryousuke/ros2_ws/install/person_msgs/share/person_msgs/cmake/ament_cmake_export_targets-extras.cmake
[13.810s] -- Up-to-date: /home/ryousuke/ros2_ws/install/person_msgs/share/person_msgs/cmake/ament_cmake_export_include_directories-extras.cmake
[13.810s] -- Up-to-date: /home/ryousuke/ros2_ws/install/person_msgs/share/person_msgs/cmake/rosidl_cmake_export_typesupport_libraries-extras.cmake
[13.811s] -- Up-to-date: /home/ryousuke/ros2_ws/install/person_msgs/share/person_msgs/cmake/rosidl_cmake_export_typesupport_targets-extras.cmake
[13.811s] -- Up-to-date: /home/ryousuke/ros2_ws/install/person_msgs/share/person_msgs/cmake/person_msgsConfig.cmake
[13.811s] -- Up-to-date: /home/ryousuke/ros2_ws/install/person_msgs/share/person_msgs/cmake/person_msgsConfig-version.cmake
[13.811s] -- Up-to-date: /home/ryousuke/ros2_ws/install/person_msgs/share/person_msgs/package.xml
[13.813s] Invoked command in '/home/ryousuke/ros2_ws/build/person_msgs' returned '0': CMAKE_PREFIX_PATH=${CMAKE_PREFIX_PATH}:/home/ryousuke/ros2_ws/install/mypkg:/opt/ros/foxy /usr/bin/cmake --install /home/ryousuke/ros2_ws/build/person_msgs
