[0.783s] Invoking command in '/home/ryousuke/ros2_ws/src/mypkg': PYTHONPATH=/home/ryousuke/ros2_ws/build/mypkg/prefix_override:/home/ryousuke/ros2_ws/install/mypkg/lib/python3.8/site-packages:${PYTHONPATH} /usr/bin/python3 setup.py egg_info --egg-base ../../build/mypkg build --build-base /home/ryousuke/ros2_ws/build/mypkg/build install --record /home/ryousuke/ros2_ws/build/mypkg/install.log --install-scripts $base/lib/mypkg --single-version-externally-managed
[0.939s] running egg_info
[0.940s] writing ../../build/mypkg/mypkg.egg-info/PKG-INFO
[0.940s] writing dependency_links to ../../build/mypkg/mypkg.egg-info/dependency_links.txt
[0.940s] writing entry points to ../../build/mypkg/mypkg.egg-info/entry_points.txt
[0.940s] writing requirements to ../../build/mypkg/mypkg.egg-info/requires.txt
[0.941s] writing top-level names to ../../build/mypkg/mypkg.egg-info/top_level.txt
[0.966s] reading manifest file '../../build/mypkg/mypkg.egg-info/SOURCES.txt'
[0.966s] writing manifest file '../../build/mypkg/mypkg.egg-info/SOURCES.txt'
[0.967s] running build
[0.967s] running build_py
[0.968s] running install
[0.968s] running install_lib
[0.969s] running install_data
[0.969s] running install_egg_info
[0.971s] removing '/home/ryousuke/ros2_ws/install/mypkg/lib/python3.8/site-packages/mypkg-0.0.0-py3.8.egg-info' (and everything under it)
[0.972s] Copying ../../build/mypkg/mypkg.egg-info to /home/ryousuke/ros2_ws/install/mypkg/lib/python3.8/site-packages/mypkg-0.0.0-py3.8.egg-info
[0.973s] running install_scripts
[0.986s] Installing listener script to /home/ryousuke/ros2_ws/install/mypkg/lib/mypkg
[0.987s] Installing talker script to /home/ryousuke/ros2_ws/install/mypkg/lib/mypkg
[0.987s] writing list of installed files to '/home/ryousuke/ros2_ws/build/mypkg/install.log'
[1.132s] Invoked command in '/home/ryousuke/ros2_ws/src/mypkg' returned '0': PYTHONPATH=/home/ryousuke/ros2_ws/build/mypkg/prefix_override:/home/ryousuke/ros2_ws/install/mypkg/lib/python3.8/site-packages:${PYTHONPATH} /usr/bin/python3 setup.py egg_info --egg-base ../../build/mypkg build --build-base /home/ryousuke/ros2_ws/build/mypkg/build install --record /home/ryousuke/ros2_ws/build/mypkg/install.log --install-scripts $base/lib/mypkg --single-version-externally-managed
