[1.401s] DEBUG:colcon:Command line arguments: ['/usr/bin/colcon', 'build']
[1.401s] DEBUG:colcon:Parsed command line arguments: Namespace(allow_overriding=[], ament_cmake_args=None, base_paths=['.'], build_base='build', catkin_cmake_args=None, catkin_skip_building_tests=False, cmake_args=None, cmake_clean_cache=False, cmake_clean_first=False, cmake_force_configure=False, cmake_target=None, cmake_target_skip_unavailable=False, continue_on_error=False, event_handlers=None, executor='parallel', ignore_user_meta=False, install_base='install', log_base=None, log_level=None, main=<bound method BuildVerb.main of <colcon_core.verb.build.BuildVerb object at 0x7f1fadb48310>>, merge_install=False, metas=['./colcon.meta'], packages_above=None, packages_above_and_dependencies=None, packages_above_depth=None, packages_end=None, packages_ignore=None, packages_ignore_regex=None, packages_select=None, packages_select_build_failed=False, packages_select_by_dep=None, packages_select_regex=None, packages_select_test_failures=False, packages_skip=None, packages_skip_build_finished=False, packages_skip_by_dep=None, packages_skip_regex=None, packages_skip_test_passed=False, packages_skip_up_to=None, packages_start=None, packages_up_to=None, packages_up_to_regex=None, parallel_workers=8, paths=None, symlink_install=False, test_result_base=None, verb_extension=<colcon_core.verb.build.BuildVerb object at 0x7f1fadb48310>, verb_name='build', verb_parser=<colcon_defaults.argument_parser.defaults.DefaultArgumentsDecorator object at 0x7f1fad775b50>)
[1.472s] Level 1:colcon.colcon_core.package_discovery:discover_packages(colcon_meta) check parameters
[1.472s] Level 1:colcon.colcon_core.package_discovery:discover_packages(recursive) check parameters
[1.472s] Level 1:colcon.colcon_core.package_discovery:discover_packages(ignore) check parameters
[1.472s] Level 1:colcon.colcon_core.package_discovery:discover_packages(path) check parameters
[1.472s] Level 1:colcon.colcon_core.package_discovery:discover_packages(colcon_meta) discover
[1.472s] Level 1:colcon.colcon_core.package_discovery:discover_packages(recursive) discover
[1.472s] INFO:colcon.colcon_core.package_discovery:Crawling recursively for packages in '/home/ryousuke/ros2_ws'
[1.472s] Level 1:colcon.colcon_core.package_identification:_identify(.) by extensions ['ignore', 'ignore_ament_install']
[1.472s] Level 1:colcon.colcon_core.package_identification:_identify(.) by extension 'ignore'
[1.472s] Level 1:colcon.colcon_core.package_identification:_identify(.) by extension 'ignore_ament_install'
[1.473s] Level 1:colcon.colcon_core.package_identification:_identify(.) by extensions ['colcon_pkg']
[1.473s] Level 1:colcon.colcon_core.package_identification:_identify(.) by extension 'colcon_pkg'
[1.473s] Level 1:colcon.colcon_core.package_identification:_identify(.) by extensions ['colcon_meta']
[1.473s] Level 1:colcon.colcon_core.package_identification:_identify(.) by extension 'colcon_meta'
[1.473s] Level 1:colcon.colcon_core.package_identification:_identify(.) by extensions ['ros']
[1.473s] Level 1:colcon.colcon_core.package_identification:_identify(.) by extension 'ros'
[1.501s] Level 1:colcon.colcon_core.package_identification:_identify(.) by extensions ['cmake', 'python']
[1.501s] Level 1:colcon.colcon_core.package_identification:_identify(.) by extension 'cmake'
[1.501s] Level 1:colcon.colcon_core.package_identification:_identify(.) by extension 'python'
[1.501s] Level 1:colcon.colcon_core.package_identification:_identify(.) by extensions ['python_setup_py']
[1.501s] Level 1:colcon.colcon_core.package_identification:_identify(.) by extension 'python_setup_py'
[1.501s] Level 1:colcon.colcon_core.package_identification:_identify(build) by extensions ['ignore', 'ignore_ament_install']
[1.501s] Level 1:colcon.colcon_core.package_identification:_identify(build) by extension 'ignore'
[1.501s] Level 1:colcon.colcon_core.package_identification:_identify(build) ignored
[1.501s] Level 1:colcon.colcon_core.package_identification:_identify(install) by extensions ['ignore', 'ignore_ament_install']
[1.501s] Level 1:colcon.colcon_core.package_identification:_identify(install) by extension 'ignore'
[1.501s] Level 1:colcon.colcon_core.package_identification:_identify(install) ignored
[1.501s] Level 1:colcon.colcon_core.package_identification:_identify(log) by extensions ['ignore', 'ignore_ament_install']
[1.501s] Level 1:colcon.colcon_core.package_identification:_identify(log) by extension 'ignore'
[1.501s] Level 1:colcon.colcon_core.package_identification:_identify(log) ignored
[1.501s] Level 1:colcon.colcon_core.package_identification:_identify(src) by extensions ['ignore', 'ignore_ament_install']
[1.501s] Level 1:colcon.colcon_core.package_identification:_identify(src) by extension 'ignore'
[1.501s] Level 1:colcon.colcon_core.package_identification:_identify(src) by extension 'ignore_ament_install'
[1.501s] Level 1:colcon.colcon_core.package_identification:_identify(src) by extensions ['colcon_pkg']
[1.501s] Level 1:colcon.colcon_core.package_identification:_identify(src) by extension 'colcon_pkg'
[1.502s] Level 1:colcon.colcon_core.package_identification:_identify(src) by extensions ['colcon_meta']
[1.502s] Level 1:colcon.colcon_core.package_identification:_identify(src) by extension 'colcon_meta'
[1.502s] Level 1:colcon.colcon_core.package_identification:_identify(src) by extensions ['ros']
[1.502s] Level 1:colcon.colcon_core.package_identification:_identify(src) by extension 'ros'
[1.502s] Level 1:colcon.colcon_core.package_identification:_identify(src) by extensions ['cmake', 'python']
[1.502s] Level 1:colcon.colcon_core.package_identification:_identify(src) by extension 'cmake'
[1.502s] Level 1:colcon.colcon_core.package_identification:_identify(src) by extension 'python'
[1.502s] Level 1:colcon.colcon_core.package_identification:_identify(src) by extensions ['python_setup_py']
[1.502s] Level 1:colcon.colcon_core.package_identification:_identify(src) by extension 'python_setup_py'
[1.502s] Level 1:colcon.colcon_core.package_identification:_identify(src/mypkg) by extensions ['ignore', 'ignore_ament_install']
[1.502s] Level 1:colcon.colcon_core.package_identification:_identify(src/mypkg) by extension 'ignore'
[1.502s] Level 1:colcon.colcon_core.package_identification:_identify(src/mypkg) by extension 'ignore_ament_install'
[1.502s] Level 1:colcon.colcon_core.package_identification:_identify(src/mypkg) by extensions ['colcon_pkg']
[1.502s] Level 1:colcon.colcon_core.package_identification:_identify(src/mypkg) by extension 'colcon_pkg'
[1.502s] Level 1:colcon.colcon_core.package_identification:_identify(src/mypkg) by extensions ['colcon_meta']
[1.502s] Level 1:colcon.colcon_core.package_identification:_identify(src/mypkg) by extension 'colcon_meta'
[1.502s] Level 1:colcon.colcon_core.package_identification:_identify(src/mypkg) by extensions ['ros']
[1.502s] Level 1:colcon.colcon_core.package_identification:_identify(src/mypkg) by extension 'ros'
[1.506s] DEBUG:colcon.colcon_core.package_identification:Package 'src/mypkg' with type 'ros.ament_python' and name 'mypkg'
[1.506s] Level 1:colcon.colcon_core.package_identification:_identify(src/person_msgs) by extensions ['ignore', 'ignore_ament_install']
[1.507s] Level 1:colcon.colcon_core.package_identification:_identify(src/person_msgs) by extension 'ignore'
[1.507s] Level 1:colcon.colcon_core.package_identification:_identify(src/person_msgs) by extension 'ignore_ament_install'
[1.507s] Level 1:colcon.colcon_core.package_identification:_identify(src/person_msgs) by extensions ['colcon_pkg']
[1.507s] Level 1:colcon.colcon_core.package_identification:_identify(src/person_msgs) by extension 'colcon_pkg'
[1.507s] Level 1:colcon.colcon_core.package_identification:_identify(src/person_msgs) by extensions ['colcon_meta']
[1.507s] Level 1:colcon.colcon_core.package_identification:_identify(src/person_msgs) by extension 'colcon_meta'
[1.507s] Level 1:colcon.colcon_core.package_identification:_identify(src/person_msgs) by extensions ['ros']
[1.507s] Level 1:colcon.colcon_core.package_identification:_identify(src/person_msgs) by extension 'ros'
[1.508s] DEBUG:colcon.colcon_core.package_identification:Package 'src/person_msgs' with type 'ros.ament_cmake' and name 'person_msgs'
[1.508s] Level 1:colcon.colcon_core.package_discovery:discover_packages(recursive) using defaults
[1.508s] Level 1:colcon.colcon_core.package_discovery:discover_packages(ignore) discover
[1.508s] Level 1:colcon.colcon_core.package_discovery:discover_packages(ignore) using defaults
[1.508s] Level 1:colcon.colcon_core.package_discovery:discover_packages(path) discover
[1.508s] Level 1:colcon.colcon_core.package_discovery:discover_packages(path) using defaults
[1.646s] Level 1:colcon.colcon_core.package_discovery:discover_packages(prefix_path) check parameters
[1.647s] Level 1:colcon.colcon_core.package_discovery:discover_packages(prefix_path) discover
[1.696s] DEBUG:colcon.colcon_installed_package_information.package_discovery:Found 2 installed packages in /home/ryousuke/ros2_ws/install
[1.721s] DEBUG:colcon.colcon_installed_package_information.package_discovery:Found 256 installed packages in /opt/ros/foxy
[1.722s] Level 1:colcon.colcon_core.package_discovery:discover_packages(prefix_path) using defaults
[1.849s] Level 5:colcon.colcon_core.verb:set package 'mypkg' build argument 'cmake_args' from command line to 'None'
[1.849s] Level 5:colcon.colcon_core.verb:set package 'mypkg' build argument 'cmake_target' from command line to 'None'
[1.849s] Level 5:colcon.colcon_core.verb:set package 'mypkg' build argument 'cmake_target_skip_unavailable' from command line to 'False'
[1.849s] Level 5:colcon.colcon_core.verb:set package 'mypkg' build argument 'cmake_clean_cache' from command line to 'False'
[1.849s] Level 5:colcon.colcon_core.verb:set package 'mypkg' build argument 'cmake_clean_first' from command line to 'False'
[1.849s] Level 5:colcon.colcon_core.verb:set package 'mypkg' build argument 'cmake_force_configure' from command line to 'False'
[1.849s] Level 5:colcon.colcon_core.verb:set package 'mypkg' build argument 'ament_cmake_args' from command line to 'None'
[1.849s] Level 5:colcon.colcon_core.verb:set package 'mypkg' build argument 'catkin_cmake_args' from command line to 'None'
[1.849s] Level 5:colcon.colcon_core.verb:set package 'mypkg' build argument 'catkin_skip_building_tests' from command line to 'False'
[1.849s] DEBUG:colcon.colcon_core.verb:Building package 'mypkg' with the following arguments: {'ament_cmake_args': None, 'build_base': '/home/ryousuke/ros2_ws/build/mypkg', 'catkin_cmake_args': None, 'catkin_skip_building_tests': False, 'cmake_args': None, 'cmake_clean_cache': False, 'cmake_clean_first': False, 'cmake_force_configure': False, 'cmake_target': None, 'cmake_target_skip_unavailable': False, 'install_base': '/home/ryousuke/ros2_ws/install/mypkg', 'merge_install': False, 'path': '/home/ryousuke/ros2_ws/src/mypkg', 'symlink_install': False, 'test_result_base': None}
[1.873s] Level 5:colcon.colcon_core.verb:set package 'person_msgs' build argument 'cmake_args' from command line to 'None'
[1.873s] Level 5:colcon.colcon_core.verb:set package 'person_msgs' build argument 'cmake_target' from command line to 'None'
[1.873s] Level 5:colcon.colcon_core.verb:set package 'person_msgs' build argument 'cmake_target_skip_unavailable' from command line to 'False'
[1.873s] Level 5:colcon.colcon_core.verb:set package 'person_msgs' build argument 'cmake_clean_cache' from command line to 'False'
[1.873s] Level 5:colcon.colcon_core.verb:set package 'person_msgs' build argument 'cmake_clean_first' from command line to 'False'
[1.873s] Level 5:colcon.colcon_core.verb:set package 'person_msgs' build argument 'cmake_force_configure' from command line to 'False'
[1.873s] Level 5:colcon.colcon_core.verb:set package 'person_msgs' build argument 'ament_cmake_args' from command line to 'None'
[1.873s] Level 5:colcon.colcon_core.verb:set package 'person_msgs' build argument 'catkin_cmake_args' from command line to 'None'
[1.873s] Level 5:colcon.colcon_core.verb:set package 'person_msgs' build argument 'catkin_skip_building_tests' from command line to 'False'
[1.873s] DEBUG:colcon.colcon_core.verb:Building package 'person_msgs' with the following arguments: {'ament_cmake_args': None, 'build_base': '/home/ryousuke/ros2_ws/build/person_msgs', 'catkin_cmake_args': None, 'catkin_skip_building_tests': False, 'cmake_args': None, 'cmake_clean_cache': False, 'cmake_clean_first': False, 'cmake_force_configure': False, 'cmake_target': None, 'cmake_target_skip_unavailable': False, 'install_base': '/home/ryousuke/ros2_ws/install/person_msgs', 'merge_install': False, 'path': '/home/ryousuke/ros2_ws/src/person_msgs', 'symlink_install': False, 'test_result_base': None}
[1.901s] INFO:colcon.colcon_core.executor:Executing jobs using 'parallel' executor
[1.929s] DEBUG:colcon.colcon_parallel_executor.executor.parallel:run_until_complete
[1.929s] INFO:colcon.colcon_ros.task.ament_python.build:Building ROS package in '/home/ryousuke/ros2_ws/src/mypkg' with build type 'ament_python'
[1.929s] Level 1:colcon.colcon_core.shell:create_environment_hook('mypkg', 'ament_prefix_path')
[1.965s] INFO:colcon.colcon_core.plugin_system:Skipping extension 'colcon_core.shell.bat': Not used on non-Windows systems
[1.965s] INFO:colcon.colcon_core.shell:Creating environment hook '/home/ryousuke/ros2_ws/install/mypkg/share/mypkg/hook/ament_prefix_path.ps1'
[1.966s] INFO:colcon.colcon_core.shell:Creating environment descriptor '/home/ryousuke/ros2_ws/install/mypkg/share/mypkg/hook/ament_prefix_path.dsv'
[1.966s] INFO:colcon.colcon_core.shell:Creating environment hook '/home/ryousuke/ros2_ws/install/mypkg/share/mypkg/hook/ament_prefix_path.sh'
[2.001s] INFO:colcon.colcon_core.shell:Skip shell extension 'powershell' for command environment: Not usable outside of PowerShell
[2.001s] DEBUG:colcon.colcon_core.shell:Skip shell extension 'dsv' for command environment
[2.083s] INFO:colcon.colcon_ros.task.ament_cmake.build:Building ROS package in '/home/ryousuke/ros2_ws/src/person_msgs' with build type 'ament_cmake'
[2.084s] INFO:colcon.colcon_cmake.task.cmake.build:Building CMake package in '/home/ryousuke/ros2_ws/src/person_msgs'
[2.113s] INFO:colcon.colcon_core.shell:Skip shell extension 'powershell' for command environment: Not usable outside of PowerShell
[2.113s] DEBUG:colcon.colcon_core.shell:Skip shell extension 'dsv' for command environment
[2.371s] INFO:colcon.colcon_core.task.python.build:Building Python package in '/home/ryousuke/ros2_ws/src/mypkg'
[2.413s] INFO:colcon.colcon_core.shell:Skip shell extension 'powershell' for command environment: Not usable outside of PowerShell
[2.413s] DEBUG:colcon.colcon_core.shell:Skip shell extension 'dsv' for command environment
[2.502s] DEBUG:colcon.colcon_core.event_handler.log_command:Invoking command in '/home/ryousuke/ros2_ws/build/person_msgs': CMAKE_PREFIX_PATH=${CMAKE_PREFIX_PATH}:/home/ryousuke/ros2_ws/install/mypkg:/opt/ros/foxy /usr/bin/cmake --build /home/ryousuke/ros2_ws/build/person_msgs -- -j8 -l8
[2.831s] DEBUG:colcon.colcon_core.event_handler.log_command:Invoking command in '/home/ryousuke/ros2_ws/src/mypkg': PYTHONPATH=/home/ryousuke/ros2_ws/build/mypkg/prefix_override:/home/ryousuke/ros2_ws/install/mypkg/lib/python3.8/site-packages:${PYTHONPATH} /usr/bin/python3 setup.py egg_info --egg-base ../../build/mypkg build --build-base /home/ryousuke/ros2_ws/build/mypkg/build install --record /home/ryousuke/ros2_ws/build/mypkg/install.log --install-scripts $base/lib/mypkg --single-version-externally-managed
[3.057s] DEBUG:colcon.colcon_core.event_handler.log_command:Invoked command in '/home/ryousuke/ros2_ws/src/mypkg' returned '0': PYTHONPATH=/home/ryousuke/ros2_ws/build/mypkg/prefix_override:/home/ryousuke/ros2_ws/install/mypkg/lib/python3.8/site-packages:${PYTHONPATH} /usr/bin/python3 setup.py egg_info --egg-base ../../build/mypkg build --build-base /home/ryousuke/ros2_ws/build/mypkg/build install --record /home/ryousuke/ros2_ws/build/mypkg/install.log --install-scripts $base/lib/mypkg --single-version-externally-managed
[3.086s] Level 1:colcon.colcon_core.environment:checking '/home/ryousuke/ros2_ws/install/mypkg' for CMake module files
[3.086s] Level 1:colcon.colcon_core.environment:checking '/home/ryousuke/ros2_ws/install/mypkg' for CMake config files
[3.086s] Level 1:colcon.colcon_core.environment:checking '/home/ryousuke/ros2_ws/install/mypkg/lib'
[3.087s] Level 1:colcon.colcon_core.environment:checking '/home/ryousuke/ros2_ws/install/mypkg/bin'
[3.087s] Level 1:colcon.colcon_core.environment:checking '/home/ryousuke/ros2_ws/install/mypkg/lib/pkgconfig/mypkg.pc'
[3.087s] Level 1:colcon.colcon_core.environment:checking '/home/ryousuke/ros2_ws/install/mypkg/lib/python3.8/site-packages'
[3.087s] Level 1:colcon.colcon_core.shell:create_environment_hook('mypkg', 'pythonpath')
[3.112s] INFO:colcon.colcon_core.shell:Creating environment hook '/home/ryousuke/ros2_ws/install/mypkg/share/mypkg/hook/pythonpath.ps1'
[3.112s] INFO:colcon.colcon_core.shell:Creating environment descriptor '/home/ryousuke/ros2_ws/install/mypkg/share/mypkg/hook/pythonpath.dsv'
[3.112s] INFO:colcon.colcon_core.shell:Creating environment hook '/home/ryousuke/ros2_ws/install/mypkg/share/mypkg/hook/pythonpath.sh'
[3.113s] Level 1:colcon.colcon_core.environment:checking '/home/ryousuke/ros2_ws/install/mypkg/bin'
[3.113s] Level 1:colcon.colcon_core.environment:create_environment_scripts_only(mypkg)
[3.153s] INFO:colcon.colcon_core.shell:Creating package script '/home/ryousuke/ros2_ws/install/mypkg/share/mypkg/package.ps1'
[3.154s] INFO:colcon.colcon_core.shell:Creating package descriptor '/home/ryousuke/ros2_ws/install/mypkg/share/mypkg/package.dsv'
[3.154s] INFO:colcon.colcon_core.shell:Creating package script '/home/ryousuke/ros2_ws/install/mypkg/share/mypkg/package.sh'
[3.155s] INFO:colcon.colcon_core.shell:Creating package script '/home/ryousuke/ros2_ws/install/mypkg/share/mypkg/package.bash'
[3.156s] INFO:colcon.colcon_core.shell:Creating package script '/home/ryousuke/ros2_ws/install/mypkg/share/mypkg/package.zsh'
[3.157s] Level 1:colcon.colcon_core.environment:create_file_with_runtime_dependencies(/home/ryousuke/ros2_ws/install/mypkg/share/colcon-core/packages/mypkg)
[7.204s] DEBUG:colcon.colcon_core.event_handler.log_command:Invoked command in '/home/ryousuke/ros2_ws/build/person_msgs' returned '0': CMAKE_PREFIX_PATH=${CMAKE_PREFIX_PATH}:/home/ryousuke/ros2_ws/install/mypkg:/opt/ros/foxy /usr/bin/cmake --build /home/ryousuke/ros2_ws/build/person_msgs -- -j8 -l8
[7.270s] DEBUG:colcon.colcon_core.event_handler.log_command:Invoking command in '/home/ryousuke/ros2_ws/build/person_msgs': CMAKE_PREFIX_PATH=${CMAKE_PREFIX_PATH}:/home/ryousuke/ros2_ws/install/mypkg:/opt/ros/foxy /usr/bin/cmake --install /home/ryousuke/ros2_ws/build/person_msgs
[7.317s] Level 1:colcon.colcon_core.environment:create_environment_scripts_only(person_msgs)
[7.318s] DEBUG:colcon.colcon_core.event_handler.log_command:Invoked command in '/home/ryousuke/ros2_ws/build/person_msgs' returned '0': CMAKE_PREFIX_PATH=${CMAKE_PREFIX_PATH}:/home/ryousuke/ros2_ws/install/mypkg:/opt/ros/foxy /usr/bin/cmake --install /home/ryousuke/ros2_ws/build/person_msgs
[7.341s] Level 1:colcon.colcon_core.environment:checking '/home/ryousuke/ros2_ws/install/person_msgs' for CMake module files
[7.341s] Level 1:colcon.colcon_core.environment:checking '/home/ryousuke/ros2_ws/install/person_msgs' for CMake config files
[7.341s] Level 1:colcon.colcon_core.shell:create_environment_hook('person_msgs', 'cmake_prefix_path')
[7.365s] INFO:colcon.colcon_core.shell:Creating environment hook '/home/ryousuke/ros2_ws/install/person_msgs/share/person_msgs/hook/cmake_prefix_path.ps1'
[7.365s] INFO:colcon.colcon_core.shell:Creating environment descriptor '/home/ryousuke/ros2_ws/install/person_msgs/share/person_msgs/hook/cmake_prefix_path.dsv'
[7.366s] INFO:colcon.colcon_core.shell:Creating environment hook '/home/ryousuke/ros2_ws/install/person_msgs/share/person_msgs/hook/cmake_prefix_path.sh'
[7.366s] Level 1:colcon.colcon_core.environment:checking '/home/ryousuke/ros2_ws/install/person_msgs/lib'
[7.366s] Level 1:colcon.colcon_core.shell:create_environment_hook('person_msgs', 'ld_library_path_lib')
[7.390s] INFO:colcon.colcon_core.shell:Creating environment hook '/home/ryousuke/ros2_ws/install/person_msgs/share/person_msgs/hook/ld_library_path_lib.ps1'
[7.390s] INFO:colcon.colcon_core.shell:Creating environment descriptor '/home/ryousuke/ros2_ws/install/person_msgs/share/person_msgs/hook/ld_library_path_lib.dsv'
[7.391s] INFO:colcon.colcon_core.shell:Creating environment hook '/home/ryousuke/ros2_ws/install/person_msgs/share/person_msgs/hook/ld_library_path_lib.sh'
[7.391s] Level 1:colcon.colcon_core.environment:checking '/home/ryousuke/ros2_ws/install/person_msgs/bin'
[7.391s] Level 1:colcon.colcon_core.environment:checking '/home/ryousuke/ros2_ws/install/person_msgs/lib/pkgconfig/person_msgs.pc'
[7.391s] Level 1:colcon.colcon_core.environment:checking '/home/ryousuke/ros2_ws/install/person_msgs/lib/python3.8/site-packages'
[7.391s] Level 1:colcon.colcon_core.shell:create_environment_hook('person_msgs', 'pythonpath')
[7.413s] INFO:colcon.colcon_core.shell:Creating environment hook '/home/ryousuke/ros2_ws/install/person_msgs/share/person_msgs/hook/pythonpath.ps1'
[7.414s] INFO:colcon.colcon_core.shell:Creating environment descriptor '/home/ryousuke/ros2_ws/install/person_msgs/share/person_msgs/hook/pythonpath.dsv'
[7.414s] INFO:colcon.colcon_core.shell:Creating environment hook '/home/ryousuke/ros2_ws/install/person_msgs/share/person_msgs/hook/pythonpath.sh'
[7.414s] Level 1:colcon.colcon_core.environment:checking '/home/ryousuke/ros2_ws/install/person_msgs/bin'
[7.449s] INFO:colcon.colcon_core.shell:Creating package script '/home/ryousuke/ros2_ws/install/person_msgs/share/person_msgs/package.ps1'
[7.450s] INFO:colcon.colcon_core.shell:Creating package descriptor '/home/ryousuke/ros2_ws/install/person_msgs/share/person_msgs/package.dsv'
[7.451s] INFO:colcon.colcon_core.shell:Creating package script '/home/ryousuke/ros2_ws/install/person_msgs/share/person_msgs/package.sh'
[7.452s] INFO:colcon.colcon_core.shell:Creating package script '/home/ryousuke/ros2_ws/install/person_msgs/share/person_msgs/package.bash'
[7.452s] INFO:colcon.colcon_core.shell:Creating package script '/home/ryousuke/ros2_ws/install/person_msgs/share/person_msgs/package.zsh'
[7.453s] Level 1:colcon.colcon_core.environment:create_file_with_runtime_dependencies(/home/ryousuke/ros2_ws/install/person_msgs/share/colcon-core/packages/person_msgs)
[7.533s] Level 1:colcon.colcon_core.environment:create_environment_scripts_only(person_msgs)
[7.558s] Level 1:colcon.colcon_core.environment:checking '/home/ryousuke/ros2_ws/install/person_msgs' for CMake module files
[7.559s] Level 1:colcon.colcon_core.environment:checking '/home/ryousuke/ros2_ws/install/person_msgs' for CMake config files
[7.560s] Level 1:colcon.colcon_core.shell:create_environment_hook('person_msgs', 'cmake_prefix_path')
[7.580s] INFO:colcon.colcon_core.shell:Creating environment hook '/home/ryousuke/ros2_ws/install/person_msgs/share/person_msgs/hook/cmake_prefix_path.ps1'
[7.580s] INFO:colcon.colcon_core.shell:Creating environment descriptor '/home/ryousuke/ros2_ws/install/person_msgs/share/person_msgs/hook/cmake_prefix_path.dsv'
[7.580s] INFO:colcon.colcon_core.shell:Creating environment hook '/home/ryousuke/ros2_ws/install/person_msgs/share/person_msgs/hook/cmake_prefix_path.sh'
[7.581s] Level 1:colcon.colcon_core.environment:checking '/home/ryousuke/ros2_ws/install/person_msgs/lib'
[7.581s] Level 1:colcon.colcon_core.shell:create_environment_hook('person_msgs', 'ld_library_path_lib')
[7.605s] INFO:colcon.colcon_core.shell:Creating environment hook '/home/ryousuke/ros2_ws/install/person_msgs/share/person_msgs/hook/ld_library_path_lib.ps1'
[7.606s] INFO:colcon.colcon_core.shell:Creating environment descriptor '/home/ryousuke/ros2_ws/install/person_msgs/share/person_msgs/hook/ld_library_path_lib.dsv'
[7.607s] INFO:colcon.colcon_core.shell:Creating environment hook '/home/ryousuke/ros2_ws/install/person_msgs/share/person_msgs/hook/ld_library_path_lib.sh'
[7.607s] Level 1:colcon.colcon_core.environment:checking '/home/ryousuke/ros2_ws/install/person_msgs/bin'
[7.607s] Level 1:colcon.colcon_core.environment:checking '/home/ryousuke/ros2_ws/install/person_msgs/lib/pkgconfig/person_msgs.pc'
[7.607s] Level 1:colcon.colcon_core.environment:checking '/home/ryousuke/ros2_ws/install/person_msgs/lib/python3.8/site-packages'
[7.608s] Level 1:colcon.colcon_core.shell:create_environment_hook('person_msgs', 'pythonpath')
[7.630s] INFO:colcon.colcon_core.shell:Creating environment hook '/home/ryousuke/ros2_ws/install/person_msgs/share/person_msgs/hook/pythonpath.ps1'
[7.631s] INFO:colcon.colcon_core.shell:Creating environment descriptor '/home/ryousuke/ros2_ws/install/person_msgs/share/person_msgs/hook/pythonpath.dsv'
[7.631s] INFO:colcon.colcon_core.shell:Creating environment hook '/home/ryousuke/ros2_ws/install/person_msgs/share/person_msgs/hook/pythonpath.sh'
[7.631s] Level 1:colcon.colcon_core.environment:checking '/home/ryousuke/ros2_ws/install/person_msgs/bin'
[7.655s] INFO:colcon.colcon_core.shell:Creating package script '/home/ryousuke/ros2_ws/install/person_msgs/share/person_msgs/package.ps1'
[7.655s] INFO:colcon.colcon_core.shell:Creating package descriptor '/home/ryousuke/ros2_ws/install/person_msgs/share/person_msgs/package.dsv'
[7.655s] INFO:colcon.colcon_core.shell:Creating package script '/home/ryousuke/ros2_ws/install/person_msgs/share/person_msgs/package.sh'
[7.656s] INFO:colcon.colcon_core.shell:Creating package script '/home/ryousuke/ros2_ws/install/person_msgs/share/person_msgs/package.bash'
[7.656s] INFO:colcon.colcon_core.shell:Creating package script '/home/ryousuke/ros2_ws/install/person_msgs/share/person_msgs/package.zsh'
[7.656s] Level 1:colcon.colcon_core.environment:create_file_with_runtime_dependencies(/home/ryousuke/ros2_ws/install/person_msgs/share/colcon-core/packages/person_msgs)
[7.657s] DEBUG:colcon.colcon_parallel_executor.executor.parallel:closing loop
[7.657s] DEBUG:colcon.colcon_parallel_executor.executor.parallel:loop closed
[7.658s] DEBUG:colcon.colcon_parallel_executor.executor.parallel:run_until_complete finished with '0'
[7.658s] DEBUG:colcon.colcon_core.event_reactor:joining thread
[7.711s] INFO:colcon.colcon_core.plugin_system:Skipping extension 'colcon_notification.desktop_notification.notify_send': Could not find 'notify-send'
[7.712s] INFO:colcon.colcon_core.plugin_system:Skipping extension 'colcon_notification.desktop_notification.terminal_notifier': Not used on non-Darwin systems
[7.712s] INFO:colcon.colcon_core.plugin_system:Skipping extension 'colcon_notification.desktop_notification.win32': Not used on non-Windows systems
[7.712s] INFO:colcon.colcon_notification.desktop_notification:Sending desktop notification using 'notify2'
[7.716s] DEBUG:colcon.colcon_notification.desktop_notification.notify2:Failed to initialize notify2: org.freedesktop.DBus.Error.ServiceUnknown: The name org.freedesktop.Notifications was not provided by any .service files
[7.717s] DEBUG:colcon.colcon_core.event_reactor:joined thread
[7.740s] INFO:colcon.colcon_core.shell:Creating prefix script '/home/ryousuke/ros2_ws/install/local_setup.ps1'
[7.741s] INFO:colcon.colcon_core.shell:Creating prefix util module '/home/ryousuke/ros2_ws/install/_local_setup_util_ps1.py'
[7.742s] INFO:colcon.colcon_core.shell:Creating prefix chain script '/home/ryousuke/ros2_ws/install/setup.ps1'
[7.766s] INFO:colcon.colcon_core.shell:Creating prefix script '/home/ryousuke/ros2_ws/install/local_setup.sh'
[7.767s] INFO:colcon.colcon_core.shell:Creating prefix util module '/home/ryousuke/ros2_ws/install/_local_setup_util_sh.py'
[7.768s] INFO:colcon.colcon_core.shell:Creating prefix chain script '/home/ryousuke/ros2_ws/install/setup.sh'
[7.791s] INFO:colcon.colcon_core.shell:Creating prefix script '/home/ryousuke/ros2_ws/install/local_setup.bash'
[7.792s] INFO:colcon.colcon_core.shell:Creating prefix chain script '/home/ryousuke/ros2_ws/install/setup.bash'
[7.814s] INFO:colcon.colcon_core.shell:Creating prefix script '/home/ryousuke/ros2_ws/install/local_setup.zsh'
[7.814s] INFO:colcon.colcon_core.shell:Creating prefix chain script '/home/ryousuke/ros2_ws/install/setup.zsh'
