[0.555s] Invoking command in '/home/ryousuke/ros2_ws/src/mypkg': PYTHONPATH=/home/ryousuke/ros2_ws/build/mypkg/prefix_override:/home/ryousuke/ros2_ws/install/mypkg/lib/python3.8/site-packages:${PYTHONPATH} /usr/bin/python3 setup.py egg_info --egg-base ../../build/mypkg build --build-base /home/ryousuke/ros2_ws/build/mypkg/build install --record /home/ryousuke/ros2_ws/build/mypkg/install.log --install-scripts $base/lib/mypkg --single-version-externally-managed
[0.674s] running egg_info
[0.675s] creating ../../build/mypkg/mypkg.egg-info
[0.675s] writing ../../build/mypkg/mypkg.egg-info/PKG-INFO
[0.675s] writing dependency_links to ../../build/mypkg/mypkg.egg-info/dependency_links.txt
[0.675s] writing entry points to ../../build/mypkg/mypkg.egg-info/entry_points.txt
[0.675s] writing requirements to ../../build/mypkg/mypkg.egg-info/requires.txt
[0.675s] writing top-level names to ../../build/mypkg/mypkg.egg-info/top_level.txt
[0.677s] writing manifest file '../../build/mypkg/mypkg.egg-info/SOURCES.txt'
[0.697s] reading manifest file '../../build/mypkg/mypkg.egg-info/SOURCES.txt'
[0.698s] writing manifest file '../../build/mypkg/mypkg.egg-info/SOURCES.txt'
[0.698s] running build
[0.698s] running build_py
[0.698s] creating /home/ryousuke/ros2_ws/build/mypkg/build
[0.698s] creating /home/ryousuke/ros2_ws/build/mypkg/build/lib
[0.698s] creating /home/ryousuke/ros2_ws/build/mypkg/build/lib/mypkg
[0.698s] copying mypkg/__init__.py -> /home/ryousuke/ros2_ws/build/mypkg/build/lib/mypkg
[0.698s] running install
[0.699s] running install_lib
[0.699s] creating /home/ryousuke/ros2_ws/install/mypkg/lib/python3.8/site-packages/mypkg
[0.700s] copying /home/ryousuke/ros2_ws/build/mypkg/build/lib/mypkg/__init__.py -> /home/ryousuke/ros2_ws/install/mypkg/lib/python3.8/site-packages/mypkg
[0.700s] byte-compiling /home/ryousuke/ros2_ws/install/mypkg/lib/python3.8/site-packages/mypkg/__init__.py to __init__.cpython-38.pyc
[0.701s] running install_data
[0.701s] creating /home/ryousuke/ros2_ws/install/mypkg/share/ament_index
[0.701s] creating /home/ryousuke/ros2_ws/install/mypkg/share/ament_index/resource_index
[0.701s] creating /home/ryousuke/ros2_ws/install/mypkg/share/ament_index/resource_index/packages
[0.701s] copying resource/mypkg -> /home/ryousuke/ros2_ws/install/mypkg/share/ament_index/resource_index/packages
[0.702s] copying package.xml -> /home/ryousuke/ros2_ws/install/mypkg/share/mypkg
[0.702s] running install_egg_info
[0.702s] Copying ../../build/mypkg/mypkg.egg-info to /home/ryousuke/ros2_ws/install/mypkg/lib/python3.8/site-packages/mypkg-0.0.0-py3.8.egg-info
[0.703s] running install_scripts
[0.714s] writing list of installed files to '/home/ryousuke/ros2_ws/build/mypkg/install.log'
[0.728s] Invoked command in '/home/ryousuke/ros2_ws/src/mypkg' returned '0': PYTHONPATH=/home/ryousuke/ros2_ws/build/mypkg/prefix_override:/home/ryousuke/ros2_ws/install/mypkg/lib/python3.8/site-packages:${PYTHONPATH} /usr/bin/python3 setup.py egg_info --egg-base ../../build/mypkg build --build-base /home/ryousuke/ros2_ws/build/mypkg/build install --record /home/ryousuke/ros2_ws/build/mypkg/install.log --install-scripts $base/lib/mypkg --single-version-externally-managed
