[0.517s] Invoking command in '/home/ryousuke/ros2_ws/src/mypkg': PYTHONPATH=/home/ryousuke/ros2_ws/build/mypkg/prefix_override:/home/ryousuke/ros2_ws/install/mypkg/lib/python3.8/site-packages:${PYTHONPATH} /usr/bin/python3 setup.py egg_info --egg-base ../../build/mypkg build --build-base /home/ryousuke/ros2_ws/build/mypkg/build install --record /home/ryousuke/ros2_ws/build/mypkg/install.log --install-scripts $base/lib/mypkg --single-version-externally-managed
[0.625s] running egg_info
[0.626s] writing ../../build/mypkg/mypkg.egg-info/PKG-INFO
[0.626s] writing dependency_links to ../../build/mypkg/mypkg.egg-info/dependency_links.txt
[0.626s] writing entry points to ../../build/mypkg/mypkg.egg-info/entry_points.txt
[0.626s] writing requirements to ../../build/mypkg/mypkg.egg-info/requires.txt
[0.626s] writing top-level names to ../../build/mypkg/mypkg.egg-info/top_level.txt
[0.647s] reading manifest file '../../build/mypkg/mypkg.egg-info/SOURCES.txt'
[0.648s] writing manifest file '../../build/mypkg/mypkg.egg-info/SOURCES.txt'
[0.648s] running build
[0.648s] running build_py
[0.648s] copying mypkg/listener.py -> /home/ryousuke/ros2_ws/build/mypkg/build/lib/mypkg
[0.648s] running install
[0.649s] running install_lib
[0.649s] copying /home/ryousuke/ros2_ws/build/mypkg/build/lib/mypkg/listener.py -> /home/ryousuke/ros2_ws/install/mypkg/lib/python3.8/site-packages/mypkg
[0.649s] byte-compiling /home/ryousuke/ros2_ws/install/mypkg/lib/python3.8/site-packages/mypkg/listener.py to listener.cpython-38.pyc
[0.650s] running install_data
[0.651s] running install_egg_info
[0.652s] removing '/home/ryousuke/ros2_ws/install/mypkg/lib/python3.8/site-packages/mypkg-0.0.0-py3.8.egg-info' (and everything under it)
[0.652s] Copying ../../build/mypkg/mypkg.egg-info to /home/ryousuke/ros2_ws/install/mypkg/lib/python3.8/site-packages/mypkg-0.0.0-py3.8.egg-info
[0.652s] running install_scripts
[0.662s] Installing listener script to /home/ryousuke/ros2_ws/install/mypkg/lib/mypkg
[0.662s] Installing talker script to /home/ryousuke/ros2_ws/install/mypkg/lib/mypkg
[0.663s] writing list of installed files to '/home/ryousuke/ros2_ws/build/mypkg/install.log'
[0.676s] Invoked command in '/home/ryousuke/ros2_ws/src/mypkg' returned '0': PYTHONPATH=/home/ryousuke/ros2_ws/build/mypkg/prefix_override:/home/ryousuke/ros2_ws/install/mypkg/lib/python3.8/site-packages:${PYTHONPATH} /usr/bin/python3 setup.py egg_info --egg-base ../../build/mypkg build --build-base /home/ryousuke/ros2_ws/build/mypkg/build install --record /home/ryousuke/ros2_ws/build/mypkg/install.log --install-scripts $base/lib/mypkg --single-version-externally-managed
