[0.598s] Invoking command in '/home/ryousuke/ros2_ws/src/mypkg': PYTHONPATH=/home/ryousuke/ros2_ws/build/mypkg/prefix_override:/home/ryousuke/ros2_ws/install/mypkg/lib/python3.8/site-packages:${PYTHONPATH} /usr/bin/python3 setup.py egg_info --egg-base ../../build/mypkg build --build-base /home/ryousuke/ros2_ws/build/mypkg/build install --record /home/ryousuke/ros2_ws/build/mypkg/install.log --install-scripts $base/lib/mypkg --single-version-externally-managed
[0.719s] running egg_info
[0.719s] writing ../../build/mypkg/mypkg.egg-info/PKG-INFO
[0.719s] writing dependency_links to ../../build/mypkg/mypkg.egg-info/dependency_links.txt
[0.720s] writing entry points to ../../build/mypkg/mypkg.egg-info/entry_points.txt
[0.720s] writing requirements to ../../build/mypkg/mypkg.egg-info/requires.txt
[0.720s] writing top-level names to ../../build/mypkg/mypkg.egg-info/top_level.txt
[0.743s] reading manifest file '../../build/mypkg/mypkg.egg-info/SOURCES.txt'
[0.744s] writing manifest file '../../build/mypkg/mypkg.egg-info/SOURCES.txt'
[0.744s] running build
[0.744s] running build_py
[0.744s] copying mypkg/talker.py -> /home/ryousuke/ros2_ws/build/mypkg/build/lib/mypkg
[0.745s] running install
[0.745s] running install_lib
[0.746s] copying /home/ryousuke/ros2_ws/build/mypkg/build/lib/mypkg/talker.py -> /home/ryousuke/ros2_ws/install/mypkg/lib/python3.8/site-packages/mypkg
[0.747s] byte-compiling /home/ryousuke/ros2_ws/install/mypkg/lib/python3.8/site-packages/mypkg/talker.py to talker.cpython-38.pyc
[0.748s] running install_data
[0.749s] running install_egg_info
[0.749s]   File "/home/ryousuke/ros2_ws/install/mypkg/lib/python3.8/site-packages/mypkg/talker.py", line 20
[0.749s]     <license>BSD-3-Clause</license>
[0.749s]     ^
[0.749s] SyntaxError: invalid syntax
[0.749s] 
[0.749s] removing '/home/ryousuke/ros2_ws/install/mypkg/lib/python3.8/site-packages/mypkg-0.0.0-py3.8.egg-info' (and everything under it)
[0.750s] Copying ../../build/mypkg/mypkg.egg-info to /home/ryousuke/ros2_ws/install/mypkg/lib/python3.8/site-packages/mypkg-0.0.0-py3.8.egg-info
[0.751s] running install_scripts
[0.762s] writing list of installed files to '/home/ryousuke/ros2_ws/build/mypkg/install.log'
[0.779s] Invoked command in '/home/ryousuke/ros2_ws/src/mypkg' returned '0': PYTHONPATH=/home/ryousuke/ros2_ws/build/mypkg/prefix_override:/home/ryousuke/ros2_ws/install/mypkg/lib/python3.8/site-packages:${PYTHONPATH} /usr/bin/python3 setup.py egg_info --egg-base ../../build/mypkg build --build-base /home/ryousuke/ros2_ws/build/mypkg/build install --record /home/ryousuke/ros2_ws/build/mypkg/install.log --install-scripts $base/lib/mypkg --single-version-externally-managed
