[1.147s] Invoking command in '/home/ryousuke/ros2_ws/src/mypkg': PYTHONPATH=/home/ryousuke/ros2_ws/build/mypkg/prefix_override:/home/ryousuke/ros2_ws/install/mypkg/lib/python3.8/site-packages:${PYTHONPATH} /usr/bin/python3 setup.py egg_info --egg-base ../../build/mypkg build --build-base /home/ryousuke/ros2_ws/build/mypkg/build install --record /home/ryousuke/ros2_ws/build/mypkg/install.log --install-scripts $base/lib/mypkg --single-version-externally-managed
[1.378s] running egg_info
[1.379s] writing ../../build/mypkg/mypkg.egg-info/PKG-INFO
[1.379s] writing dependency_links to ../../build/mypkg/mypkg.egg-info/dependency_links.txt
[1.380s] writing entry points to ../../build/mypkg/mypkg.egg-info/entry_points.txt
[1.380s] writing requirements to ../../build/mypkg/mypkg.egg-info/requires.txt
[1.380s] writing top-level names to ../../build/mypkg/mypkg.egg-info/top_level.txt
[1.417s] reading manifest file '../../build/mypkg/mypkg.egg-info/SOURCES.txt'
[1.417s] writing manifest file '../../build/mypkg/mypkg.egg-info/SOURCES.txt'
[1.418s] running build
[1.418s] running build_py
[1.418s] copying mypkg/talker.py -> /home/ryousuke/ros2_ws/build/mypkg/build/lib/mypkg
[1.418s] running install
[1.419s] running install_lib
[1.424s] copying /home/ryousuke/ros2_ws/build/mypkg/build/lib/mypkg/talker.py -> /home/ryousuke/ros2_ws/install/mypkg/lib/python3.8/site-packages/mypkg
[1.425s] byte-compiling /home/ryousuke/ros2_ws/install/mypkg/lib/python3.8/site-packages/mypkg/talker.py to talker.cpython-38.pyc
[1.425s] running install_data
[1.425s] running install_egg_info
[1.427s] removing '/home/ryousuke/ros2_ws/install/mypkg/lib/python3.8/site-packages/mypkg-0.0.0-py3.8.egg-info' (and everything under it)
[1.429s] Copying ../../build/mypkg/mypkg.egg-info to /home/ryousuke/ros2_ws/install/mypkg/lib/python3.8/site-packages/mypkg-0.0.0-py3.8.egg-info
[1.429s] running install_scripts
[1.451s] Installing listener script to /home/ryousuke/ros2_ws/install/mypkg/lib/mypkg
[1.452s] Installing talker script to /home/ryousuke/ros2_ws/install/mypkg/lib/mypkg
[1.452s] writing list of installed files to '/home/ryousuke/ros2_ws/build/mypkg/install.log'
[1.476s] Invoked command in '/home/ryousuke/ros2_ws/src/mypkg' returned '0': PYTHONPATH=/home/ryousuke/ros2_ws/build/mypkg/prefix_override:/home/ryousuke/ros2_ws/install/mypkg/lib/python3.8/site-packages:${PYTHONPATH} /usr/bin/python3 setup.py egg_info --egg-base ../../build/mypkg build --build-base /home/ryousuke/ros2_ws/build/mypkg/build install --record /home/ryousuke/ros2_ws/build/mypkg/install.log --install-scripts $base/lib/mypkg --single-version-externally-managed
