[2.199s] DEBUG:colcon:Command line arguments: ['/usr/bin/colcon', 'build']
[2.200s] DEBUG:colcon:Parsed command line arguments: Namespace(allow_overriding=[], ament_cmake_args=None, base_paths=['.'], build_base='build', catkin_cmake_args=None, catkin_skip_building_tests=False, cmake_args=None, cmake_clean_cache=False, cmake_clean_first=False, cmake_force_configure=False, cmake_target=None, cmake_target_skip_unavailable=False, continue_on_error=False, event_handlers=None, executor='parallel', ignore_user_meta=False, install_base='install', log_base=None, log_level=None, main=<bound method BuildVerb.main of <colcon_core.verb.build.BuildVerb object at 0x7f8bfc044310>>, merge_install=False, metas=['./colcon.meta'], packages_above=None, packages_above_and_dependencies=None, packages_above_depth=None, packages_end=None, packages_ignore=None, packages_ignore_regex=None, packages_select=None, packages_select_build_failed=False, packages_select_by_dep=None, packages_select_regex=None, packages_select_test_failures=False, packages_skip=None, packages_skip_build_finished=False, packages_skip_by_dep=None, packages_skip_regex=None, packages_skip_test_passed=False, packages_skip_up_to=None, packages_start=None, packages_up_to=None, packages_up_to_regex=None, parallel_workers=8, paths=None, symlink_install=False, test_result_base=None, verb_extension=<colcon_core.verb.build.BuildVerb object at 0x7f8bfc044310>, verb_name='build', verb_parser=<colcon_defaults.argument_parser.defaults.DefaultArgumentsDecorator object at 0x7f8bfbc71670>)
[2.299s] Level 1:colcon.colcon_core.package_discovery:discover_packages(colcon_meta) check parameters
[2.299s] Level 1:colcon.colcon_core.package_discovery:discover_packages(recursive) check parameters
[2.299s] Level 1:colcon.colcon_core.package_discovery:discover_packages(ignore) check parameters
[2.299s] Level 1:colcon.colcon_core.package_discovery:discover_packages(path) check parameters
[2.299s] Level 1:colcon.colcon_core.package_discovery:discover_packages(colcon_meta) discover
[2.299s] Level 1:colcon.colcon_core.package_discovery:discover_packages(recursive) discover
[2.300s] INFO:colcon.colcon_core.package_discovery:Crawling recursively for packages in '/home/ryousuke/ros2_ws'
[2.300s] Level 1:colcon.colcon_core.package_identification:_identify(.) by extensions ['ignore', 'ignore_ament_install']
[2.300s] Level 1:colcon.colcon_core.package_identification:_identify(.) by extension 'ignore'
[2.300s] Level 1:colcon.colcon_core.package_identification:_identify(.) by extension 'ignore_ament_install'
[2.300s] Level 1:colcon.colcon_core.package_identification:_identify(.) by extensions ['colcon_pkg']
[2.300s] Level 1:colcon.colcon_core.package_identification:_identify(.) by extension 'colcon_pkg'
[2.300s] Level 1:colcon.colcon_core.package_identification:_identify(.) by extensions ['colcon_meta']
[2.300s] Level 1:colcon.colcon_core.package_identification:_identify(.) by extension 'colcon_meta'
[2.300s] Level 1:colcon.colcon_core.package_identification:_identify(.) by extensions ['ros']
[2.300s] Level 1:colcon.colcon_core.package_identification:_identify(.) by extension 'ros'
[2.328s] Level 1:colcon.colcon_core.package_identification:_identify(.) by extensions ['cmake', 'python']
[2.329s] Level 1:colcon.colcon_core.package_identification:_identify(.) by extension 'cmake'
[2.329s] Level 1:colcon.colcon_core.package_identification:_identify(.) by extension 'python'
[2.329s] Level 1:colcon.colcon_core.package_identification:_identify(.) by extensions ['python_setup_py']
[2.329s] Level 1:colcon.colcon_core.package_identification:_identify(.) by extension 'python_setup_py'
[2.329s] Level 1:colcon.colcon_core.package_identification:_identify(build) by extensions ['ignore', 'ignore_ament_install']
[2.329s] Level 1:colcon.colcon_core.package_identification:_identify(build) by extension 'ignore'
[2.329s] Level 1:colcon.colcon_core.package_identification:_identify(build) ignored
[2.329s] Level 1:colcon.colcon_core.package_identification:_identify(install) by extensions ['ignore', 'ignore_ament_install']
[2.329s] Level 1:colcon.colcon_core.package_identification:_identify(install) by extension 'ignore'
[2.330s] Level 1:colcon.colcon_core.package_identification:_identify(install) ignored
[2.330s] Level 1:colcon.colcon_core.package_identification:_identify(log) by extensions ['ignore', 'ignore_ament_install']
[2.330s] Level 1:colcon.colcon_core.package_identification:_identify(log) by extension 'ignore'
[2.330s] Level 1:colcon.colcon_core.package_identification:_identify(log) ignored
[2.331s] Level 1:colcon.colcon_core.package_identification:_identify(src) by extensions ['ignore', 'ignore_ament_install']
[2.331s] Level 1:colcon.colcon_core.package_identification:_identify(src) by extension 'ignore'
[2.331s] Level 1:colcon.colcon_core.package_identification:_identify(src) by extension 'ignore_ament_install'
[2.331s] Level 1:colcon.colcon_core.package_identification:_identify(src) by extensions ['colcon_pkg']
[2.331s] Level 1:colcon.colcon_core.package_identification:_identify(src) by extension 'colcon_pkg'
[2.331s] Level 1:colcon.colcon_core.package_identification:_identify(src) by extensions ['colcon_meta']
[2.331s] Level 1:colcon.colcon_core.package_identification:_identify(src) by extension 'colcon_meta'
[2.331s] Level 1:colcon.colcon_core.package_identification:_identify(src) by extensions ['ros']
[2.331s] Level 1:colcon.colcon_core.package_identification:_identify(src) by extension 'ros'
[2.331s] Level 1:colcon.colcon_core.package_identification:_identify(src) by extensions ['cmake', 'python']
[2.331s] Level 1:colcon.colcon_core.package_identification:_identify(src) by extension 'cmake'
[2.332s] Level 1:colcon.colcon_core.package_identification:_identify(src) by extension 'python'
[2.332s] Level 1:colcon.colcon_core.package_identification:_identify(src) by extensions ['python_setup_py']
[2.332s] Level 1:colcon.colcon_core.package_identification:_identify(src) by extension 'python_setup_py'
[2.332s] Level 1:colcon.colcon_core.package_identification:_identify(src/mypkg) by extensions ['ignore', 'ignore_ament_install']
[2.332s] Level 1:colcon.colcon_core.package_identification:_identify(src/mypkg) by extension 'ignore'
[2.332s] Level 1:colcon.colcon_core.package_identification:_identify(src/mypkg) by extension 'ignore_ament_install'
[2.332s] Level 1:colcon.colcon_core.package_identification:_identify(src/mypkg) by extensions ['colcon_pkg']
[2.332s] Level 1:colcon.colcon_core.package_identification:_identify(src/mypkg) by extension 'colcon_pkg'
[2.332s] Level 1:colcon.colcon_core.package_identification:_identify(src/mypkg) by extensions ['colcon_meta']
[2.332s] Level 1:colcon.colcon_core.package_identification:_identify(src/mypkg) by extension 'colcon_meta'
[2.332s] Level 1:colcon.colcon_core.package_identification:_identify(src/mypkg) by extensions ['ros']
[2.332s] Level 1:colcon.colcon_core.package_identification:_identify(src/mypkg) by extension 'ros'
[2.337s] DEBUG:colcon.colcon_core.package_identification:Package 'src/mypkg' with type 'ros.ament_python' and name 'mypkg'
[2.337s] Level 1:colcon.colcon_core.package_identification:_identify(src/person_msgs) by extensions ['ignore', 'ignore_ament_install']
[2.337s] Level 1:colcon.colcon_core.package_identification:_identify(src/person_msgs) by extension 'ignore'
[2.337s] Level 1:colcon.colcon_core.package_identification:_identify(src/person_msgs) by extension 'ignore_ament_install'
[2.337s] Level 1:colcon.colcon_core.package_identification:_identify(src/person_msgs) by extensions ['colcon_pkg']
[2.337s] Level 1:colcon.colcon_core.package_identification:_identify(src/person_msgs) by extension 'colcon_pkg'
[2.337s] Level 1:colcon.colcon_core.package_identification:_identify(src/person_msgs) by extensions ['colcon_meta']
[2.337s] Level 1:colcon.colcon_core.package_identification:_identify(src/person_msgs) by extension 'colcon_meta'
[2.338s] Level 1:colcon.colcon_core.package_identification:_identify(src/person_msgs) by extensions ['ros']
[2.338s] Level 1:colcon.colcon_core.package_identification:_identify(src/person_msgs) by extension 'ros'
[2.338s] DEBUG:colcon.colcon_core.package_identification:Package 'src/person_msgs' with type 'ros.ament_cmake' and name 'person_msgs'
[2.338s] Level 1:colcon.colcon_core.package_discovery:discover_packages(recursive) using defaults
[2.338s] Level 1:colcon.colcon_core.package_discovery:discover_packages(ignore) discover
[2.338s] Level 1:colcon.colcon_core.package_discovery:discover_packages(ignore) using defaults
[2.338s] Level 1:colcon.colcon_core.package_discovery:discover_packages(path) discover
[2.338s] Level 1:colcon.colcon_core.package_discovery:discover_packages(path) using defaults
[2.515s] Level 1:colcon.colcon_core.package_discovery:discover_packages(prefix_path) check parameters
[2.515s] Level 1:colcon.colcon_core.package_discovery:discover_packages(prefix_path) discover
[2.573s] DEBUG:colcon.colcon_installed_package_information.package_discovery:Found 2 installed packages in /home/ryousuke/ros2_ws/install
[2.604s] DEBUG:colcon.colcon_installed_package_information.package_discovery:Found 256 installed packages in /opt/ros/foxy
[2.606s] Level 1:colcon.colcon_core.package_discovery:discover_packages(prefix_path) using defaults
[2.772s] Level 5:colcon.colcon_core.verb:set package 'mypkg' build argument 'cmake_args' from command line to 'None'
[2.772s] Level 5:colcon.colcon_core.verb:set package 'mypkg' build argument 'cmake_target' from command line to 'None'
[2.772s] Level 5:colcon.colcon_core.verb:set package 'mypkg' build argument 'cmake_target_skip_unavailable' from command line to 'False'
[2.772s] Level 5:colcon.colcon_core.verb:set package 'mypkg' build argument 'cmake_clean_cache' from command line to 'False'
[2.772s] Level 5:colcon.colcon_core.verb:set package 'mypkg' build argument 'cmake_clean_first' from command line to 'False'
[2.772s] Level 5:colcon.colcon_core.verb:set package 'mypkg' build argument 'cmake_force_configure' from command line to 'False'
[2.772s] Level 5:colcon.colcon_core.verb:set package 'mypkg' build argument 'ament_cmake_args' from command line to 'None'
[2.772s] Level 5:colcon.colcon_core.verb:set package 'mypkg' build argument 'catkin_cmake_args' from command line to 'None'
[2.772s] Level 5:colcon.colcon_core.verb:set package 'mypkg' build argument 'catkin_skip_building_tests' from command line to 'False'
[2.772s] DEBUG:colcon.colcon_core.verb:Building package 'mypkg' with the following arguments: {'ament_cmake_args': None, 'build_base': '/home/ryousuke/ros2_ws/build/mypkg', 'catkin_cmake_args': None, 'catkin_skip_building_tests': False, 'cmake_args': None, 'cmake_clean_cache': False, 'cmake_clean_first': False, 'cmake_force_configure': False, 'cmake_target': None, 'cmake_target_skip_unavailable': False, 'install_base': '/home/ryousuke/ros2_ws/install/mypkg', 'merge_install': False, 'path': '/home/ryousuke/ros2_ws/src/mypkg', 'symlink_install': False, 'test_result_base': None}
[2.800s] Level 5:colcon.colcon_core.verb:set package 'person_msgs' build argument 'cmake_args' from command line to 'None'
[2.800s] Level 5:colcon.colcon_core.verb:set package 'person_msgs' build argument 'cmake_target' from command line to 'None'
[2.800s] Level 5:colcon.colcon_core.verb:set package 'person_msgs' build argument 'cmake_target_skip_unavailable' from command line to 'False'
[2.800s] Level 5:colcon.colcon_core.verb:set package 'person_msgs' build argument 'cmake_clean_cache' from command line to 'False'
[2.800s] Level 5:colcon.colcon_core.verb:set package 'person_msgs' build argument 'cmake_clean_first' from command line to 'False'
[2.800s] Level 5:colcon.colcon_core.verb:set package 'person_msgs' build argument 'cmake_force_configure' from command line to 'False'
[2.800s] Level 5:colcon.colcon_core.verb:set package 'person_msgs' build argument 'ament_cmake_args' from command line to 'None'
[2.800s] Level 5:colcon.colcon_core.verb:set package 'person_msgs' build argument 'catkin_cmake_args' from command line to 'None'
[2.800s] Level 5:colcon.colcon_core.verb:set package 'person_msgs' build argument 'catkin_skip_building_tests' from command line to 'False'
[2.800s] DEBUG:colcon.colcon_core.verb:Building package 'person_msgs' with the following arguments: {'ament_cmake_args': None, 'build_base': '/home/ryousuke/ros2_ws/build/person_msgs', 'catkin_cmake_args': None, 'catkin_skip_building_tests': False, 'cmake_args': None, 'cmake_clean_cache': False, 'cmake_clean_first': False, 'cmake_force_configure': False, 'cmake_target': None, 'cmake_target_skip_unavailable': False, 'install_base': '/home/ryousuke/ros2_ws/install/person_msgs', 'merge_install': False, 'path': '/home/ryousuke/ros2_ws/src/person_msgs', 'symlink_install': False, 'test_result_base': None}
[2.827s] INFO:colcon.colcon_core.executor:Executing jobs using 'parallel' executor
[2.857s] DEBUG:colcon.colcon_parallel_executor.executor.parallel:run_until_complete
[2.857s] INFO:colcon.colcon_ros.task.ament_python.build:Building ROS package in '/home/ryousuke/ros2_ws/src/mypkg' with build type 'ament_python'
[2.858s] Level 1:colcon.colcon_core.shell:create_environment_hook('mypkg', 'ament_prefix_path')
[2.892s] INFO:colcon.colcon_core.plugin_system:Skipping extension 'colcon_core.shell.bat': Not used on non-Windows systems
[2.892s] INFO:colcon.colcon_core.shell:Creating environment hook '/home/ryousuke/ros2_ws/install/mypkg/share/mypkg/hook/ament_prefix_path.ps1'
[2.895s] INFO:colcon.colcon_core.shell:Creating environment descriptor '/home/ryousuke/ros2_ws/install/mypkg/share/mypkg/hook/ament_prefix_path.dsv'
[2.896s] INFO:colcon.colcon_core.shell:Creating environment hook '/home/ryousuke/ros2_ws/install/mypkg/share/mypkg/hook/ament_prefix_path.sh'
[2.925s] INFO:colcon.colcon_core.shell:Skip shell extension 'powershell' for command environment: Not usable outside of PowerShell
[2.925s] DEBUG:colcon.colcon_core.shell:Skip shell extension 'dsv' for command environment
[3.018s] INFO:colcon.colcon_ros.task.ament_cmake.build:Building ROS package in '/home/ryousuke/ros2_ws/src/person_msgs' with build type 'ament_cmake'
[3.018s] INFO:colcon.colcon_cmake.task.cmake.build:Building CMake package in '/home/ryousuke/ros2_ws/src/person_msgs'
[3.050s] INFO:colcon.colcon_core.shell:Skip shell extension 'powershell' for command environment: Not usable outside of PowerShell
[3.051s] DEBUG:colcon.colcon_core.shell:Skip shell extension 'dsv' for command environment
[3.455s] INFO:colcon.colcon_core.task.python.build:Building Python package in '/home/ryousuke/ros2_ws/src/mypkg'
[3.490s] INFO:colcon.colcon_core.shell:Skip shell extension 'powershell' for command environment: Not usable outside of PowerShell
[3.490s] DEBUG:colcon.colcon_core.shell:Skip shell extension 'dsv' for command environment
[3.595s] DEBUG:colcon.colcon_core.event_handler.log_command:Invoking command in '/home/ryousuke/ros2_ws/build/person_msgs': CMAKE_PREFIX_PATH=${CMAKE_PREFIX_PATH}:/home/ryousuke/ros2_ws/install/mypkg:/opt/ros/foxy /usr/bin/cmake --build /home/ryousuke/ros2_ws/build/person_msgs -- -j8 -l8
[3.954s] DEBUG:colcon.colcon_core.event_handler.log_command:Invoked command in '/home/ryousuke/ros2_ws/build/person_msgs' returned '0': CMAKE_PREFIX_PATH=${CMAKE_PREFIX_PATH}:/home/ryousuke/ros2_ws/install/mypkg:/opt/ros/foxy /usr/bin/cmake --build /home/ryousuke/ros2_ws/build/person_msgs -- -j8 -l8
[4.029s] DEBUG:colcon.colcon_core.event_handler.log_command:Invoking command in '/home/ryousuke/ros2_ws/build/person_msgs': CMAKE_PREFIX_PATH=${CMAKE_PREFIX_PATH}:/home/ryousuke/ros2_ws/install/mypkg:/opt/ros/foxy /usr/bin/cmake --install /home/ryousuke/ros2_ws/build/person_msgs
[4.120s] Level 1:colcon.colcon_core.environment:create_environment_scripts_only(person_msgs)
[4.121s] DEBUG:colcon.colcon_core.event_handler.log_command:Invoked command in '/home/ryousuke/ros2_ws/build/person_msgs' returned '0': CMAKE_PREFIX_PATH=${CMAKE_PREFIX_PATH}:/home/ryousuke/ros2_ws/install/mypkg:/opt/ros/foxy /usr/bin/cmake --install /home/ryousuke/ros2_ws/build/person_msgs
[4.175s] Level 1:colcon.colcon_core.environment:checking '/home/ryousuke/ros2_ws/install/person_msgs' for CMake module files
[4.176s] Level 1:colcon.colcon_core.environment:checking '/home/ryousuke/ros2_ws/install/person_msgs' for CMake config files
[4.177s] Level 1:colcon.colcon_core.shell:create_environment_hook('person_msgs', 'cmake_prefix_path')
[4.207s] INFO:colcon.colcon_core.shell:Creating environment hook '/home/ryousuke/ros2_ws/install/person_msgs/share/person_msgs/hook/cmake_prefix_path.ps1'
[4.210s] INFO:colcon.colcon_core.shell:Creating environment descriptor '/home/ryousuke/ros2_ws/install/person_msgs/share/person_msgs/hook/cmake_prefix_path.dsv'
[4.211s] INFO:colcon.colcon_core.shell:Creating environment hook '/home/ryousuke/ros2_ws/install/person_msgs/share/person_msgs/hook/cmake_prefix_path.sh'
[4.212s] Level 1:colcon.colcon_core.environment:checking '/home/ryousuke/ros2_ws/install/person_msgs/lib'
[4.212s] Level 1:colcon.colcon_core.shell:create_environment_hook('person_msgs', 'ld_library_path_lib')
[4.243s] INFO:colcon.colcon_core.shell:Creating environment hook '/home/ryousuke/ros2_ws/install/person_msgs/share/person_msgs/hook/ld_library_path_lib.ps1'
[4.244s] INFO:colcon.colcon_core.shell:Creating environment descriptor '/home/ryousuke/ros2_ws/install/person_msgs/share/person_msgs/hook/ld_library_path_lib.dsv'
[4.244s] INFO:colcon.colcon_core.shell:Creating environment hook '/home/ryousuke/ros2_ws/install/person_msgs/share/person_msgs/hook/ld_library_path_lib.sh'
[4.245s] Level 1:colcon.colcon_core.environment:checking '/home/ryousuke/ros2_ws/install/person_msgs/bin'
[4.245s] Level 1:colcon.colcon_core.environment:checking '/home/ryousuke/ros2_ws/install/person_msgs/lib/pkgconfig/person_msgs.pc'
[4.245s] Level 1:colcon.colcon_core.environment:checking '/home/ryousuke/ros2_ws/install/person_msgs/lib/python3.8/site-packages'
[4.245s] Level 1:colcon.colcon_core.shell:create_environment_hook('person_msgs', 'pythonpath')
[4.273s] INFO:colcon.colcon_core.shell:Creating environment hook '/home/ryousuke/ros2_ws/install/person_msgs/share/person_msgs/hook/pythonpath.ps1'
[4.275s] INFO:colcon.colcon_core.shell:Creating environment descriptor '/home/ryousuke/ros2_ws/install/person_msgs/share/person_msgs/hook/pythonpath.dsv'
[4.275s] INFO:colcon.colcon_core.shell:Creating environment hook '/home/ryousuke/ros2_ws/install/person_msgs/share/person_msgs/hook/pythonpath.sh'
[4.276s] Level 1:colcon.colcon_core.environment:checking '/home/ryousuke/ros2_ws/install/person_msgs/bin'
[4.304s] INFO:colcon.colcon_core.shell:Creating package script '/home/ryousuke/ros2_ws/install/person_msgs/share/person_msgs/package.ps1'
[4.305s] INFO:colcon.colcon_core.shell:Creating package descriptor '/home/ryousuke/ros2_ws/install/person_msgs/share/person_msgs/package.dsv'
[4.306s] INFO:colcon.colcon_core.shell:Creating package script '/home/ryousuke/ros2_ws/install/person_msgs/share/person_msgs/package.sh'
[4.310s] INFO:colcon.colcon_core.shell:Creating package script '/home/ryousuke/ros2_ws/install/person_msgs/share/person_msgs/package.bash'
[4.311s] INFO:colcon.colcon_core.shell:Creating package script '/home/ryousuke/ros2_ws/install/person_msgs/share/person_msgs/package.zsh'
[4.311s] Level 1:colcon.colcon_core.environment:create_file_with_runtime_dependencies(/home/ryousuke/ros2_ws/install/person_msgs/share/colcon-core/packages/person_msgs)
[4.324s] DEBUG:colcon.colcon_core.event_handler.log_command:Invoking command in '/home/ryousuke/ros2_ws/src/mypkg': PYTHONPATH=/home/ryousuke/ros2_ws/build/mypkg/prefix_override:/home/ryousuke/ros2_ws/install/mypkg/lib/python3.8/site-packages:${PYTHONPATH} /usr/bin/python3 setup.py egg_info --egg-base ../../build/mypkg build --build-base /home/ryousuke/ros2_ws/build/mypkg/build install --record /home/ryousuke/ros2_ws/build/mypkg/install.log --install-scripts $base/lib/mypkg --single-version-externally-managed
[4.410s] Level 1:colcon.colcon_core.environment:create_environment_scripts_only(person_msgs)
[4.447s] Level 1:colcon.colcon_core.environment:checking '/home/ryousuke/ros2_ws/install/person_msgs' for CMake module files
[4.447s] Level 1:colcon.colcon_core.environment:checking '/home/ryousuke/ros2_ws/install/person_msgs' for CMake config files
[4.448s] Level 1:colcon.colcon_core.shell:create_environment_hook('person_msgs', 'cmake_prefix_path')
[4.483s] INFO:colcon.colcon_core.shell:Creating environment hook '/home/ryousuke/ros2_ws/install/person_msgs/share/person_msgs/hook/cmake_prefix_path.ps1'
[4.484s] INFO:colcon.colcon_core.shell:Creating environment descriptor '/home/ryousuke/ros2_ws/install/person_msgs/share/person_msgs/hook/cmake_prefix_path.dsv'
[4.485s] INFO:colcon.colcon_core.shell:Creating environment hook '/home/ryousuke/ros2_ws/install/person_msgs/share/person_msgs/hook/cmake_prefix_path.sh'
[4.485s] Level 1:colcon.colcon_core.environment:checking '/home/ryousuke/ros2_ws/install/person_msgs/lib'
[4.486s] Level 1:colcon.colcon_core.shell:create_environment_hook('person_msgs', 'ld_library_path_lib')
[4.519s] INFO:colcon.colcon_core.shell:Creating environment hook '/home/ryousuke/ros2_ws/install/person_msgs/share/person_msgs/hook/ld_library_path_lib.ps1'
[4.520s] INFO:colcon.colcon_core.shell:Creating environment descriptor '/home/ryousuke/ros2_ws/install/person_msgs/share/person_msgs/hook/ld_library_path_lib.dsv'
[4.520s] INFO:colcon.colcon_core.shell:Creating environment hook '/home/ryousuke/ros2_ws/install/person_msgs/share/person_msgs/hook/ld_library_path_lib.sh'
[4.521s] Level 1:colcon.colcon_core.environment:checking '/home/ryousuke/ros2_ws/install/person_msgs/bin'
[4.521s] Level 1:colcon.colcon_core.environment:checking '/home/ryousuke/ros2_ws/install/person_msgs/lib/pkgconfig/person_msgs.pc'
[4.521s] Level 1:colcon.colcon_core.environment:checking '/home/ryousuke/ros2_ws/install/person_msgs/lib/python3.8/site-packages'
[4.521s] Level 1:colcon.colcon_core.shell:create_environment_hook('person_msgs', 'pythonpath')
[4.555s] INFO:colcon.colcon_core.shell:Creating environment hook '/home/ryousuke/ros2_ws/install/person_msgs/share/person_msgs/hook/pythonpath.ps1'
[4.556s] INFO:colcon.colcon_core.shell:Creating environment descriptor '/home/ryousuke/ros2_ws/install/person_msgs/share/person_msgs/hook/pythonpath.dsv'
[4.557s] INFO:colcon.colcon_core.shell:Creating environment hook '/home/ryousuke/ros2_ws/install/person_msgs/share/person_msgs/hook/pythonpath.sh'
[4.558s] Level 1:colcon.colcon_core.environment:checking '/home/ryousuke/ros2_ws/install/person_msgs/bin'
[4.602s] INFO:colcon.colcon_core.shell:Creating package script '/home/ryousuke/ros2_ws/install/person_msgs/share/person_msgs/package.ps1'
[4.603s] INFO:colcon.colcon_core.shell:Creating package descriptor '/home/ryousuke/ros2_ws/install/person_msgs/share/person_msgs/package.dsv'
[4.603s] INFO:colcon.colcon_core.shell:Creating package script '/home/ryousuke/ros2_ws/install/person_msgs/share/person_msgs/package.sh'
[4.604s] INFO:colcon.colcon_core.shell:Creating package script '/home/ryousuke/ros2_ws/install/person_msgs/share/person_msgs/package.bash'
[4.604s] INFO:colcon.colcon_core.shell:Creating package script '/home/ryousuke/ros2_ws/install/person_msgs/share/person_msgs/package.zsh'
[4.604s] Level 1:colcon.colcon_core.environment:create_file_with_runtime_dependencies(/home/ryousuke/ros2_ws/install/person_msgs/share/colcon-core/packages/person_msgs)
[4.634s] DEBUG:colcon.colcon_core.event_handler.log_command:Invoked command in '/home/ryousuke/ros2_ws/src/mypkg' returned '0': PYTHONPATH=/home/ryousuke/ros2_ws/build/mypkg/prefix_override:/home/ryousuke/ros2_ws/install/mypkg/lib/python3.8/site-packages:${PYTHONPATH} /usr/bin/python3 setup.py egg_info --egg-base ../../build/mypkg build --build-base /home/ryousuke/ros2_ws/build/mypkg/build install --record /home/ryousuke/ros2_ws/build/mypkg/install.log --install-scripts $base/lib/mypkg --single-version-externally-managed
[4.664s] Level 1:colcon.colcon_core.environment:checking '/home/ryousuke/ros2_ws/install/mypkg' for CMake module files
[4.665s] Level 1:colcon.colcon_core.environment:checking '/home/ryousuke/ros2_ws/install/mypkg' for CMake config files
[4.666s] Level 1:colcon.colcon_core.environment:checking '/home/ryousuke/ros2_ws/install/mypkg/lib'
[4.666s] Level 1:colcon.colcon_core.environment:checking '/home/ryousuke/ros2_ws/install/mypkg/bin'
[4.666s] Level 1:colcon.colcon_core.environment:checking '/home/ryousuke/ros2_ws/install/mypkg/lib/pkgconfig/mypkg.pc'
[4.666s] Level 1:colcon.colcon_core.environment:checking '/home/ryousuke/ros2_ws/install/mypkg/lib/python3.8/site-packages'
[4.667s] Level 1:colcon.colcon_core.shell:create_environment_hook('mypkg', 'pythonpath')
[4.694s] INFO:colcon.colcon_core.shell:Creating environment hook '/home/ryousuke/ros2_ws/install/mypkg/share/mypkg/hook/pythonpath.ps1'
[4.695s] INFO:colcon.colcon_core.shell:Creating environment descriptor '/home/ryousuke/ros2_ws/install/mypkg/share/mypkg/hook/pythonpath.dsv'
[4.695s] INFO:colcon.colcon_core.shell:Creating environment hook '/home/ryousuke/ros2_ws/install/mypkg/share/mypkg/hook/pythonpath.sh'
[4.696s] Level 1:colcon.colcon_core.environment:checking '/home/ryousuke/ros2_ws/install/mypkg/bin'
[4.696s] Level 1:colcon.colcon_core.environment:create_environment_scripts_only(mypkg)
[4.723s] INFO:colcon.colcon_core.shell:Creating package script '/home/ryousuke/ros2_ws/install/mypkg/share/mypkg/package.ps1'
[4.724s] INFO:colcon.colcon_core.shell:Creating package descriptor '/home/ryousuke/ros2_ws/install/mypkg/share/mypkg/package.dsv'
[4.725s] INFO:colcon.colcon_core.shell:Creating package script '/home/ryousuke/ros2_ws/install/mypkg/share/mypkg/package.sh'
[4.726s] INFO:colcon.colcon_core.shell:Creating package script '/home/ryousuke/ros2_ws/install/mypkg/share/mypkg/package.bash'
[4.726s] INFO:colcon.colcon_core.shell:Creating package script '/home/ryousuke/ros2_ws/install/mypkg/share/mypkg/package.zsh'
[4.726s] Level 1:colcon.colcon_core.environment:create_file_with_runtime_dependencies(/home/ryousuke/ros2_ws/install/mypkg/share/colcon-core/packages/mypkg)
[4.727s] DEBUG:colcon.colcon_parallel_executor.executor.parallel:closing loop
[4.727s] DEBUG:colcon.colcon_parallel_executor.executor.parallel:loop closed
[4.728s] DEBUG:colcon.colcon_parallel_executor.executor.parallel:run_until_complete finished with '0'
[4.728s] DEBUG:colcon.colcon_core.event_reactor:joining thread
[4.805s] INFO:colcon.colcon_core.plugin_system:Skipping extension 'colcon_notification.desktop_notification.notify_send': Could not find 'notify-send'
[4.806s] INFO:colcon.colcon_core.plugin_system:Skipping extension 'colcon_notification.desktop_notification.terminal_notifier': Not used on non-Darwin systems
[4.806s] INFO:colcon.colcon_core.plugin_system:Skipping extension 'colcon_notification.desktop_notification.win32': Not used on non-Windows systems
[4.806s] INFO:colcon.colcon_notification.desktop_notification:Sending desktop notification using 'notify2'
[4.823s] DEBUG:colcon.colcon_notification.desktop_notification.notify2:Failed to initialize notify2: org.freedesktop.DBus.Error.ServiceUnknown: The name org.freedesktop.Notifications was not provided by any .service files
[4.824s] DEBUG:colcon.colcon_core.event_reactor:joined thread
[4.858s] INFO:colcon.colcon_core.shell:Creating prefix script '/home/ryousuke/ros2_ws/install/local_setup.ps1'
[4.860s] INFO:colcon.colcon_core.shell:Creating prefix util module '/home/ryousuke/ros2_ws/install/_local_setup_util_ps1.py'
[4.861s] INFO:colcon.colcon_core.shell:Creating prefix chain script '/home/ryousuke/ros2_ws/install/setup.ps1'
[4.891s] INFO:colcon.colcon_core.shell:Creating prefix script '/home/ryousuke/ros2_ws/install/local_setup.sh'
[4.892s] INFO:colcon.colcon_core.shell:Creating prefix util module '/home/ryousuke/ros2_ws/install/_local_setup_util_sh.py'
[4.893s] INFO:colcon.colcon_core.shell:Creating prefix chain script '/home/ryousuke/ros2_ws/install/setup.sh'
[4.922s] INFO:colcon.colcon_core.shell:Creating prefix script '/home/ryousuke/ros2_ws/install/local_setup.bash'
[4.923s] INFO:colcon.colcon_core.shell:Creating prefix chain script '/home/ryousuke/ros2_ws/install/setup.bash'
[4.956s] INFO:colcon.colcon_core.shell:Creating prefix script '/home/ryousuke/ros2_ws/install/local_setup.zsh'
[4.957s] INFO:colcon.colcon_core.shell:Creating prefix chain script '/home/ryousuke/ros2_ws/install/setup.zsh'
