[0.358s] Invoking command in '/home/ryousuke/ros2_ws/build/person_msgs': CMAKE_PREFIX_PATH=${CMAKE_PREFIX_PATH}:/home/ryousuke/ros2_ws/install/mypkg:/opt/ros/foxy /usr/bin/cmake --build /home/ryousuke/ros2_ws/build/person_msgs -- -j8 -l8
[0.420s] -- Found ament_cmake: 0.9.12 (/opt/ros/foxy/share/ament_cmake/cmake)
[0.442s] -- Found PythonInterp: /usr/bin/python3 (found suitable version "3.8.10", minimum required is "3") 
[0.442s] -- Using PYTHON_EXECUTABLE: /usr/bin/python3
[0.592s] -- Found rosidl_default_generators: 1.0.1 (/opt/ros/foxy/share/rosidl_default_generators/cmake)
[0.594s] -- Using all available rosidl_typesupport_c: rosidl_typesupport_fastrtps_c;rosidl_typesupport_introspection_c
[0.597s] -- Found rosidl_adapter: 1.3.1 (/opt/ros/foxy/share/rosidl_adapter/cmake)
[2.304s] -- Using all available rosidl_typesupport_cpp: rosidl_typesupport_fastrtps_cpp;rosidl_typesupport_introspection_cpp
[2.338s] -- Found PythonInterp: /usr/bin/python3 (found version "3.8.10") 
[2.430s] -- Found ament_cmake_ros: 0.9.2 (/opt/ros/foxy/share/ament_cmake_ros/cmake)
[3.933s] -- Using all available rosidl_typesupport_c: rosidl_typesupport_fastrtps_c;rosidl_typesupport_introspection_c
[3.939s] -- Using all available rosidl_typesupport_cpp: rosidl_typesupport_fastrtps_cpp;rosidl_typesupport_introspection_cpp
[3.954s] -- Found PythonInterp: /usr/bin/python3 (found suitable version "3.8.10", minimum required is "3.5") 
[3.954s] -- Found python_cmake_module: 0.8.1 (/opt/ros/foxy/share/python_cmake_module/cmake)
[3.970s] -- Using PYTHON_EXECUTABLE: /usr/bin/python3
[3.970s] -- Using PYTHON_INCLUDE_DIRS: /usr/include/python3.8
[3.970s] -- Using PYTHON_LIBRARIES: /usr/lib/x86_64-linux-gnu/libpython3.8.so
[3.980s] -- Found ament_lint_auto: 0.9.8 (/opt/ros/foxy/share/ament_lint_auto/cmake)
[3.991s] -- Added test 'copyright' to check source files copyright and LICENSE
[3.993s] -- Added test 'lint_cmake' to check CMake code style
[3.994s] -- Added test 'xmllint' to check XML markup files
[3.996s] -- Configuring done
[4.030s] -- Generating done
[4.033s] -- Build files have been written to: /home/ryousuke/ros2_ws/build/person_msgs
[4.054s] [35m[1mScanning dependencies of target person_msgs__cpp[0m
[4.054s] [  2%] [34m[1mGenerating C code for ROS interfaces[0m
[4.062s] [  5%] [34m[1mGenerating C++ code for ROS interfaces[0m
[4.277s] [35m[1mScanning dependencies of target person_msgs__rosidl_generator_c[0m
[4.283s] [  5%] Built target person_msgs__cpp
[4.288s] [  7%] [32mBuilding C object CMakeFiles/person_msgs__rosidl_generator_c.dir/rosidl_generator_c/person_msgs/msg/detail/person__functions.c.o[0m
[4.288s] [ 10%] [32mBuilding C object CMakeFiles/person_msgs__rosidl_generator_c.dir/rosidl_generator_c/person_msgs/srv/detail/query__functions.c.o[0m
[4.291s] [ 12%] [34m[1mGenerating C++ type support dispatch for ROS interfaces[0m
[4.292s] [ 15%] [34m[1mGenerating C++ introspection for ROS interfaces[0m
[4.292s] [ 17%] [34m[1mGenerating C++ type support for eProsima Fast-RTPS[0m
[4.419s] [ 20%] [32m[1mLinking C shared library libperson_msgs__rosidl_generator_c.so[0m
[4.495s] [ 20%] Built target person_msgs__rosidl_generator_c
[4.506s] [ 25%] [34m[1mGenerating C introspection for ROS interfaces[0m
[4.506s] [ 25%] [34m[1mGenerating C type support dispatch for ROS interfaces[0m
[4.522s] [35m[1mScanning dependencies of target person_msgs__rosidl_typesupport_cpp[0m
[4.522s] [35m[1mScanning dependencies of target person_msgs__rosidl_typesupport_introspection_cpp[0m
[4.533s] [ 28%] [32mBuilding CXX object CMakeFiles/person_msgs__rosidl_typesupport_cpp.dir/rosidl_typesupport_cpp/person_msgs/srv/query__type_support.cpp.o[0m
[4.534s] [ 33%] [32mBuilding CXX object CMakeFiles/person_msgs__rosidl_typesupport_introspection_cpp.dir/rosidl_typesupport_introspection_cpp/person_msgs/msg/detail/person__type_support.cpp.o[0m
[4.534s] [ 33%] [32mBuilding CXX object CMakeFiles/person_msgs__rosidl_typesupport_cpp.dir/rosidl_typesupport_cpp/person_msgs/msg/person__type_support.cpp.o[0m
[4.535s] [ 35%] [32mBuilding CXX object CMakeFiles/person_msgs__rosidl_typesupport_introspection_cpp.dir/rosidl_typesupport_introspection_cpp/person_msgs/srv/detail/query__type_support.cpp.o[0m
[4.564s] [35m[1mScanning dependencies of target person_msgs__rosidl_typesupport_fastrtps_cpp[0m
[4.591s] [ 38%] [32mBuilding CXX object CMakeFiles/person_msgs__rosidl_typesupport_fastrtps_cpp.dir/rosidl_typesupport_fastrtps_cpp/person_msgs/msg/detail/dds_fastrtps/person__type_support.cpp.o[0m
[4.594s] [ 41%] [32mBuilding CXX object CMakeFiles/person_msgs__rosidl_typesupport_fastrtps_cpp.dir/rosidl_typesupport_fastrtps_cpp/person_msgs/srv/detail/dds_fastrtps/query__type_support.cpp.o[0m
[4.780s] [35m[1mScanning dependencies of target person_msgs__rosidl_typesupport_c[0m
[4.797s] [ 43%] [32mBuilding CXX object CMakeFiles/person_msgs__rosidl_typesupport_c.dir/rosidl_typesupport_c/person_msgs/msg/person__type_support.cpp.o[0m
[4.837s] [35m[1mScanning dependencies of target person_msgs__rosidl_typesupport_introspection_c[0m
[4.853s] [ 46%] [32mBuilding CXX object CMakeFiles/person_msgs__rosidl_typesupport_c.dir/rosidl_typesupport_c/person_msgs/srv/query__type_support.cpp.o[0m
[4.853s] [ 48%] [32mBuilding C object CMakeFiles/person_msgs__rosidl_typesupport_introspection_c.dir/rosidl_typesupport_introspection_c/person_msgs/msg/detail/person__type_support.c.o[0m
[4.892s] [ 51%] [32m[1mLinking CXX shared library libperson_msgs__rosidl_typesupport_c.so[0m
[4.896s] [ 53%] [32mBuilding C object CMakeFiles/person_msgs__rosidl_typesupport_introspection_c.dir/rosidl_typesupport_introspection_c/person_msgs/srv/detail/query__type_support.c.o[0m
[4.914s] [ 56%] [32m[1mLinking CXX shared library libperson_msgs__rosidl_typesupport_cpp.so[0m
[4.917s] [ 58%] [32m[1mLinking CXX shared library libperson_msgs__rosidl_typesupport_introspection_cpp.so[0m
[4.929s] [ 61%] [32m[1mLinking C shared library libperson_msgs__rosidl_typesupport_introspection_c.so[0m
[4.967s] [ 61%] Built target person_msgs__rosidl_typesupport_c
[4.980s] [ 61%] Built target person_msgs__rosidl_typesupport_introspection_c
[4.980s] [ 61%] Built target person_msgs__rosidl_typesupport_cpp
[4.999s] [ 61%] Built target person_msgs__rosidl_typesupport_introspection_cpp
[5.048s] [ 64%] [32m[1mLinking CXX shared library libperson_msgs__rosidl_typesupport_fastrtps_cpp.so[0m
[5.133s] [ 64%] Built target person_msgs__rosidl_typesupport_fastrtps_cpp
[5.140s] [ 66%] [34m[1mGenerating C type support for eProsima Fast-RTPS[0m
[5.315s] [35m[1mScanning dependencies of target person_msgs__rosidl_typesupport_fastrtps_c[0m
[5.327s] [ 71%] [32mBuilding CXX object CMakeFiles/person_msgs__rosidl_typesupport_fastrtps_c.dir/rosidl_typesupport_fastrtps_c/person_msgs/msg/detail/person__type_support_c.cpp.o[0m
[5.327s] [ 71%] [32mBuilding CXX object CMakeFiles/person_msgs__rosidl_typesupport_fastrtps_c.dir/rosidl_typesupport_fastrtps_c/person_msgs/srv/detail/query__type_support_c.cpp.o[0m
[5.556s] [ 74%] [32m[1mLinking CXX shared library libperson_msgs__rosidl_typesupport_fastrtps_c.so[0m
[5.635s] [ 74%] Built target person_msgs__rosidl_typesupport_fastrtps_c
[5.648s] [ 74%] Built target person_msgs
[5.655s] [35m[1mScanning dependencies of target person_msgs__py[0m
[5.664s] [ 76%] [34m[1mGenerating Python code for ROS interfaces[0m
[6.019s] [ 76%] Built target person_msgs__py
[6.027s] [35m[1mScanning dependencies of target person_msgs__python[0m
[6.038s] [ 82%] [32mBuilding C object CMakeFiles/person_msgs__python.dir/rosidl_generator_py/person_msgs/srv/_query_s.c.o[0m
[6.038s] [ 82%] [32mBuilding C object CMakeFiles/person_msgs__python.dir/rosidl_generator_py/person_msgs/msg/_person_s.c.o[0m
[6.112s] [ 84%] [32m[1mLinking C shared library rosidl_generator_py/person_msgs/libperson_msgs__python.so[0m
[6.169s] [ 84%] Built target person_msgs__python
[6.177s] [35m[1mScanning dependencies of target person_msgs__rosidl_typesupport_introspection_c__pyext[0m
[6.177s] [35m[1mScanning dependencies of target person_msgs__rosidl_typesupport_c__pyext[0m
[6.177s] [35m[1mScanning dependencies of target person_msgs__rosidl_typesupport_fastrtps_c__pyext[0m
[6.187s] [ 89%] [32mBuilding C object CMakeFiles/person_msgs__rosidl_typesupport_fastrtps_c__pyext.dir/rosidl_generator_py/person_msgs/_person_msgs_s.ep.rosidl_typesupport_fastrtps_c.c.o[0m
[6.187s] [ 89%] [32mBuilding C object CMakeFiles/person_msgs__rosidl_typesupport_c__pyext.dir/rosidl_generator_py/person_msgs/_person_msgs_s.ep.rosidl_typesupport_c.c.o[0m
[6.187s] [ 92%] [32mBuilding C object CMakeFiles/person_msgs__rosidl_typesupport_introspection_c__pyext.dir/rosidl_generator_py/person_msgs/_person_msgs_s.ep.rosidl_typesupport_introspection_c.c.o[0m
[6.244s] [ 94%] [32m[1mLinking C shared library rosidl_generator_py/person_msgs/person_msgs_s__rosidl_typesupport_c.cpython-38-x86_64-linux-gnu.so[0m
[6.253s] [ 97%] [32m[1mLinking C shared library rosidl_generator_py/person_msgs/person_msgs_s__rosidl_typesupport_introspection_c.cpython-38-x86_64-linux-gnu.so[0m
[6.258s] [100%] [32m[1mLinking CXX shared library rosidl_generator_py/person_msgs/person_msgs_s__rosidl_typesupport_fastrtps_c.cpython-38-x86_64-linux-gnu.so[0m
[6.304s] [100%] Built target person_msgs__rosidl_typesupport_c__pyext
[6.308s] [100%] Built target person_msgs__rosidl_typesupport_introspection_c__pyext
[6.328s] [100%] Built target person_msgs__rosidl_typesupport_fastrtps_c__pyext
[6.337s] Invoked command in '/home/ryousuke/ros2_ws/build/person_msgs' returned '0': CMAKE_PREFIX_PATH=${CMAKE_PREFIX_PATH}:/home/ryousuke/ros2_ws/install/mypkg:/opt/ros/foxy /usr/bin/cmake --build /home/ryousuke/ros2_ws/build/person_msgs -- -j8 -l8
[6.387s] Invoking command in '/home/ryousuke/ros2_ws/build/person_msgs': CMAKE_PREFIX_PATH=${CMAKE_PREFIX_PATH}:/home/ryousuke/ros2_ws/install/mypkg:/opt/ros/foxy /usr/bin/cmake --install /home/ryousuke/ros2_ws/build/person_msgs
[6.392s] -- Install configuration: ""
[6.392s] -- Installing: /home/ryousuke/ros2_ws/install/person_msgs/share/ament_index/resource_index/rosidl_interfaces/person_msgs
[6.392s] -- Up-to-date: /home/ryousuke/ros2_ws/install/person_msgs/include/person_msgs
[6.392s] -- Installing: /home/ryousuke/ros2_ws/install/person_msgs/include/person_msgs/srv
[6.393s] -- Installing: /home/ryousuke/ros2_ws/install/person_msgs/include/person_msgs/srv/query.h
[6.393s] -- Installing: /home/ryousuke/ros2_ws/install/person_msgs/include/person_msgs/srv/detail
[6.393s] -- Installing: /home/ryousuke/ros2_ws/install/person_msgs/include/person_msgs/srv/detail/query__functions.c
[6.393s] -- Installing: /home/ryousuke/ros2_ws/install/person_msgs/include/person_msgs/srv/detail/query__type_support.h
[6.393s] -- Installing: /home/ryousuke/ros2_ws/install/person_msgs/include/person_msgs/srv/detail/query__functions.h
[6.393s] -- Installing: /home/ryousuke/ros2_ws/install/person_msgs/include/person_msgs/srv/detail/query__struct.h
[6.393s] -- Up-to-date: /home/ryousuke/ros2_ws/install/person_msgs/include/person_msgs/msg
[6.393s] -- Installing: /home/ryousuke/ros2_ws/install/person_msgs/include/person_msgs/msg/person.h
[6.394s] -- Up-to-date: /home/ryousuke/ros2_ws/install/person_msgs/include/person_msgs/msg/rosidl_generator_c__visibility_control.h
[6.394s] -- Up-to-date: /home/ryousuke/ros2_ws/install/person_msgs/include/person_msgs/msg/detail
[6.394s] -- Installing: /home/ryousuke/ros2_ws/install/person_msgs/include/person_msgs/msg/detail/person__functions.c
[6.394s] -- Installing: /home/ryousuke/ros2_ws/install/person_msgs/include/person_msgs/msg/detail/person__type_support.h
[6.394s] -- Installing: /home/ryousuke/ros2_ws/install/person_msgs/include/person_msgs/msg/detail/person__functions.h
[6.394s] -- Installing: /home/ryousuke/ros2_ws/install/person_msgs/include/person_msgs/msg/detail/person__struct.h
[6.394s] -- Up-to-date: /home/ryousuke/ros2_ws/install/person_msgs/share/person_msgs/environment/library_path.sh
[6.394s] -- Installing: /home/ryousuke/ros2_ws/install/person_msgs/share/person_msgs/environment/library_path.dsv
[6.394s] -- Installing: /home/ryousuke/ros2_ws/install/person_msgs/lib/libperson_msgs__rosidl_generator_c.so
[6.395s] -- Set runtime path of "/home/ryousuke/ros2_ws/install/person_msgs/lib/libperson_msgs__rosidl_generator_c.so" to ""
[6.395s] -- Up-to-date: /home/ryousuke/ros2_ws/install/person_msgs/include/person_msgs
[6.395s] -- Up-to-date: /home/ryousuke/ros2_ws/install/person_msgs/include/person_msgs/srv
[6.395s] -- Up-to-date: /home/ryousuke/ros2_ws/install/person_msgs/include/person_msgs/srv/detail
[6.395s] -- Installing: /home/ryousuke/ros2_ws/install/person_msgs/include/person_msgs/srv/detail/query__rosidl_typesupport_fastrtps_c.h
[6.395s] -- Up-to-date: /home/ryousuke/ros2_ws/install/person_msgs/include/person_msgs/msg
[6.395s] -- Up-to-date: /home/ryousuke/ros2_ws/install/person_msgs/include/person_msgs/msg/rosidl_typesupport_fastrtps_c__visibility_control.h
[6.395s] -- Up-to-date: /home/ryousuke/ros2_ws/install/person_msgs/include/person_msgs/msg/detail
[6.395s] -- Installing: /home/ryousuke/ros2_ws/install/person_msgs/include/person_msgs/msg/detail/person__rosidl_typesupport_fastrtps_c.h
[6.396s] -- Installing: /home/ryousuke/ros2_ws/install/person_msgs/lib/libperson_msgs__rosidl_typesupport_fastrtps_c.so
[6.396s] -- Set runtime path of "/home/ryousuke/ros2_ws/install/person_msgs/lib/libperson_msgs__rosidl_typesupport_fastrtps_c.so" to ""
[6.396s] -- Up-to-date: /home/ryousuke/ros2_ws/install/person_msgs/include/person_msgs
[6.396s] -- Up-to-date: /home/ryousuke/ros2_ws/install/person_msgs/include/person_msgs/srv
[6.396s] -- Up-to-date: /home/ryousuke/ros2_ws/install/person_msgs/include/person_msgs/srv/detail
[6.396s] -- Installing: /home/ryousuke/ros2_ws/install/person_msgs/include/person_msgs/srv/detail/dds_fastrtps
[6.396s] -- Installing: /home/ryousuke/ros2_ws/install/person_msgs/include/person_msgs/srv/detail/query__rosidl_typesupport_fastrtps_cpp.hpp
[6.396s] -- Up-to-date: /home/ryousuke/ros2_ws/install/person_msgs/include/person_msgs/msg
[6.397s] -- Up-to-date: /home/ryousuke/ros2_ws/install/person_msgs/include/person_msgs/msg/rosidl_typesupport_fastrtps_cpp__visibility_control.h
[6.397s] -- Up-to-date: /home/ryousuke/ros2_ws/install/person_msgs/include/person_msgs/msg/detail
[6.397s] -- Up-to-date: /home/ryousuke/ros2_ws/install/person_msgs/include/person_msgs/msg/detail/dds_fastrtps
[6.397s] -- Installing: /home/ryousuke/ros2_ws/install/person_msgs/include/person_msgs/msg/detail/person__rosidl_typesupport_fastrtps_cpp.hpp
[6.397s] -- Installing: /home/ryousuke/ros2_ws/install/person_msgs/lib/libperson_msgs__rosidl_typesupport_fastrtps_cpp.so
[6.397s] -- Set runtime path of "/home/ryousuke/ros2_ws/install/person_msgs/lib/libperson_msgs__rosidl_typesupport_fastrtps_cpp.so" to ""
[6.397s] -- Up-to-date: /home/ryousuke/ros2_ws/install/person_msgs/include/person_msgs
[6.397s] -- Up-to-date: /home/ryousuke/ros2_ws/install/person_msgs/include/person_msgs/srv
[6.398s] -- Up-to-date: /home/ryousuke/ros2_ws/install/person_msgs/include/person_msgs/srv/detail
[6.398s] -- Installing: /home/ryousuke/ros2_ws/install/person_msgs/include/person_msgs/srv/detail/query__type_support.c
[6.398s] -- Installing: /home/ryousuke/ros2_ws/install/person_msgs/include/person_msgs/srv/detail/query__rosidl_typesupport_introspection_c.h
[6.398s] -- Up-to-date: /home/ryousuke/ros2_ws/install/person_msgs/include/person_msgs/msg
[6.398s] -- Up-to-date: /home/ryousuke/ros2_ws/install/person_msgs/include/person_msgs/msg/rosidl_typesupport_introspection_c__visibility_control.h
[6.398s] -- Up-to-date: /home/ryousuke/ros2_ws/install/person_msgs/include/person_msgs/msg/detail
[6.398s] -- Installing: /home/ryousuke/ros2_ws/install/person_msgs/include/person_msgs/msg/detail/person__type_support.c
[6.398s] -- Installing: /home/ryousuke/ros2_ws/install/person_msgs/include/person_msgs/msg/detail/person__rosidl_typesupport_introspection_c.h
[6.398s] -- Installing: /home/ryousuke/ros2_ws/install/person_msgs/lib/libperson_msgs__rosidl_typesupport_introspection_c.so
[6.398s] -- Set runtime path of "/home/ryousuke/ros2_ws/install/person_msgs/lib/libperson_msgs__rosidl_typesupport_introspection_c.so" to ""
[6.398s] -- Installing: /home/ryousuke/ros2_ws/install/person_msgs/lib/libperson_msgs__rosidl_typesupport_c.so
[6.399s] -- Set runtime path of "/home/ryousuke/ros2_ws/install/person_msgs/lib/libperson_msgs__rosidl_typesupport_c.so" to ""
[6.399s] -- Up-to-date: /home/ryousuke/ros2_ws/install/person_msgs/include/person_msgs
[6.399s] -- Up-to-date: /home/ryousuke/ros2_ws/install/person_msgs/include/person_msgs/srv
[6.399s] -- Installing: /home/ryousuke/ros2_ws/install/person_msgs/include/person_msgs/srv/query.hpp
[6.399s] -- Up-to-date: /home/ryousuke/ros2_ws/install/person_msgs/include/person_msgs/srv/detail
[6.399s] -- Installing: /home/ryousuke/ros2_ws/install/person_msgs/include/person_msgs/srv/detail/query__builder.hpp
[6.399s] -- Installing: /home/ryousuke/ros2_ws/install/person_msgs/include/person_msgs/srv/detail/query__struct.hpp
[6.399s] -- Installing: /home/ryousuke/ros2_ws/install/person_msgs/include/person_msgs/srv/detail/query__traits.hpp
[6.400s] -- Installing: /home/ryousuke/ros2_ws/install/person_msgs/include/person_msgs/srv/detail/query__type_support.hpp
[6.400s] -- Up-to-date: /home/ryousuke/ros2_ws/install/person_msgs/include/person_msgs/msg
[6.400s] -- Installing: /home/ryousuke/ros2_ws/install/person_msgs/include/person_msgs/msg/person.hpp
[6.400s] -- Up-to-date: /home/ryousuke/ros2_ws/install/person_msgs/include/person_msgs/msg/rosidl_generator_cpp__visibility_control.hpp
[6.400s] -- Up-to-date: /home/ryousuke/ros2_ws/install/person_msgs/include/person_msgs/msg/detail
[6.400s] -- Installing: /home/ryousuke/ros2_ws/install/person_msgs/include/person_msgs/msg/detail/person__builder.hpp
[6.400s] -- Installing: /home/ryousuke/ros2_ws/install/person_msgs/include/person_msgs/msg/detail/person__type_support.hpp
[6.400s] -- Installing: /home/ryousuke/ros2_ws/install/person_msgs/include/person_msgs/msg/detail/person__traits.hpp
[6.400s] -- Installing: /home/ryousuke/ros2_ws/install/person_msgs/include/person_msgs/msg/detail/person__struct.hpp
[6.401s] -- Up-to-date: /home/ryousuke/ros2_ws/install/person_msgs/include/person_msgs
[6.401s] -- Up-to-date: /home/ryousuke/ros2_ws/install/person_msgs/include/person_msgs/srv
[6.401s] -- Up-to-date: /home/ryousuke/ros2_ws/install/person_msgs/include/person_msgs/srv/detail
[6.401s] -- Installing: /home/ryousuke/ros2_ws/install/person_msgs/include/person_msgs/srv/detail/query__type_support.cpp
[6.401s] -- Installing: /home/ryousuke/ros2_ws/install/person_msgs/include/person_msgs/srv/detail/query__rosidl_typesupport_introspection_cpp.hpp
[6.401s] -- Up-to-date: /home/ryousuke/ros2_ws/install/person_msgs/include/person_msgs/msg
[6.401s] -- Up-to-date: /home/ryousuke/ros2_ws/install/person_msgs/include/person_msgs/msg/detail
[6.401s] -- Installing: /home/ryousuke/ros2_ws/install/person_msgs/include/person_msgs/msg/detail/person__rosidl_typesupport_introspection_cpp.hpp
[6.401s] -- Installing: /home/ryousuke/ros2_ws/install/person_msgs/include/person_msgs/msg/detail/person__type_support.cpp
[6.401s] -- Installing: /home/ryousuke/ros2_ws/install/person_msgs/lib/libperson_msgs__rosidl_typesupport_introspection_cpp.so
[6.402s] -- Set runtime path of "/home/ryousuke/ros2_ws/install/person_msgs/lib/libperson_msgs__rosidl_typesupport_introspection_cpp.so" to ""
[6.402s] -- Installing: /home/ryousuke/ros2_ws/install/person_msgs/lib/libperson_msgs__rosidl_typesupport_cpp.so
[6.402s] -- Set runtime path of "/home/ryousuke/ros2_ws/install/person_msgs/lib/libperson_msgs__rosidl_typesupport_cpp.so" to ""
[6.402s] -- Up-to-date: /home/ryousuke/ros2_ws/install/person_msgs/share/person_msgs/environment/pythonpath.sh
[6.402s] -- Installing: /home/ryousuke/ros2_ws/install/person_msgs/share/person_msgs/environment/pythonpath.dsv
[6.402s] -- Installing: /home/ryousuke/ros2_ws/install/person_msgs/lib/python3.8/site-packages/person_msgs/__init__.py
[6.421s] Compiling '/home/ryousuke/ros2_ws/install/person_msgs/lib/python3.8/site-packages/person_msgs/__init__.py'...
[6.424s] -- Up-to-date: /home/ryousuke/ros2_ws/install/person_msgs/lib/python3.8/site-packages/person_msgs/msg
[6.424s] -- Installing: /home/ryousuke/ros2_ws/install/person_msgs/lib/python3.8/site-packages/person_msgs/msg/_person.py
[6.424s] -- Installing: /home/ryousuke/ros2_ws/install/person_msgs/lib/python3.8/site-packages/person_msgs/msg/_person_s.c
[6.425s] -- Installing: /home/ryousuke/ros2_ws/install/person_msgs/lib/python3.8/site-packages/person_msgs/msg/__init__.py
[6.425s] -- Installing: /home/ryousuke/ros2_ws/install/person_msgs/lib/python3.8/site-packages/person_msgs/srv
[6.425s] -- Installing: /home/ryousuke/ros2_ws/install/person_msgs/lib/python3.8/site-packages/person_msgs/srv/_query_s.c
[6.425s] -- Installing: /home/ryousuke/ros2_ws/install/person_msgs/lib/python3.8/site-packages/person_msgs/srv/_query.py
[6.425s] -- Installing: /home/ryousuke/ros2_ws/install/person_msgs/lib/python3.8/site-packages/person_msgs/srv/__init__.py
[6.425s] -- Installing: /home/ryousuke/ros2_ws/install/person_msgs/lib/python3.8/site-packages/person_msgs/person_msgs_s__rosidl_typesupport_fastrtps_c.cpython-38-x86_64-linux-gnu.so
[6.426s] -- Set runtime path of "/home/ryousuke/ros2_ws/install/person_msgs/lib/python3.8/site-packages/person_msgs/person_msgs_s__rosidl_typesupport_fastrtps_c.cpython-38-x86_64-linux-gnu.so" to ""
[6.426s] -- Installing: /home/ryousuke/ros2_ws/install/person_msgs/lib/python3.8/site-packages/person_msgs/person_msgs_s__rosidl_typesupport_introspection_c.cpython-38-x86_64-linux-gnu.so
[6.426s] -- Set runtime path of "/home/ryousuke/ros2_ws/install/person_msgs/lib/python3.8/site-packages/person_msgs/person_msgs_s__rosidl_typesupport_introspection_c.cpython-38-x86_64-linux-gnu.so" to ""
[6.427s] -- Installing: /home/ryousuke/ros2_ws/install/person_msgs/lib/python3.8/site-packages/person_msgs/person_msgs_s__rosidl_typesupport_c.cpython-38-x86_64-linux-gnu.so
[6.427s] -- Set runtime path of "/home/ryousuke/ros2_ws/install/person_msgs/lib/python3.8/site-packages/person_msgs/person_msgs_s__rosidl_typesupport_c.cpython-38-x86_64-linux-gnu.so" to ""
[6.427s] -- Installing: /home/ryousuke/ros2_ws/install/person_msgs/lib/libperson_msgs__python.so
[6.427s] -- Set runtime path of "/home/ryousuke/ros2_ws/install/person_msgs/lib/libperson_msgs__python.so" to ""
[6.428s] -- Up-to-date: /home/ryousuke/ros2_ws/install/person_msgs/share/person_msgs/msg/Person.idl
[6.428s] -- Installing: /home/ryousuke/ros2_ws/install/person_msgs/share/person_msgs/srv/Query.idl
[6.428s] -- Up-to-date: /home/ryousuke/ros2_ws/install/person_msgs/share/person_msgs/msg/Person.msg
[6.428s] -- Installing: /home/ryousuke/ros2_ws/install/person_msgs/share/person_msgs/srv/Query.srv
[6.428s] -- Installing: /home/ryousuke/ros2_ws/install/person_msgs/share/person_msgs/srv/Query_Request.msg
[6.428s] -- Installing: /home/ryousuke/ros2_ws/install/person_msgs/share/person_msgs/srv/Query_Response.msg
[6.428s] -- Up-to-date: /home/ryousuke/ros2_ws/install/person_msgs/share/ament_index/resource_index/package_run_dependencies/person_msgs
[6.428s] -- Up-to-date: /home/ryousuke/ros2_ws/install/person_msgs/share/ament_index/resource_index/parent_prefix_path/person_msgs
[6.429s] -- Up-to-date: /home/ryousuke/ros2_ws/install/person_msgs/share/person_msgs/environment/ament_prefix_path.sh
[6.429s] -- Installing: /home/ryousuke/ros2_ws/install/person_msgs/share/person_msgs/environment/ament_prefix_path.dsv
[6.429s] -- Up-to-date: /home/ryousuke/ros2_ws/install/person_msgs/share/person_msgs/environment/path.sh
[6.429s] -- Installing: /home/ryousuke/ros2_ws/install/person_msgs/share/person_msgs/environment/path.dsv
[6.429s] -- Up-to-date: /home/ryousuke/ros2_ws/install/person_msgs/share/person_msgs/local_setup.bash
[6.429s] -- Up-to-date: /home/ryousuke/ros2_ws/install/person_msgs/share/person_msgs/local_setup.sh
[6.429s] -- Up-to-date: /home/ryousuke/ros2_ws/install/person_msgs/share/person_msgs/local_setup.zsh
[6.429s] -- Installing: /home/ryousuke/ros2_ws/install/person_msgs/share/person_msgs/local_setup.dsv
[6.429s] -- Installing: /home/ryousuke/ros2_ws/install/person_msgs/share/person_msgs/package.dsv
[6.429s] -- Up-to-date: /home/ryousuke/ros2_ws/install/person_msgs/share/ament_index/resource_index/packages/person_msgs
[6.430s] -- Up-to-date: /home/ryousuke/ros2_ws/install/person_msgs/share/person_msgs/cmake/person_msgs__rosidl_generator_cExport.cmake
[6.430s] -- Installing: /home/ryousuke/ros2_ws/install/person_msgs/share/person_msgs/cmake/person_msgs__rosidl_generator_cExport-noconfig.cmake
[6.430s] -- Up-to-date: /home/ryousuke/ros2_ws/install/person_msgs/share/person_msgs/cmake/person_msgs__rosidl_typesupport_introspection_cExport.cmake
[6.430s] -- Installing: /home/ryousuke/ros2_ws/install/person_msgs/share/person_msgs/cmake/person_msgs__rosidl_typesupport_introspection_cExport-noconfig.cmake
[6.430s] -- Up-to-date: /home/ryousuke/ros2_ws/install/person_msgs/share/person_msgs/cmake/person_msgs__rosidl_typesupport_cExport.cmake
[6.430s] -- Installing: /home/ryousuke/ros2_ws/install/person_msgs/share/person_msgs/cmake/person_msgs__rosidl_typesupport_cExport-noconfig.cmake
[6.431s] -- Up-to-date: /home/ryousuke/ros2_ws/install/person_msgs/share/person_msgs/cmake/person_msgs__rosidl_generator_cppExport.cmake
[6.431s] -- Up-to-date: /home/ryousuke/ros2_ws/install/person_msgs/share/person_msgs/cmake/person_msgs__rosidl_typesupport_introspection_cppExport.cmake
[6.431s] -- Installing: /home/ryousuke/ros2_ws/install/person_msgs/share/person_msgs/cmake/person_msgs__rosidl_typesupport_introspection_cppExport-noconfig.cmake
[6.431s] -- Up-to-date: /home/ryousuke/ros2_ws/install/person_msgs/share/person_msgs/cmake/person_msgs__rosidl_typesupport_cppExport.cmake
[6.431s] -- Installing: /home/ryousuke/ros2_ws/install/person_msgs/share/person_msgs/cmake/person_msgs__rosidl_typesupport_cppExport-noconfig.cmake
[6.431s] -- Installing: /home/ryousuke/ros2_ws/install/person_msgs/share/person_msgs/cmake/rosidl_cmake-extras.cmake
[6.432s] -- Up-to-date: /home/ryousuke/ros2_ws/install/person_msgs/share/person_msgs/cmake/ament_cmake_export_dependencies-extras.cmake
[6.432s] -- Up-to-date: /home/ryousuke/ros2_ws/install/person_msgs/share/person_msgs/cmake/ament_cmake_export_libraries-extras.cmake
[6.432s] -- Up-to-date: /home/ryousuke/ros2_ws/install/person_msgs/share/person_msgs/cmake/ament_cmake_export_targets-extras.cmake
[6.432s] -- Up-to-date: /home/ryousuke/ros2_ws/install/person_msgs/share/person_msgs/cmake/ament_cmake_export_include_directories-extras.cmake
[6.432s] -- Up-to-date: /home/ryousuke/ros2_ws/install/person_msgs/share/person_msgs/cmake/rosidl_cmake_export_typesupport_libraries-extras.cmake
[6.432s] -- Up-to-date: /home/ryousuke/ros2_ws/install/person_msgs/share/person_msgs/cmake/rosidl_cmake_export_typesupport_targets-extras.cmake
[6.432s] -- Up-to-date: /home/ryousuke/ros2_ws/install/person_msgs/share/person_msgs/cmake/person_msgsConfig.cmake
[6.432s] -- Up-to-date: /home/ryousuke/ros2_ws/install/person_msgs/share/person_msgs/cmake/person_msgsConfig-version.cmake
[6.432s] -- Up-to-date: /home/ryousuke/ros2_ws/install/person_msgs/share/person_msgs/package.xml
[6.435s] Invoked command in '/home/ryousuke/ros2_ws/build/person_msgs' returned '0': CMAKE_PREFIX_PATH=${CMAKE_PREFIX_PATH}:/home/ryousuke/ros2_ws/install/mypkg:/opt/ros/foxy /usr/bin/cmake --install /home/ryousuke/ros2_ws/build/person_msgs
